2025-05-15 00:00:23.932 [INFO] Command error:  opensearch Pulling 
 19c84195fcd2 Pulling fs layer 
 345138bef4c6 Pulling fs layer 
 4f4fb700ef54 Pulling fs layer 
 551c4c46ebbf Pulling fs layer 
 19c84195fcd2 Already exists 
 345138bef4c6 Downloading [============================================>      ]  671.1MB/753.4MB
 4f4fb700ef54 Already exists 
 551c4c46ebbf Already exists 
 345138bef4c6 Downloading [============================================>      ]  672.1MB/753.4MB
 345138bef4c6 Downloading [============================================>      ]  674.2MB/753.4MB
 345138bef4c6 Downloading [============================================>      ]  675.3MB/753.4MB
 345138bef4c6 Downloading [============================================>      ]  676.3MB/753.4MB
 345138bef4c6 Downloading [============================================>      ]  677.4MB/753.4MB
 345138bef4c6 Downloading [=============================================>     ]  678.4MB/753.4MB
 345138bef4c6 Downloading [=============================================>     ]  680.5MB/753.4MB
 345138bef4c6 Downloading [=============================================>     ]  681.6MB/753.4MB
 345138bef4c6 Downloading [=============================================>     ]  683.7MB/753.4MB
 345138bef4c6 Downloading [=============================================>     ]  684.7MB/753.4MB
 345138bef4c6 Downloading [=============================================>     ]  685.8MB/753.4MB
 345138bef4c6 Downloading [=============================================>     ]  687.9MB/753.4MB
 345138bef4c6 Downloading [=============================================>     ]  688.9MB/753.4MB
 345138bef4c6 Downloading [=============================================>     ]  690.2MB/753.4MB
 345138bef4c6 Downloading [=============================================>     ]  692.1MB/753.4MB
 345138bef4c6 Downloading [==============================================>    ]  694.2MB/753.4MB
 345138bef4c6 Downloading [==============================================>    ]  694.2MB/753.4MB
 345138bef4c6 Downloading [==============================================>    ]  697.3MB/753.4MB
 345138bef4c6 Downloading [==============================================>    ]  698.4MB/753.4MB
 345138bef4c6 Downloading [==============================================>    ]  698.4MB/753.4MB
 345138bef4c6 Downloading [==============================================>    ]  700.4MB/753.4MB
 345138bef4c6 Downloading [==============================================>    ]  701.5MB/753.4MB
 345138bef4c6 Downloading [==============================================>    ]  702.5MB/753.4MB
 345138bef4c6 Downloading [==============================================>    ]  703.6MB/753.4MB
 345138bef4c6 Downloading [==============================================>    ]  705.7MB/753.4MB
 345138bef4c6 Downloading [==============================================>    ]  706.7MB/753.4MB
 345138bef4c6 Downloading [==============================================>    ]  707.8MB/753.4MB
 345138bef4c6 Downloading [==============================================>    ]  707.8MB/753.4MB
 345138bef4c6 Downloading [==============================================>    ]  707.8MB/753.4MB
 345138bef4c6 Downloading [==============================================>    ]  707.8MB/753.4MB
 345138bef4c6 Downloading [==============================================>    ]  707.8MB/753.4MB
 345138bef4c6 Downloading [==============================================>    ]  707.8MB/753.4MB
 345138bef4c6 Downloading [==============================================>    ]  707.8MB/753.4MB
 345138bef4c6 Downloading [===============================================>   ]  708.8MB/753.4MB
 345138bef4c6 Downloading [===============================================>   ]  709.9MB/753.4MB
 345138bef4c6 Downloading [===============================================>   ]  710.9MB/753.4MB
 345138bef4c6 Downloading [===============================================>   ]    712MB/753.4MB
 345138bef4c6 Downloading [===============================================>   ]    713MB/753.4MB
 345138bef4c6 Downloading [===============================================>   ]  715.1MB/753.4MB
 345138bef4c6 Downloading [===============================================>   ]  717.2MB/753.4MB
 345138bef4c6 Downloading [===============================================>   ]  718.3MB/753.4MB
 345138bef4c6 Downloading [===============================================>   ]  719.3MB/753.4MB
 345138bef4c6 Downloading [===============================================>   ]  719.3MB/753.4MB
 345138bef4c6 Downloading [===============================================>   ]  719.3MB/753.4MB
 345138bef4c6 Downloading [===============================================>   ]  721.4MB/753.4MB
 345138bef4c6 Downloading [===============================================>   ]  721.4MB/753.4MB
 345138bef4c6 Downloading [===============================================>   ]  722.5MB/753.4MB
 345138bef4c6 Downloading [================================================>  ]  724.6MB/7... [truncated]
2025-05-15 00:00:23.937 [INFO] Error starting Docker containers:  opensearch Pulling 
 19c84195fcd2 Pulling fs layer 
 345138bef4c6 Pulling fs layer 
 4f4fb700ef54 Pulling fs layer 
 551c4c46ebbf Pulling fs layer 
 19c84195fcd2 Already exists 
 345138bef4c6 Downloading [============================================>      ]  671.1MB/753.4MB
 4f4fb700ef54 Already exists 
 551c4c46ebbf Already exists 
 345138bef4c6 Downloading [============================================>      ]  672.1MB/753.4MB
 345138bef4c6 Downloading [============================================>      ]  674.2MB/753.4MB
 345138bef4c6 Downloading [============================================>      ]  675.3MB/753.4MB
 345138bef4c6 Downloading [============================================>      ]  676.3MB/753.4MB
 345138bef4c6 Downloading [============================================>      ]  677.4MB/753.4MB
 345138bef4c6 Downloading [=============================================>     ]  678.4MB/753.4MB
 345138bef4c6 Downloading [=============================================>     ]  680.5MB/753.4MB
 345138bef4c6 Downloading [=============================================>     ]  681.6MB/753.4MB
 345138bef4c6 Downloading [=============================================>     ]  683.7MB/753.4MB
 345138bef4c6 Downloading [=============================================>     ]  684.7MB/753.4MB
 345138bef4c6 Downloading [=============================================>     ]  685.8MB/753.4MB
 345138bef4c6 Downloading [=============================================>     ]  687.9MB/753.4MB
 345138bef4c6 Downloading [=============================================>     ]  688.9MB/753.4MB
 345138bef4c6 Downloading [=============================================>     ]  690.2MB/753.4MB
 345138bef4c6 Downloading [=============================================>     ]  692.1MB/753.4MB
 345138bef4c6 Downloading [==============================================>    ]  694.2MB/753.4MB
 345138bef4c6 Downloading [==============================================>    ]  694.2MB/753.4MB
 345138bef4c6 Downloading [==============================================>    ]  697.3MB/753.4MB
 345138bef4c6 Downloading [==============================================>    ]  698.4MB/753.4MB
 345138bef4c6 Downloading [==============================================>    ]  698.4MB/753.4MB
 345138bef4c6 Downloading [==============================================>    ]  700.4MB/753.4MB
 345138bef4c6 Downloading [==============================================>    ]  701.5MB/753.4MB
 345138bef4c6 Downloading [==============================================>    ]  702.5MB/753.4MB
 345138bef4c6 Downloading [==============================================>    ]  703.6MB/753.4MB
 345138bef4c6 Downloading [==============================================>    ]  705.7MB/753.4MB
 345138bef4c6 Downloading [==============================================>    ]  706.7MB/753.4MB
 345138bef4c6 Downloading [==============================================>    ]  707.8MB/753.4MB
 345138bef4c6 Downloading [==============================================>    ]  707.8MB/753.4MB
 345138bef4c6 Downloading [==============================================>    ]  707.8MB/753.4MB
 345138bef4c6 Downloading [==============================================>    ]  707.8MB/753.4MB
 345138bef4c6 Downloading [==============================================>    ]  707.8MB/753.4MB
 345138bef4c6 Downloading [==============================================>    ]  707.8MB/753.4MB
 345138bef4c6 Downloading [==============================================>    ]  707.8MB/753.4MB
 345138bef4c6 Downloading [===============================================>   ]  708.8MB/753.4MB
 345138bef4c6 Downloading [===============================================>   ]  709.9MB/753.4MB
 345138bef4c6 Downloading [===============================================>   ]  710.9MB/753.4MB
 345138bef4c6 Downloading [===============================================>   ]    712MB/753.4MB
 345138bef4c6 Downloading [===============================================>   ]    713MB/753.4MB
 345138bef4c6 Downloading [===============================================>   ]  715.1MB/753.4MB
 345138bef4c6 Downloading [===============================================>   ]  717.2MB/753.4MB
 345138bef4c6 Downloading [===============================================>   ]  718.3MB/753.4MB
 345138bef4c6 Downloading [===============================================>   ]  719.3MB/753.4MB
 345138bef4c6 Downloading [===============================================>   ]  719.3MB/753.4MB
 345138bef4c6 Downloading [===============================================>   ]  719.3MB/753.4MB
 345138bef4c6 Downloading [===============================================>   ]  721.4MB/753.4MB
 345138bef4c6 Downloading [===============================================>   ]  721.4MB/753.4MB
 345138bef4c6 Downloading [===============================================>   ]  722.5MB/753.4MB
 345138bef4c6 Downloading [============================================... [truncated]
2025-05-15 00:00:26.775 [INFO] Command error:  opensearch Pulling 
 128d54f2c9b1 Pulling fs layer 
 551c4c46ebbf Pulling fs layer 
 345138bef4c6 Pulling fs layer 
 0449471b8317 Pulling fs layer 
 1c73f4eb6b58 Pulling fs layer 
 4f4fb700ef54 Pulling fs layer 
 19c84195fcd2 Pulling fs layer 
 4f4fb700ef54 Already exists 
 551c4c46ebbf Download complete 
 128d54f2c9b1 Downloading [>                                                  ]  1.049MB/62.48MB
 19c84195fcd2 Downloading [==================================================>]  1.658kB/1.658kB
 128d54f2c9b1 Downloading [=>                                                 ]  2.097MB/62.48MB
 128d54f2c9b1 Downloading [==>                                                ]  3.146MB/62.48MB
 0449471b8317 Download complete 
 19c84195fcd2 Download complete 
 128d54f2c9b1 Downloading [==>                                                ]  3.146MB/62.48MB
 128d54f2c9b1 Downloading [===>                                               ]  4.194MB/62.48MB
 345138bef4c6 Downloading [>                                                  ]  1.049MB/753.4MB
 128d54f2c9b1 Downloading [===>                                               ]  4.194MB/62.48MB
 1c73f4eb6b58 Downloading [===>                                               ]  1.049MB/15.25MB
 345138bef4c6 Downloading [>                                                  ]  1.049MB/753.4MB
 128d54f2c9b1 Downloading [===>                                               ]  4.194MB/62.48MB
 1c73f4eb6b58 Downloading [===>                                               ]  1.049MB/15.25MB
 345138bef4c6 Downloading [>                                                  ]  1.049MB/753.4MB
 128d54f2c9b1 Downloading [====>                                              ]  5.243MB/62.48MB
 345138bef4c6 Downloading [>                                                  ]  2.097MB/753.4MB
 128d54f2c9b1 Downloading [====>                                              ]  5.243MB/62.48MB
 1c73f4eb6b58 Downloading [======>                                            ]  2.097MB/15.25MB
 1c73f4eb6b58 Downloading [======>                                            ]  2.097MB/15.25MB
 345138bef4c6 Downloading [>                                                  ]  2.097MB/753.4MB
 128d54f2c9b1 Downloading [=====>                                             ]  6.291MB/62.48MB
 1c73f4eb6b58 Downloading [======>                                            ]  2.097MB/15.25MB
 345138bef4c6 Downloading [>                                                  ]  2.097MB/753.4MB
 128d54f2c9b1 Downloading [=====>                                             ]  6.291MB/62.48MB
 1c73f4eb6b58 Downloading [==========>                                        ]  3.146MB/15.25MB
 345138bef4c6 Downloading [>                                                  ]  3.146MB/753.4MB
 128d54f2c9b1 Downloading [=====>                                             ]  6.291MB/62.48MB
 1c73f4eb6b58 Downloading [==========>                                        ]  3.146MB/15.25MB
 345138bef4c6 Downloading [>                                                  ]  3.146MB/753.4MB
 128d54f2c9b1 Downloading [=====>                                             ]   7.34MB/62.48MB
 1c73f4eb6b58 Downloading [==========>                                        ]  3.146MB/15.25MB
 345138bef4c6 Downloading [>                                                  ]  3.146MB/753.4MB
 128d54f2c9b1 Downloading [=====>                                             ]   7.34MB/62.48MB
 1c73f4eb6b58 Downloading [=============>                                     ]  4.194MB/15.25MB
 345138bef4c6 Downloading [>                                                  ]  4.194MB/753.4MB
 128d54f2c9b1 Downloading [=====>                                             ]   7.34MB/62.48MB
 345138bef4c6 Downloading [>                                                  ]  4.194MB/753.4MB
 128d54f2c9b1 Downloading [======>                                            ]  8.389MB/62.48MB
 1c73f4eb6b58 Downloading [=============>                                     ]  4.194MB/15.25MB
 1c73f4eb6b58 Downloading [=================>                                 ]  5.243MB/15.25MB
 345138bef4c6 Downloading [>                                                  ]  4.694MB/753.4MB
 128d54f2c9b1 Downloading [======>                                            ]  8.389MB/62.48MB
 1c73f4eb6b58 Downloading [=================>                                 ]  5.243MB/15.25MB
 345138bef4c6 Downloading [>                                                  ]  5.243MB/753.4MB
 128d54f2c9b1 Downloading [======>                                            ]  8.389MB/62.48MB
 1c73f4eb6b58 Downloading [=================>                                 ]  5.243MB/15.25MB
 345138bef4c6 Downloading [>                                                  ]  5.243MB/753.4MB
 128d54f2c9b1 Downloading [======>                                            ]  8.733MB/62.48MB
 1c73f4eb6b58 Downloading [====================>    ... [truncated]
2025-05-15 00:00:26.814 [INFO] Waiting for redis to be ready at localhost:6382...
2025-05-15 00:00:27.482 [INFO] TCP connection to localhost:6382 successful
2025-05-15 00:00:27.667 [INFO] redis at localhost:6382 is ready!
2025-05-15 00:00:27.669 [INFO] Waiting for generic to be ready at localhost:9200...
2025-05-15 00:00:27.691 [INFO] TCP connection to localhost:9200 successful
2025-05-15 00:00:27.694 [INFO] generic at localhost:9200 is ready (TCP connection successful)!
2025-05-15 00:00:27.709 [INFO] Waiting for generic to be ready at localhost:9600...
2025-05-15 00:00:27.723 [INFO] TCP connection to localhost:9600 successful
2025-05-15 00:00:27.725 [INFO] generic at localhost:9600 is ready (TCP connection successful)!
2025-05-15 00:01:53.585 [INFO] ++++++++++ Creating EntityUtils
2025-05-15 00:01:53.587 [INFO] ++++++++++ EntityUtils custom_serializers: {}
2025-05-15 00:01:53.595 [INFO] ++++++++++ Creating EntityUtils
2025-05-15 00:01:53.596 [INFO] ++++++++++ EntityUtils custom_serializers: {}
2025-05-15 00:01:53.602 [INFO] ++++++++++ Creating EntityUtils
2025-05-15 00:01:53.603 [INFO] ++++++++++ EntityUtils custom_serializers: {}
2025-05-15 00:02:05.561 [INFO] ++++++++++ Creating EntityUtils
2025-05-15 00:02:05.564 [INFO] ++++++++++ EntityUtils custom_serializers: {}
2025-05-15 00:02:05.575 [INFO] ++++++++++ Creating EntityUtils
2025-05-15 00:02:05.577 [INFO] ++++++++++ EntityUtils custom_serializers: {}
2025-05-15 00:02:05.582 [INFO] ++++++++++ Creating EntityUtils
2025-05-15 00:02:05.583 [INFO] ++++++++++ EntityUtils custom_serializers: {}
2025-05-15 00:02:18.811 [INFO] Setting up test environment...
2025-05-15 00:02:18.813 [INFO] Removing .\.pytest_cache
2025-05-15 00:02:19.024 [INFO] Test files in this session: {'c:\\Users\\Phil\\Desktop\\Projects\\shared-libs\\python\\log\\tests\\test_opensearch.py'}
2025-05-15 00:02:19.025 [INFO] Running command: docker info
2025-05-15 00:02:21.532 [INFO] Command output: Client:
 Version:    28.0.4
 Context:    desktop-linux
 Debug Mode: false
 Plugins:
  ai: Docker AI Agent - Ask Gordon (Docker Inc.)
    Version:  v1.1.3
    Path:     C:\Program Files\Docker\cli-plugins\docker-ai.exe
  buildx: Docker Buildx (Docker Inc.)
    Version:  v0.22.0-desktop.1
    Path:     C:\Program Files\Docker\cli-plugins\docker-buildx.exe
  cloud: Docker Cloud (Docker Inc.)
    Version:  0.2.20
    Path:     C:\Program Files\Docker\cli-plugins\docker-cloud.exe
  compose: Docker Compose (Docker Inc.)
    Version:  v2.34.0-desktop.1
    Path:     C:\Program Files\Docker\cli-plugins\docker-compose.exe
  debug: Get a shell into any image or container (Docker Inc.)
    Version:  0.0.38
    Path:     C:\Program Files\Docker\cli-plugins\docker-debug.exe
  desktop: Docker Desktop commands (Beta) (Docker Inc.)
    Version:  v0.1.6
    Path:     C:\Program Files\Docker\cli-plugins\docker-desktop.exe
  dev: Docker Dev Environments (Docker Inc.)
    Version:  v0.1.2
    Path:     C:\Program Files\Docker\cli-plugins\docker-dev.exe
  extension: Manages Docker extensions (Docker Inc.)
    Version:  v0.2.27
    Path:     C:\Program Files\Docker\cli-plugins\docker-extension.exe
  init: Creates Docker-related starter files for your project (Docker Inc.)
    Version:  v1.4.0
    Path:     C:\Program Files\Docker\cli-plugins\docker-init.exe
  sbom: View the packaged-based Software Bill Of Materials (SBOM) for an image (Anchore Inc.)
    Version:  0.6.0
    Path:     C:\Program Files\Docker\cli-plugins\docker-sbom.exe
  scout: Docker Scout (Docker Inc.)
    Version:  v1.17.0
    Path:     C:\Program Files\Docker\cli-plugins\docker-scout.exe

Server:
 Containers: 4
  Running: 4
  Paused: 0
  Stopped: 0
 Images: 9
 Server Version: 28.0.4
 Storage Driver: overlayfs
  driver-type: io.containerd.snapshotter.v1
 Logging Driver: json-file
 Cgroup Driver: cgroupfs
 Cgroup Version: 1
 Plugins:
  Volume: local
  Network: bridge host ipvlan macvlan null overlay
  Log: awslogs fluentd gcplogs gelf journald json-file local splunk syslog
 CDI spec directories:
  /etc/cdi
  /var/run/cdi
 Swarm: inactive
 Runtimes: io.containerd.runc.v2 nvidia runc
 Default Runtime: runc
 Init Binary: docker-init
 containerd version: 753481ec61c7c8955a23d6ff7bc8e4daed455734
 runc version: v1.2.5-0-g59923ef
 init version: de40ad0
 Security Options:
  seccomp
   Profile: unconfined
 Kernel Version: 5.15.167.4-microsoft-standard-WSL2
 Operating System: Docker Desktop
 OSType: linux
 Architecture: x86_64
 CPUs: 4
 Total Memory: 7.649GiB
 Name: docker-desktop
 ID: bd414c6b-a391-41c8-9560-cbfc52f7f58d
 Docker Root Dir: /var/lib/docker
 Debug Mode: false
 HTTP Proxy: http.docker.internal:3128
 HTTPS Proxy: http.docker.internal:3128
 No Proxy: hubproxy.docker.internal
 Labels:
  com.docker.desktop.address=npipe://\\.\pipe\docker_cli
 Experimental: false
 Insecure Registries:
  hubproxy.docker.internal:5555
  ::1/128
  127.0.0.0/8
 Live Restore Enabled: false


2025-05-15 00:02:21.533 [INFO] Command error: WARNING: No blkio throttle.read_bps_device support
WARNING: No blkio throttle.write_bps_device support
WARNING: No blkio throttle.read_iops_device support
WARNING: No blkio throttle.write_iops_device support
WARNING: DOCKER_INSECURE_NO_IPTABLES_RAW is set
WARNING: daemon is not using the default seccomp profile

2025-05-15 00:02:21.534 [INFO] Found Docker Compose file for c:\Users\Phil\Desktop\Projects\shared-libs\python\log\tests\test_opensearch.py: c:\Users\Phil\Desktop\Projects\shared-libs\python\log\tests\docker-compose.yml
2025-05-15 00:02:21.538 [INFO] Detected the following services in c:\Users\Phil\Desktop\Projects\shared-libs\python\log\tests\docker-compose.yml:
2025-05-15 00:02:21.539 [INFO]   - redis: {}:localhost (container port: 6382)
2025-05-15 00:02:21.540 [INFO]   - generic: {}:localhost (container port: 9200)
2025-05-15 00:02:21.543 [INFO]   - generic: {}:localhost (container port: 9600)
2025-05-15 00:02:21.544 [INFO] Running command: docker-compose -f c:\Users\Phil\Desktop\Projects\shared-libs\python\log\tests\docker-compose.yml -p test-log up -d
2025-05-15 00:02:22.813 [INFO] Command error:  Container test-opensearch  Running
 Container test-log-redis-1  Running

2025-05-15 00:02:22.814 [INFO] Waiting for redis to be ready at localhost:6382...
2025-05-15 00:02:22.845 [INFO] TCP connection to localhost:6382 successful
2025-05-15 00:02:22.855 [INFO] redis at localhost:6382 is ready!
2025-05-15 00:02:22.856 [INFO] Waiting for generic to be ready at localhost:9200...
2025-05-15 00:02:22.858 [INFO] TCP connection to localhost:9200 successful
2025-05-15 00:02:22.859 [INFO] generic at localhost:9200 is ready (TCP connection successful)!
2025-05-15 00:02:22.861 [INFO] Waiting for generic to be ready at localhost:9600...
2025-05-15 00:02:22.866 [INFO] TCP connection to localhost:9600 successful
2025-05-15 00:02:22.867 [INFO] generic at localhost:9600 is ready (TCP connection successful)!
2025-05-15 00:02:24.338 [INFO] Tearing down test environment...
2025-05-15 00:02:24.428 [INFO] Running command: 
2025-05-15 00:04:36.724 [INFO] ++++++++++ Creating EntityUtils
2025-05-15 00:04:36.726 [INFO] ++++++++++ EntityUtils custom_serializers: {}
2025-05-15 00:04:36.742 [INFO] ++++++++++ Creating EntityUtils
2025-05-15 00:04:36.744 [INFO] ++++++++++ EntityUtils custom_serializers: {}
2025-05-15 00:04:36.753 [INFO] ++++++++++ Creating EntityUtils
2025-05-15 00:04:36.754 [INFO] ++++++++++ EntityUtils custom_serializers: {}
2025-05-15 00:05:00.148 [INFO] ++++++++++ Creating EntityUtils
2025-05-15 00:05:00.150 [INFO] ++++++++++ EntityUtils custom_serializers: {}
2025-05-15 00:05:00.162 [INFO] ++++++++++ Creating EntityUtils
2025-05-15 00:05:00.163 [INFO] ++++++++++ EntityUtils custom_serializers: {}
2025-05-15 00:05:00.167 [INFO] ++++++++++ Creating EntityUtils
2025-05-15 00:05:00.168 [INFO] ++++++++++ EntityUtils custom_serializers: {}
2025-05-15 00:05:09.513 [INFO] Setting up test environment...
2025-05-15 00:05:09.515 [INFO] Removing .\.pytest_cache
2025-05-15 00:05:09.554 [INFO] Test files in this session: {'c:\\Users\\Phil\\Desktop\\Projects\\shared-libs\\python\\log\\tests\\test_opensearch.py'}
2025-05-15 00:05:09.555 [INFO] Running command: docker info
2025-05-15 00:05:10.077 [INFO] Command output: Client:
 Version:    28.0.4
 Context:    desktop-linux
 Debug Mode: false
 Plugins:
  ai: Docker AI Agent - Ask Gordon (Docker Inc.)
    Version:  v1.1.3
    Path:     C:\Program Files\Docker\cli-plugins\docker-ai.exe
  buildx: Docker Buildx (Docker Inc.)
    Version:  v0.22.0-desktop.1
    Path:     C:\Program Files\Docker\cli-plugins\docker-buildx.exe
  cloud: Docker Cloud (Docker Inc.)
    Version:  0.2.20
    Path:     C:\Program Files\Docker\cli-plugins\docker-cloud.exe
  compose: Docker Compose (Docker Inc.)
    Version:  v2.34.0-desktop.1
    Path:     C:\Program Files\Docker\cli-plugins\docker-compose.exe
  debug: Get a shell into any image or container (Docker Inc.)
    Version:  0.0.38
    Path:     C:\Program Files\Docker\cli-plugins\docker-debug.exe
  desktop: Docker Desktop commands (Beta) (Docker Inc.)
    Version:  v0.1.6
    Path:     C:\Program Files\Docker\cli-plugins\docker-desktop.exe
  dev: Docker Dev Environments (Docker Inc.)
    Version:  v0.1.2
    Path:     C:\Program Files\Docker\cli-plugins\docker-dev.exe
  extension: Manages Docker extensions (Docker Inc.)
    Version:  v0.2.27
    Path:     C:\Program Files\Docker\cli-plugins\docker-extension.exe
  init: Creates Docker-related starter files for your project (Docker Inc.)
    Version:  v1.4.0
    Path:     C:\Program Files\Docker\cli-plugins\docker-init.exe
  sbom: View the packaged-based Software Bill Of Materials (SBOM) for an image (Anchore Inc.)
    Version:  0.6.0
    Path:     C:\Program Files\Docker\cli-plugins\docker-sbom.exe
  scout: Docker Scout (Docker Inc.)
    Version:  v1.17.0
    Path:     C:\Program Files\Docker\cli-plugins\docker-scout.exe

Server:
 Containers: 4
  Running: 4
  Paused: 0
  Stopped: 0
 Images: 9
 Server Version: 28.0.4
 Storage Driver: overlayfs
  driver-type: io.containerd.snapshotter.v1
 Logging Driver: json-file
 Cgroup Driver: cgroupfs
 Cgroup Version: 1
 Plugins:
  Volume: local
  Network: bridge host ipvlan macvlan null overlay
  Log: awslogs fluentd gcplogs gelf journald json-file local splunk syslog
 CDI spec directories:
  /etc/cdi
  /var/run/cdi
 Swarm: inactive
 Runtimes: io.containerd.runc.v2 nvidia runc
 Default Runtime: runc
 Init Binary: docker-init
 containerd version: 753481ec61c7c8955a23d6ff7bc8e4daed455734
 runc version: v1.2.5-0-g59923ef
 init version: de40ad0
 Security Options:
  seccomp
   Profile: unconfined
 Kernel Version: 5.15.167.4-microsoft-standard-WSL2
 Operating System: Docker Desktop
 OSType: linux
 Architecture: x86_64
 CPUs: 4
 Total Memory: 7.649GiB
 Name: docker-desktop
 ID: bd414c6b-a391-41c8-9560-cbfc52f7f58d
 Docker Root Dir: /var/lib/docker
 Debug Mode: false
 HTTP Proxy: http.docker.internal:3128
 HTTPS Proxy: http.docker.internal:3128
 No Proxy: hubproxy.docker.internal
 Labels:
  com.docker.desktop.address=npipe://\\.\pipe\docker_cli
 Experimental: false
 Insecure Registries:
  hubproxy.docker.internal:5555
  ::1/128
  127.0.0.0/8
 Live Restore Enabled: false


2025-05-15 00:05:10.078 [INFO] Command error: WARNING: No blkio throttle.read_bps_device support
WARNING: No blkio throttle.write_bps_device support
WARNING: No blkio throttle.read_iops_device support
WARNING: No blkio throttle.write_iops_device support
WARNING: DOCKER_INSECURE_NO_IPTABLES_RAW is set
WARNING: daemon is not using the default seccomp profile

2025-05-15 00:05:10.079 [INFO] Found Docker Compose file for c:\Users\Phil\Desktop\Projects\shared-libs\python\log\tests\test_opensearch.py: c:\Users\Phil\Desktop\Projects\shared-libs\python\log\tests\docker-compose.yml
2025-05-15 00:05:10.083 [INFO] Detected the following services in c:\Users\Phil\Desktop\Projects\shared-libs\python\log\tests\docker-compose.yml:
2025-05-15 00:05:10.085 [INFO]   - redis: {}:localhost (container port: 6382)
2025-05-15 00:05:10.087 [INFO]   - generic: {}:localhost (container port: 9200)
2025-05-15 00:05:10.088 [INFO]   - generic: {}:localhost (container port: 9600)
2025-05-15 00:05:10.089 [INFO] Running command: docker-compose -f c:\Users\Phil\Desktop\Projects\shared-libs\python\log\tests\docker-compose.yml -p test-log up -d
2025-05-15 00:05:10.474 [INFO] Command error:  Container test-log-redis-1  Running
 Container test-opensearch  Running

2025-05-15 00:05:10.475 [INFO] Waiting for redis to be ready at localhost:6382...
2025-05-15 00:05:10.484 [INFO] TCP connection to localhost:6382 successful
2025-05-15 00:05:10.504 [INFO] redis at localhost:6382 is ready!
2025-05-15 00:05:10.507 [INFO] Waiting for generic to be ready at localhost:9200...
2025-05-15 00:05:10.511 [INFO] TCP connection to localhost:9200 successful
2025-05-15 00:05:10.512 [INFO] generic at localhost:9200 is ready (TCP connection successful)!
2025-05-15 00:05:10.513 [INFO] Waiting for generic to be ready at localhost:9600...
2025-05-15 00:05:10.515 [INFO] TCP connection to localhost:9600 successful
2025-05-15 00:05:10.516 [INFO] generic at localhost:9600 is ready (TCP connection successful)!
2025-05-15 00:05:29.128 [INFO] Tearing down test environment...
2025-05-15 00:05:29.129 [INFO] Running command: 
2025-05-15 00:07:39.954 [INFO] ++++++++++ Creating EntityUtils
2025-05-15 00:07:39.961 [INFO] ++++++++++ EntityUtils custom_serializers: {}
2025-05-15 00:07:39.971 [INFO] ++++++++++ Creating EntityUtils
2025-05-15 00:07:39.973 [INFO] ++++++++++ EntityUtils custom_serializers: {}
2025-05-15 00:07:39.985 [INFO] ++++++++++ Creating EntityUtils
2025-05-15 00:07:39.987 [INFO] ++++++++++ EntityUtils custom_serializers: {}
2025-05-15 00:08:12.889 [INFO] Setting up test environment...
2025-05-15 00:08:12.891 [INFO] Removing .\.pytest_cache
2025-05-15 00:08:12.944 [INFO] Test files in this session: {'c:\\Users\\Phil\\Desktop\\Projects\\shared-libs\\python\\log\\tests\\test_opensearch.py'}
2025-05-15 00:08:12.945 [INFO] Running command: docker info
2025-05-15 00:08:14.517 [INFO] Command output: Client:
 Version:    28.0.4
 Context:    desktop-linux
 Debug Mode: false
 Plugins:
  ai: Docker AI Agent - Ask Gordon (Docker Inc.)
    Version:  v1.1.3
    Path:     C:\Program Files\Docker\cli-plugins\docker-ai.exe
  buildx: Docker Buildx (Docker Inc.)
    Version:  v0.22.0-desktop.1
    Path:     C:\Program Files\Docker\cli-plugins\docker-buildx.exe
  cloud: Docker Cloud (Docker Inc.)
    Version:  0.2.20
    Path:     C:\Program Files\Docker\cli-plugins\docker-cloud.exe
  compose: Docker Compose (Docker Inc.)
    Version:  v2.34.0-desktop.1
    Path:     C:\Program Files\Docker\cli-plugins\docker-compose.exe
  debug: Get a shell into any image or container (Docker Inc.)
    Version:  0.0.38
    Path:     C:\Program Files\Docker\cli-plugins\docker-debug.exe
  desktop: Docker Desktop commands (Beta) (Docker Inc.)
    Version:  v0.1.6
    Path:     C:\Program Files\Docker\cli-plugins\docker-desktop.exe
  dev: Docker Dev Environments (Docker Inc.)
    Version:  v0.1.2
    Path:     C:\Program Files\Docker\cli-plugins\docker-dev.exe
  extension: Manages Docker extensions (Docker Inc.)
    Version:  v0.2.27
    Path:     C:\Program Files\Docker\cli-plugins\docker-extension.exe
  init: Creates Docker-related starter files for your project (Docker Inc.)
    Version:  v1.4.0
    Path:     C:\Program Files\Docker\cli-plugins\docker-init.exe
  sbom: View the packaged-based Software Bill Of Materials (SBOM) for an image (Anchore Inc.)
    Version:  0.6.0
    Path:     C:\Program Files\Docker\cli-plugins\docker-sbom.exe
  scout: Docker Scout (Docker Inc.)
    Version:  v1.17.0
    Path:     C:\Program Files\Docker\cli-plugins\docker-scout.exe

Server:
 Containers: 4
  Running: 4
  Paused: 0
  Stopped: 0
 Images: 9
 Server Version: 28.0.4
 Storage Driver: overlayfs
  driver-type: io.containerd.snapshotter.v1
 Logging Driver: json-file
 Cgroup Driver: cgroupfs
 Cgroup Version: 1
 Plugins:
  Volume: local
  Network: bridge host ipvlan macvlan null overlay
  Log: awslogs fluentd gcplogs gelf journald json-file local splunk syslog
 CDI spec directories:
  /etc/cdi
  /var/run/cdi
 Swarm: inactive
 Runtimes: io.containerd.runc.v2 nvidia runc
 Default Runtime: runc
 Init Binary: docker-init
 containerd version: 753481ec61c7c8955a23d6ff7bc8e4daed455734
 runc version: v1.2.5-0-g59923ef
 init version: de40ad0
 Security Options:
  seccomp
   Profile: unconfined
 Kernel Version: 5.15.167.4-microsoft-standard-WSL2
 Operating System: Docker Desktop
 OSType: linux
 Architecture: x86_64
 CPUs: 4
 Total Memory: 7.649GiB
 Name: docker-desktop
 ID: bd414c6b-a391-41c8-9560-cbfc52f7f58d
 Docker Root Dir: /var/lib/docker
 Debug Mode: false
 HTTP Proxy: http.docker.internal:3128
 HTTPS Proxy: http.docker.internal:3128
 No Proxy: hubproxy.docker.internal
 Labels:
  com.docker.desktop.address=npipe://\\.\pipe\docker_cli
 Experimental: false
 Insecure Registries:
  hubproxy.docker.internal:5555
  ::1/128
  127.0.0.0/8
 Live Restore Enabled: false


2025-05-15 00:08:14.519 [INFO] Command error: WARNING: No blkio throttle.read_bps_device support
WARNING: No blkio throttle.write_bps_device support
WARNING: No blkio throttle.read_iops_device support
WARNING: No blkio throttle.write_iops_device support
WARNING: DOCKER_INSECURE_NO_IPTABLES_RAW is set
WARNING: daemon is not using the default seccomp profile

2025-05-15 00:08:14.519 [INFO] Found Docker Compose file for c:\Users\Phil\Desktop\Projects\shared-libs\python\log\tests\test_opensearch.py: c:\Users\Phil\Desktop\Projects\shared-libs\python\log\tests\docker-compose.yml
2025-05-15 00:08:14.526 [INFO] Detected the following services in c:\Users\Phil\Desktop\Projects\shared-libs\python\log\tests\docker-compose.yml:
2025-05-15 00:08:14.527 [INFO]   - redis: {}:localhost (container port: 6382)
2025-05-15 00:08:14.528 [INFO]   - generic: {}:localhost (container port: 9200)
2025-05-15 00:08:14.528 [INFO]   - generic: {}:localhost (container port: 9600)
2025-05-15 00:08:14.529 [INFO] Running command: docker-compose -f c:\Users\Phil\Desktop\Projects\shared-libs\python\log\tests\docker-compose.yml -p test-log up -d
2025-05-15 00:08:14.902 [INFO] Command error:  Container test-log-redis-1  Running
 Container test-opensearch  Running

2025-05-15 00:08:14.905 [INFO] Waiting for redis to be ready at localhost:6382...
2025-05-15 00:08:14.914 [INFO] TCP connection to localhost:6382 successful
2025-05-15 00:08:14.926 [INFO] redis at localhost:6382 is ready!
2025-05-15 00:08:14.927 [INFO] Waiting for generic to be ready at localhost:9200...
2025-05-15 00:08:14.930 [INFO] TCP connection to localhost:9200 successful
2025-05-15 00:08:14.931 [INFO] generic at localhost:9200 is ready (TCP connection successful)!
2025-05-15 00:08:14.932 [INFO] Waiting for generic to be ready at localhost:9600...
2025-05-15 00:08:14.934 [INFO] TCP connection to localhost:9600 successful
2025-05-15 00:08:14.935 [INFO] generic at localhost:9600 is ready (TCP connection successful)!
2025-05-15 00:08:15.195 [INFO] Tearing down test environment...
2025-05-15 00:08:15.196 [INFO] Running command: 
2025-05-15 00:10:55.323 [INFO] ++++++++++ Creating EntityUtils
2025-05-15 00:10:55.326 [INFO] ++++++++++ EntityUtils custom_serializers: {}
2025-05-15 00:10:55.339 [INFO] ++++++++++ Creating EntityUtils
2025-05-15 00:10:55.340 [INFO] ++++++++++ EntityUtils custom_serializers: {}
2025-05-15 00:10:55.346 [INFO] ++++++++++ Creating EntityUtils
2025-05-15 00:10:55.346 [INFO] ++++++++++ EntityUtils custom_serializers: {}
2025-05-15 00:11:03.474 [INFO] Setting up test environment...
2025-05-15 00:11:03.476 [INFO] Removing .\.pytest_cache
2025-05-15 00:11:03.508 [INFO] Test files in this session: {'c:\\Users\\Phil\\Desktop\\Projects\\shared-libs\\python\\log\\tests\\test_opensearch.py'}
2025-05-15 00:11:03.510 [INFO] Running command: docker info
2025-05-15 00:11:04.099 [INFO] Command output: Client:
 Version:    28.0.4
 Context:    desktop-linux
 Debug Mode: false
 Plugins:
  ai: Docker AI Agent - Ask Gordon (Docker Inc.)
    Version:  v1.1.3
    Path:     C:\Program Files\Docker\cli-plugins\docker-ai.exe
  buildx: Docker Buildx (Docker Inc.)
    Version:  v0.22.0-desktop.1
    Path:     C:\Program Files\Docker\cli-plugins\docker-buildx.exe
  cloud: Docker Cloud (Docker Inc.)
    Version:  0.2.20
    Path:     C:\Program Files\Docker\cli-plugins\docker-cloud.exe
  compose: Docker Compose (Docker Inc.)
    Version:  v2.34.0-desktop.1
    Path:     C:\Program Files\Docker\cli-plugins\docker-compose.exe
  debug: Get a shell into any image or container (Docker Inc.)
    Version:  0.0.38
    Path:     C:\Program Files\Docker\cli-plugins\docker-debug.exe
  desktop: Docker Desktop commands (Beta) (Docker Inc.)
    Version:  v0.1.6
    Path:     C:\Program Files\Docker\cli-plugins\docker-desktop.exe
  dev: Docker Dev Environments (Docker Inc.)
    Version:  v0.1.2
    Path:     C:\Program Files\Docker\cli-plugins\docker-dev.exe
  extension: Manages Docker extensions (Docker Inc.)
    Version:  v0.2.27
    Path:     C:\Program Files\Docker\cli-plugins\docker-extension.exe
  init: Creates Docker-related starter files for your project (Docker Inc.)
    Version:  v1.4.0
    Path:     C:\Program Files\Docker\cli-plugins\docker-init.exe
  sbom: View the packaged-based Software Bill Of Materials (SBOM) for an image (Anchore Inc.)
    Version:  0.6.0
    Path:     C:\Program Files\Docker\cli-plugins\docker-sbom.exe
  scout: Docker Scout (Docker Inc.)
    Version:  v1.17.0
    Path:     C:\Program Files\Docker\cli-plugins\docker-scout.exe

Server:
 Containers: 4
  Running: 4
  Paused: 0
  Stopped: 0
 Images: 9
 Server Version: 28.0.4
 Storage Driver: overlayfs
  driver-type: io.containerd.snapshotter.v1
 Logging Driver: json-file
 Cgroup Driver: cgroupfs
 Cgroup Version: 1
 Plugins:
  Volume: local
  Network: bridge host ipvlan macvlan null overlay
  Log: awslogs fluentd gcplogs gelf journald json-file local splunk syslog
 CDI spec directories:
  /etc/cdi
  /var/run/cdi
 Swarm: inactive
 Runtimes: nvidia runc io.containerd.runc.v2
 Default Runtime: runc
 Init Binary: docker-init
 containerd version: 753481ec61c7c8955a23d6ff7bc8e4daed455734
 runc version: v1.2.5-0-g59923ef
 init version: de40ad0
 Security Options:
  seccomp
   Profile: unconfined
 Kernel Version: 5.15.167.4-microsoft-standard-WSL2
 Operating System: Docker Desktop
 OSType: linux
 Architecture: x86_64
 CPUs: 4
 Total Memory: 7.649GiB
 Name: docker-desktop
 ID: bd414c6b-a391-41c8-9560-cbfc52f7f58d
 Docker Root Dir: /var/lib/docker
 Debug Mode: false
 HTTP Proxy: http.docker.internal:3128
 HTTPS Proxy: http.docker.internal:3128
 No Proxy: hubproxy.docker.internal
 Labels:
  com.docker.desktop.address=npipe://\\.\pipe\docker_cli
 Experimental: false
 Insecure Registries:
  hubproxy.docker.internal:5555
  ::1/128
  127.0.0.0/8
 Live Restore Enabled: false


2025-05-15 00:11:04.100 [INFO] Command error: WARNING: No blkio throttle.read_bps_device support
WARNING: No blkio throttle.write_bps_device support
WARNING: No blkio throttle.read_iops_device support
WARNING: No blkio throttle.write_iops_device support
WARNING: DOCKER_INSECURE_NO_IPTABLES_RAW is set
WARNING: daemon is not using the default seccomp profile

2025-05-15 00:11:04.101 [INFO] Found Docker Compose file for c:\Users\Phil\Desktop\Projects\shared-libs\python\log\tests\test_opensearch.py: c:\Users\Phil\Desktop\Projects\shared-libs\python\log\tests\docker-compose.yml
2025-05-15 00:11:04.105 [INFO] Detected the following services in c:\Users\Phil\Desktop\Projects\shared-libs\python\log\tests\docker-compose.yml:
2025-05-15 00:11:04.108 [INFO]   - redis: {}:localhost (container port: 6382)
2025-05-15 00:11:04.110 [INFO]   - generic: {}:localhost (container port: 9200)
2025-05-15 00:11:04.111 [INFO]   - generic: {}:localhost (container port: 9600)
2025-05-15 00:11:04.112 [INFO] Running command: docker-compose -f c:\Users\Phil\Desktop\Projects\shared-libs\python\log\tests\docker-compose.yml -p test-log up -d
2025-05-15 00:11:04.487 [INFO] Command error:  Container test-opensearch  Running
 Container test-log-redis-1  Running

2025-05-15 00:11:04.490 [INFO] Waiting for redis to be ready at localhost:6382...
2025-05-15 00:11:04.497 [INFO] TCP connection to localhost:6382 successful
2025-05-15 00:11:04.507 [INFO] redis at localhost:6382 is ready!
2025-05-15 00:11:04.510 [INFO] Waiting for generic to be ready at localhost:9200...
2025-05-15 00:11:04.513 [INFO] TCP connection to localhost:9200 successful
2025-05-15 00:11:04.514 [INFO] generic at localhost:9200 is ready (TCP connection successful)!
2025-05-15 00:11:04.515 [INFO] Waiting for generic to be ready at localhost:9600...
2025-05-15 00:11:04.517 [INFO] TCP connection to localhost:9600 successful
2025-05-15 00:11:04.519 [INFO] generic at localhost:9600 is ready (TCP connection successful)!
2025-05-15 00:11:09.241 [INFO] Tearing down test environment...
2025-05-15 00:11:09.242 [INFO] Running command: 
2025-05-15 00:11:42.177 [INFO] Setting up test environment...
2025-05-15 00:11:42.179 [INFO] Removing .\.pytest_cache
2025-05-15 00:11:42.221 [INFO] Test files in this session: {'c:\\Users\\Phil\\Desktop\\Projects\\shared-libs\\python\\log\\tests\\test_opensearch.py', 'c:\\Users\\Phil\\Desktop\\Projects\\shared-libs\\python\\log\\tests\\test_log.py', 'c:\\Users\\Phil\\Desktop\\Projects\\shared-libs\\python\\log\\tests\\test_log_with_redis.py'}
2025-05-15 00:11:42.225 [INFO] Running command: docker info
2025-05-15 00:11:42.787 [INFO] Command output: Client:
 Version:    28.0.4
 Context:    desktop-linux
 Debug Mode: false
 Plugins:
  ai: Docker AI Agent - Ask Gordon (Docker Inc.)
    Version:  v1.1.3
    Path:     C:\Program Files\Docker\cli-plugins\docker-ai.exe
  buildx: Docker Buildx (Docker Inc.)
    Version:  v0.22.0-desktop.1
    Path:     C:\Program Files\Docker\cli-plugins\docker-buildx.exe
  cloud: Docker Cloud (Docker Inc.)
    Version:  0.2.20
    Path:     C:\Program Files\Docker\cli-plugins\docker-cloud.exe
  compose: Docker Compose (Docker Inc.)
    Version:  v2.34.0-desktop.1
    Path:     C:\Program Files\Docker\cli-plugins\docker-compose.exe
  debug: Get a shell into any image or container (Docker Inc.)
    Version:  0.0.38
    Path:     C:\Program Files\Docker\cli-plugins\docker-debug.exe
  desktop: Docker Desktop commands (Beta) (Docker Inc.)
    Version:  v0.1.6
    Path:     C:\Program Files\Docker\cli-plugins\docker-desktop.exe
  dev: Docker Dev Environments (Docker Inc.)
    Version:  v0.1.2
    Path:     C:\Program Files\Docker\cli-plugins\docker-dev.exe
  extension: Manages Docker extensions (Docker Inc.)
    Version:  v0.2.27
    Path:     C:\Program Files\Docker\cli-plugins\docker-extension.exe
  init: Creates Docker-related starter files for your project (Docker Inc.)
    Version:  v1.4.0
    Path:     C:\Program Files\Docker\cli-plugins\docker-init.exe
  sbom: View the packaged-based Software Bill Of Materials (SBOM) for an image (Anchore Inc.)
    Version:  0.6.0
    Path:     C:\Program Files\Docker\cli-plugins\docker-sbom.exe
  scout: Docker Scout (Docker Inc.)
    Version:  v1.17.0
    Path:     C:\Program Files\Docker\cli-plugins\docker-scout.exe

Server:
 Containers: 4
  Running: 4
  Paused: 0
  Stopped: 0
 Images: 9
 Server Version: 28.0.4
 Storage Driver: overlayfs
  driver-type: io.containerd.snapshotter.v1
 Logging Driver: json-file
 Cgroup Driver: cgroupfs
 Cgroup Version: 1
 Plugins:
  Volume: local
  Network: bridge host ipvlan macvlan null overlay
  Log: awslogs fluentd gcplogs gelf journald json-file local splunk syslog
 CDI spec directories:
  /etc/cdi
  /var/run/cdi
 Swarm: inactive
 Runtimes: io.containerd.runc.v2 nvidia runc
 Default Runtime: runc
 Init Binary: docker-init
 containerd version: 753481ec61c7c8955a23d6ff7bc8e4daed455734
 runc version: v1.2.5-0-g59923ef
 init version: de40ad0
 Security Options:
  seccomp
   Profile: unconfined
 Kernel Version: 5.15.167.4-microsoft-standard-WSL2
 Operating System: Docker Desktop
 OSType: linux
 Architecture: x86_64
 CPUs: 4
 Total Memory: 7.649GiB
 Name: docker-desktop
 ID: bd414c6b-a391-41c8-9560-cbfc52f7f58d
 Docker Root Dir: /var/lib/docker
 Debug Mode: false
 HTTP Proxy: http.docker.internal:3128
 HTTPS Proxy: http.docker.internal:3128
 No Proxy: hubproxy.docker.internal
 Labels:
  com.docker.desktop.address=npipe://\\.\pipe\docker_cli
 Experimental: false
 Insecure Registries:
  hubproxy.docker.internal:5555
  ::1/128
  127.0.0.0/8
 Live Restore Enabled: false


2025-05-15 00:11:42.788 [INFO] Command error: WARNING: No blkio throttle.read_bps_device support
WARNING: No blkio throttle.write_bps_device support
WARNING: No blkio throttle.read_iops_device support
WARNING: No blkio throttle.write_iops_device support
WARNING: DOCKER_INSECURE_NO_IPTABLES_RAW is set
WARNING: daemon is not using the default seccomp profile

2025-05-15 00:11:42.790 [INFO] Found Docker Compose file for c:\Users\Phil\Desktop\Projects\shared-libs\python\log\tests\test_opensearch.py: c:\Users\Phil\Desktop\Projects\shared-libs\python\log\tests\docker-compose.yml
2025-05-15 00:11:42.795 [INFO] Detected the following services in c:\Users\Phil\Desktop\Projects\shared-libs\python\log\tests\docker-compose.yml:
2025-05-15 00:11:42.798 [INFO]   - redis: {}:localhost (container port: 6382)
2025-05-15 00:11:42.798 [INFO]   - generic: {}:localhost (container port: 9200)
2025-05-15 00:11:42.799 [INFO]   - generic: {}:localhost (container port: 9600)
2025-05-15 00:11:42.800 [INFO] Running command: docker-compose -f c:\Users\Phil\Desktop\Projects\shared-libs\python\log\tests\docker-compose.yml -p test-log up -d
2025-05-15 00:11:43.125 [INFO] Command error:  Container test-log-redis-1  Running
 Container test-opensearch  Running

2025-05-15 00:11:43.126 [INFO] Waiting for redis to be ready at localhost:6382...
2025-05-15 00:11:43.132 [INFO] TCP connection to localhost:6382 successful
2025-05-15 00:11:43.152 [INFO] redis at localhost:6382 is ready!
2025-05-15 00:11:43.155 [INFO] Waiting for generic to be ready at localhost:9200...
2025-05-15 00:11:43.159 [INFO] TCP connection to localhost:9200 successful
2025-05-15 00:11:43.160 [INFO] generic at localhost:9200 is ready (TCP connection successful)!
2025-05-15 00:11:43.161 [INFO] Waiting for generic to be ready at localhost:9600...
2025-05-15 00:11:43.163 [INFO] TCP connection to localhost:9600 successful
2025-05-15 00:11:43.164 [INFO] generic at localhost:9600 is ready (TCP connection successful)!
2025-05-15 00:11:43.473 [INFO] Simple test message
2025-05-15 00:11:47.745 [INFO] Tearing down test environment...
2025-05-15 00:11:47.750 [INFO] Running command: 
2025-05-15 00:13:38.753 [INFO] ++++++++++ Creating EntityUtils
2025-05-15 00:13:38.756 [INFO] ++++++++++ EntityUtils custom_serializers: {}
2025-05-15 00:13:38.767 [INFO] ++++++++++ Creating EntityUtils
2025-05-15 00:13:38.768 [INFO] ++++++++++ EntityUtils custom_serializers: {}
2025-05-15 00:13:38.774 [INFO] ++++++++++ Creating EntityUtils
2025-05-15 00:13:38.776 [INFO] ++++++++++ EntityUtils custom_serializers: {}
2025-05-15 00:14:18.572 [INFO] ++++++++++ Creating EntityUtils
2025-05-15 00:14:18.574 [INFO] ++++++++++ EntityUtils custom_serializers: {}
2025-05-15 00:14:18.581 [INFO] ++++++++++ Creating EntityUtils
2025-05-15 00:14:18.583 [INFO] ++++++++++ EntityUtils custom_serializers: {}
2025-05-15 00:14:18.587 [INFO] ++++++++++ Creating EntityUtils
2025-05-15 00:14:18.588 [INFO] ++++++++++ EntityUtils custom_serializers: {}
2025-05-15 00:14:26.815 [INFO] Setting up test environment...
2025-05-15 00:14:26.820 [INFO] Removing .\.pytest_cache
2025-05-15 00:14:26.850 [INFO] Test files in this session: {'c:\\Users\\Phil\\Desktop\\Projects\\shared-libs\\python\\log\\tests\\test_opensearch.py'}
2025-05-15 00:14:26.851 [INFO] Running command: docker info
2025-05-15 00:14:27.322 [INFO] Command output: Client:
 Version:    28.0.4
 Context:    desktop-linux
 Debug Mode: false
 Plugins:
  ai: Docker AI Agent - Ask Gordon (Docker Inc.)
    Version:  v1.1.3
    Path:     C:\Program Files\Docker\cli-plugins\docker-ai.exe
  buildx: Docker Buildx (Docker Inc.)
    Version:  v0.22.0-desktop.1
    Path:     C:\Program Files\Docker\cli-plugins\docker-buildx.exe
  cloud: Docker Cloud (Docker Inc.)
    Version:  0.2.20
    Path:     C:\Program Files\Docker\cli-plugins\docker-cloud.exe
  compose: Docker Compose (Docker Inc.)
    Version:  v2.34.0-desktop.1
    Path:     C:\Program Files\Docker\cli-plugins\docker-compose.exe
  debug: Get a shell into any image or container (Docker Inc.)
    Version:  0.0.38
    Path:     C:\Program Files\Docker\cli-plugins\docker-debug.exe
  desktop: Docker Desktop commands (Beta) (Docker Inc.)
    Version:  v0.1.6
    Path:     C:\Program Files\Docker\cli-plugins\docker-desktop.exe
  dev: Docker Dev Environments (Docker Inc.)
    Version:  v0.1.2
    Path:     C:\Program Files\Docker\cli-plugins\docker-dev.exe
  extension: Manages Docker extensions (Docker Inc.)
    Version:  v0.2.27
    Path:     C:\Program Files\Docker\cli-plugins\docker-extension.exe
  init: Creates Docker-related starter files for your project (Docker Inc.)
    Version:  v1.4.0
    Path:     C:\Program Files\Docker\cli-plugins\docker-init.exe
  sbom: View the packaged-based Software Bill Of Materials (SBOM) for an image (Anchore Inc.)
    Version:  0.6.0
    Path:     C:\Program Files\Docker\cli-plugins\docker-sbom.exe
  scout: Docker Scout (Docker Inc.)
    Version:  v1.17.0
    Path:     C:\Program Files\Docker\cli-plugins\docker-scout.exe

Server:
 Containers: 4
  Running: 4
  Paused: 0
  Stopped: 0
 Images: 9
 Server Version: 28.0.4
 Storage Driver: overlayfs
  driver-type: io.containerd.snapshotter.v1
 Logging Driver: json-file
 Cgroup Driver: cgroupfs
 Cgroup Version: 1
 Plugins:
  Volume: local
  Network: bridge host ipvlan macvlan null overlay
  Log: awslogs fluentd gcplogs gelf journald json-file local splunk syslog
 CDI spec directories:
  /etc/cdi
  /var/run/cdi
 Swarm: inactive
 Runtimes: io.containerd.runc.v2 nvidia runc
 Default Runtime: runc
 Init Binary: docker-init
 containerd version: 753481ec61c7c8955a23d6ff7bc8e4daed455734
 runc version: v1.2.5-0-g59923ef
 init version: de40ad0
 Security Options:
  seccomp
   Profile: unconfined
 Kernel Version: 5.15.167.4-microsoft-standard-WSL2
 Operating System: Docker Desktop
 OSType: linux
 Architecture: x86_64
 CPUs: 4
 Total Memory: 7.649GiB
 Name: docker-desktop
 ID: bd414c6b-a391-41c8-9560-cbfc52f7f58d
 Docker Root Dir: /var/lib/docker
 Debug Mode: false
 HTTP Proxy: http.docker.internal:3128
 HTTPS Proxy: http.docker.internal:3128
 No Proxy: hubproxy.docker.internal
 Labels:
  com.docker.desktop.address=npipe://\\.\pipe\docker_cli
 Experimental: false
 Insecure Registries:
  hubproxy.docker.internal:5555
  ::1/128
  127.0.0.0/8
 Live Restore Enabled: false


2025-05-15 00:14:27.324 [INFO] Command error: WARNING: No blkio throttle.read_bps_device support
WARNING: No blkio throttle.write_bps_device support
WARNING: No blkio throttle.read_iops_device support
WARNING: No blkio throttle.write_iops_device support
WARNING: DOCKER_INSECURE_NO_IPTABLES_RAW is set
WARNING: daemon is not using the default seccomp profile

2025-05-15 00:14:27.324 [INFO] Found Docker Compose file for c:\Users\Phil\Desktop\Projects\shared-libs\python\log\tests\test_opensearch.py: c:\Users\Phil\Desktop\Projects\shared-libs\python\log\tests\docker-compose.yml
2025-05-15 00:14:27.330 [INFO] Detected the following services in c:\Users\Phil\Desktop\Projects\shared-libs\python\log\tests\docker-compose.yml:
2025-05-15 00:14:27.331 [INFO]   - redis: {}:localhost (container port: 6382)
2025-05-15 00:14:27.331 [INFO]   - generic: {}:localhost (container port: 9200)
2025-05-15 00:14:27.332 [INFO]   - generic: {}:localhost (container port: 9600)
2025-05-15 00:14:27.333 [INFO] Running command: docker-compose -f c:\Users\Phil\Desktop\Projects\shared-libs\python\log\tests\docker-compose.yml -p test-log up -d
2025-05-15 00:14:27.653 [INFO] Command error:  Container test-log-redis-1  Running
 Container test-opensearch  Running

2025-05-15 00:14:27.654 [INFO] Waiting for redis to be ready at localhost:6382...
2025-05-15 00:14:27.665 [INFO] TCP connection to localhost:6382 successful
2025-05-15 00:14:27.681 [INFO] redis at localhost:6382 is ready!
2025-05-15 00:14:27.682 [INFO] Waiting for generic to be ready at localhost:9200...
2025-05-15 00:14:27.685 [INFO] TCP connection to localhost:9200 successful
2025-05-15 00:14:27.686 [INFO] generic at localhost:9200 is ready (TCP connection successful)!
2025-05-15 00:14:27.687 [INFO] Waiting for generic to be ready at localhost:9600...
2025-05-15 00:14:27.689 [INFO] TCP connection to localhost:9600 successful
2025-05-15 00:14:27.691 [INFO] generic at localhost:9600 is ready (TCP connection successful)!
2025-05-15 00:14:29.598 [INFO] Tearing down test environment...
2025-05-15 00:14:29.601 [INFO] Running command: 
2025-05-15 00:17:02.750 [INFO] ++++++++++ Creating EntityUtils
2025-05-15 00:17:02.753 [INFO] ++++++++++ EntityUtils custom_serializers: {}
2025-05-15 00:17:02.768 [INFO] ++++++++++ Creating EntityUtils
2025-05-15 00:17:02.769 [INFO] ++++++++++ EntityUtils custom_serializers: {}
2025-05-15 00:17:02.778 [INFO] ++++++++++ Creating EntityUtils
2025-05-15 00:17:02.779 [INFO] ++++++++++ EntityUtils custom_serializers: {}
2025-05-15 00:17:07.489 [INFO] Setting up test environment...
2025-05-15 00:17:07.491 [INFO] Removing .\.pytest_cache
2025-05-15 00:17:07.528 [INFO] Test files in this session: {'c:\\Users\\Phil\\Desktop\\Projects\\shared-libs\\python\\log\\tests\\test_opensearch.py'}
2025-05-15 00:17:07.529 [INFO] Running command: docker info
2025-05-15 00:17:08.098 [INFO] Command output: Client:
 Version:    28.0.4
 Context:    desktop-linux
 Debug Mode: false
 Plugins:
  ai: Docker AI Agent - Ask Gordon (Docker Inc.)
    Version:  v1.1.3
    Path:     C:\Program Files\Docker\cli-plugins\docker-ai.exe
  buildx: Docker Buildx (Docker Inc.)
    Version:  v0.22.0-desktop.1
    Path:     C:\Program Files\Docker\cli-plugins\docker-buildx.exe
  cloud: Docker Cloud (Docker Inc.)
    Version:  0.2.20
    Path:     C:\Program Files\Docker\cli-plugins\docker-cloud.exe
  compose: Docker Compose (Docker Inc.)
    Version:  v2.34.0-desktop.1
    Path:     C:\Program Files\Docker\cli-plugins\docker-compose.exe
  debug: Get a shell into any image or container (Docker Inc.)
    Version:  0.0.38
    Path:     C:\Program Files\Docker\cli-plugins\docker-debug.exe
  desktop: Docker Desktop commands (Beta) (Docker Inc.)
    Version:  v0.1.6
    Path:     C:\Program Files\Docker\cli-plugins\docker-desktop.exe
  dev: Docker Dev Environments (Docker Inc.)
    Version:  v0.1.2
    Path:     C:\Program Files\Docker\cli-plugins\docker-dev.exe
  extension: Manages Docker extensions (Docker Inc.)
    Version:  v0.2.27
    Path:     C:\Program Files\Docker\cli-plugins\docker-extension.exe
  init: Creates Docker-related starter files for your project (Docker Inc.)
    Version:  v1.4.0
    Path:     C:\Program Files\Docker\cli-plugins\docker-init.exe
  sbom: View the packaged-based Software Bill Of Materials (SBOM) for an image (Anchore Inc.)
    Version:  0.6.0
    Path:     C:\Program Files\Docker\cli-plugins\docker-sbom.exe
  scout: Docker Scout (Docker Inc.)
    Version:  v1.17.0
    Path:     C:\Program Files\Docker\cli-plugins\docker-scout.exe

Server:
 Containers: 4
  Running: 4
  Paused: 0
  Stopped: 0
 Images: 9
 Server Version: 28.0.4
 Storage Driver: overlayfs
  driver-type: io.containerd.snapshotter.v1
 Logging Driver: json-file
 Cgroup Driver: cgroupfs
 Cgroup Version: 1
 Plugins:
  Volume: local
  Network: bridge host ipvlan macvlan null overlay
  Log: awslogs fluentd gcplogs gelf journald json-file local splunk syslog
 CDI spec directories:
  /etc/cdi
  /var/run/cdi
 Swarm: inactive
 Runtimes: io.containerd.runc.v2 nvidia runc
 Default Runtime: runc
 Init Binary: docker-init
 containerd version: 753481ec61c7c8955a23d6ff7bc8e4daed455734
 runc version: v1.2.5-0-g59923ef
 init version: de40ad0
 Security Options:
  seccomp
   Profile: unconfined
 Kernel Version: 5.15.167.4-microsoft-standard-WSL2
 Operating System: Docker Desktop
 OSType: linux
 Architecture: x86_64
 CPUs: 4
 Total Memory: 7.649GiB
 Name: docker-desktop
 ID: bd414c6b-a391-41c8-9560-cbfc52f7f58d
 Docker Root Dir: /var/lib/docker
 Debug Mode: false
 HTTP Proxy: http.docker.internal:3128
 HTTPS Proxy: http.docker.internal:3128
 No Proxy: hubproxy.docker.internal
 Labels:
  com.docker.desktop.address=npipe://\\.\pipe\docker_cli
 Experimental: false
 Insecure Registries:
  hubproxy.docker.internal:5555
  ::1/128
  127.0.0.0/8
 Live Restore Enabled: false


2025-05-15 00:17:08.100 [INFO] Command error: WARNING: No blkio throttle.read_bps_device support
WARNING: No blkio throttle.write_bps_device support
WARNING: No blkio throttle.read_iops_device support
WARNING: No blkio throttle.write_iops_device support
WARNING: DOCKER_INSECURE_NO_IPTABLES_RAW is set
WARNING: daemon is not using the default seccomp profile

2025-05-15 00:17:08.101 [INFO] Found Docker Compose file for c:\Users\Phil\Desktop\Projects\shared-libs\python\log\tests\test_opensearch.py: c:\Users\Phil\Desktop\Projects\shared-libs\python\log\tests\docker-compose.yml
2025-05-15 00:17:08.105 [INFO] Detected the following services in c:\Users\Phil\Desktop\Projects\shared-libs\python\log\tests\docker-compose.yml:
2025-05-15 00:17:08.106 [INFO]   - redis: {}:localhost (container port: 6382)
2025-05-15 00:17:08.107 [INFO]   - generic: {}:localhost (container port: 9200)
2025-05-15 00:17:08.108 [INFO]   - generic: {}:localhost (container port: 9600)
2025-05-15 00:17:08.109 [INFO] Running command: docker-compose -f c:\Users\Phil\Desktop\Projects\shared-libs\python\log\tests\docker-compose.yml -p test-log up -d
2025-05-15 00:17:08.432 [INFO] Command error:  Container test-opensearch  Running
 Container test-log-redis-1  Running

2025-05-15 00:17:08.433 [INFO] Waiting for redis to be ready at localhost:6382...
2025-05-15 00:17:08.441 [INFO] TCP connection to localhost:6382 successful
2025-05-15 00:17:08.452 [INFO] redis at localhost:6382 is ready!
2025-05-15 00:17:08.453 [INFO] Waiting for generic to be ready at localhost:9200...
2025-05-15 00:17:08.457 [INFO] TCP connection to localhost:9200 successful
2025-05-15 00:17:08.459 [INFO] generic at localhost:9200 is ready (TCP connection successful)!
2025-05-15 00:17:08.460 [INFO] Waiting for generic to be ready at localhost:9600...
2025-05-15 00:17:08.463 [INFO] TCP connection to localhost:9600 successful
2025-05-15 00:17:08.464 [INFO] generic at localhost:9600 is ready (TCP connection successful)!
2025-05-15 00:17:10.055 [INFO] Tearing down test environment...
2025-05-15 00:17:10.056 [INFO] Running command: 
2025-05-15 00:21:27.171 [INFO] ++++++++++ Creating EntityUtils
2025-05-15 00:21:27.173 [INFO] ++++++++++ EntityUtils custom_serializers: {}
2025-05-15 00:21:27.184 [INFO] ++++++++++ Creating EntityUtils
2025-05-15 00:21:27.185 [INFO] ++++++++++ EntityUtils custom_serializers: {}
2025-05-15 00:21:27.190 [INFO] ++++++++++ Creating EntityUtils
2025-05-15 00:21:27.191 [INFO] ++++++++++ EntityUtils custom_serializers: {}
2025-05-15 00:23:25.571 [INFO] ++++++++++ Creating EntityUtils
2025-05-15 00:23:25.573 [INFO] ++++++++++ EntityUtils custom_serializers: {}
2025-05-15 00:23:25.584 [INFO] ++++++++++ Creating EntityUtils
2025-05-15 00:23:25.585 [INFO] ++++++++++ EntityUtils custom_serializers: {}
2025-05-15 00:23:25.591 [INFO] ++++++++++ Creating EntityUtils
2025-05-15 00:23:25.592 [INFO] ++++++++++ EntityUtils custom_serializers: {}
2025-05-15 00:23:45.445 [INFO] ++++++++++ Creating EntityUtils
2025-05-15 00:23:45.463 [INFO] ++++++++++ EntityUtils custom_serializers: {}
2025-05-15 00:23:45.476 [INFO] ++++++++++ Creating EntityUtils
2025-05-15 00:23:45.477 [INFO] ++++++++++ EntityUtils custom_serializers: {}
2025-05-15 00:23:45.483 [INFO] ++++++++++ Creating EntityUtils
2025-05-15 00:23:45.484 [INFO] ++++++++++ EntityUtils custom_serializers: {}
2025-05-15 00:24:36.633 [INFO] ++++++++++ Creating EntityUtils
2025-05-15 00:24:36.635 [INFO] ++++++++++ EntityUtils custom_serializers: {}
2025-05-15 00:24:36.648 [INFO] ++++++++++ Creating EntityUtils
2025-05-15 00:24:36.649 [INFO] ++++++++++ EntityUtils custom_serializers: {}
2025-05-15 00:24:36.653 [INFO] ++++++++++ Creating EntityUtils
2025-05-15 00:24:36.654 [INFO] ++++++++++ EntityUtils custom_serializers: {}
2025-05-15 00:25:32.059 [INFO] ++++++++++ Creating EntityUtils
2025-05-15 00:25:32.062 [INFO] ++++++++++ EntityUtils custom_serializers: {}
2025-05-15 00:25:32.075 [INFO] ++++++++++ Creating EntityUtils
2025-05-15 00:25:32.076 [INFO] ++++++++++ EntityUtils custom_serializers: {}
2025-05-15 00:25:32.081 [INFO] ++++++++++ Creating EntityUtils
2025-05-15 00:25:32.083 [INFO] ++++++++++ EntityUtils custom_serializers: {}
2025-05-15 00:26:14.089 [INFO] ++++++++++ Creating EntityUtils
2025-05-15 00:26:14.092 [INFO] ++++++++++ EntityUtils custom_serializers: {}
2025-05-15 00:26:14.104 [INFO] ++++++++++ Creating EntityUtils
2025-05-15 00:26:14.105 [INFO] ++++++++++ EntityUtils custom_serializers: {}
2025-05-15 00:26:14.109 [INFO] ++++++++++ Creating EntityUtils
2025-05-15 00:26:14.109 [INFO] ++++++++++ EntityUtils custom_serializers: {}
2025-05-15 00:26:23.074 [INFO] Setting up test environment...
2025-05-15 00:26:23.076 [INFO] Removing .\.pytest_cache
2025-05-15 00:26:23.122 [INFO] Test files in this session: {'c:\\Users\\Phil\\Desktop\\Projects\\shared-libs\\python\\log\\tests\\test_log.py', 'c:\\Users\\Phil\\Desktop\\Projects\\shared-libs\\python\\log\\tests\\test_opensearch.py', 'c:\\Users\\Phil\\Desktop\\Projects\\shared-libs\\python\\log\\tests\\test_log_with_redis.py'}
2025-05-15 00:26:23.131 [INFO] Running command: docker info
2025-05-15 00:26:25.260 [INFO] Command output: Client:
 Version:    28.0.4
 Context:    desktop-linux
 Debug Mode: false
 Plugins:
  ai: Docker AI Agent - Ask Gordon (Docker Inc.)
    Version:  v1.1.3
    Path:     C:\Program Files\Docker\cli-plugins\docker-ai.exe
  buildx: Docker Buildx (Docker Inc.)
    Version:  v0.22.0-desktop.1
    Path:     C:\Program Files\Docker\cli-plugins\docker-buildx.exe
  cloud: Docker Cloud (Docker Inc.)
    Version:  0.2.20
    Path:     C:\Program Files\Docker\cli-plugins\docker-cloud.exe
  compose: Docker Compose (Docker Inc.)
    Version:  v2.34.0-desktop.1
    Path:     C:\Program Files\Docker\cli-plugins\docker-compose.exe
  debug: Get a shell into any image or container (Docker Inc.)
    Version:  0.0.38
    Path:     C:\Program Files\Docker\cli-plugins\docker-debug.exe
  desktop: Docker Desktop commands (Beta) (Docker Inc.)
    Version:  v0.1.6
    Path:     C:\Program Files\Docker\cli-plugins\docker-desktop.exe
  dev: Docker Dev Environments (Docker Inc.)
    Version:  v0.1.2
    Path:     C:\Program Files\Docker\cli-plugins\docker-dev.exe
  extension: Manages Docker extensions (Docker Inc.)
    Version:  v0.2.27
    Path:     C:\Program Files\Docker\cli-plugins\docker-extension.exe
  init: Creates Docker-related starter files for your project (Docker Inc.)
    Version:  v1.4.0
    Path:     C:\Program Files\Docker\cli-plugins\docker-init.exe
  sbom: View the packaged-based Software Bill Of Materials (SBOM) for an image (Anchore Inc.)
    Version:  0.6.0
    Path:     C:\Program Files\Docker\cli-plugins\docker-sbom.exe
  scout: Docker Scout (Docker Inc.)
    Version:  v1.17.0
    Path:     C:\Program Files\Docker\cli-plugins\docker-scout.exe

Server:
 Containers: 4
  Running: 4
  Paused: 0
  Stopped: 0
 Images: 9
 Server Version: 28.0.4
 Storage Driver: overlayfs
  driver-type: io.containerd.snapshotter.v1
 Logging Driver: json-file
 Cgroup Driver: cgroupfs
 Cgroup Version: 1
 Plugins:
  Volume: local
  Network: bridge host ipvlan macvlan null overlay
  Log: awslogs fluentd gcplogs gelf journald json-file local splunk syslog
 CDI spec directories:
  /etc/cdi
  /var/run/cdi
 Swarm: inactive
 Runtimes: io.containerd.runc.v2 nvidia runc
 Default Runtime: runc
 Init Binary: docker-init
 containerd version: 753481ec61c7c8955a23d6ff7bc8e4daed455734
 runc version: v1.2.5-0-g59923ef
 init version: de40ad0
 Security Options:
  seccomp
   Profile: unconfined
 Kernel Version: 5.15.167.4-microsoft-standard-WSL2
 Operating System: Docker Desktop
 OSType: linux
 Architecture: x86_64
 CPUs: 4
 Total Memory: 7.649GiB
 Name: docker-desktop
 ID: bd414c6b-a391-41c8-9560-cbfc52f7f58d
 Docker Root Dir: /var/lib/docker
 Debug Mode: false
 HTTP Proxy: http.docker.internal:3128
 HTTPS Proxy: http.docker.internal:3128
 No Proxy: hubproxy.docker.internal
 Labels:
  com.docker.desktop.address=npipe://\\.\pipe\docker_cli
 Experimental: false
 Insecure Registries:
  hubproxy.docker.internal:5555
  ::1/128
  127.0.0.0/8
 Live Restore Enabled: false


2025-05-15 00:26:25.261 [INFO] Command error: WARNING: No blkio throttle.read_bps_device support
WARNING: No blkio throttle.write_bps_device support
WARNING: No blkio throttle.read_iops_device support
WARNING: No blkio throttle.write_iops_device support
WARNING: DOCKER_INSECURE_NO_IPTABLES_RAW is set
WARNING: daemon is not using the default seccomp profile

2025-05-15 00:26:25.263 [INFO] Found Docker Compose file for c:\Users\Phil\Desktop\Projects\shared-libs\python\log\tests\test_log.py: c:\Users\Phil\Desktop\Projects\shared-libs\python\log\tests\docker-compose.yml
2025-05-15 00:26:25.269 [INFO] Detected the following services in c:\Users\Phil\Desktop\Projects\shared-libs\python\log\tests\docker-compose.yml:
2025-05-15 00:26:25.271 [INFO]   - redis: {}:localhost (container port: 6382)
2025-05-15 00:26:25.272 [INFO]   - generic: {}:localhost (container port: 9200)
2025-05-15 00:26:25.273 [INFO]   - generic: {}:localhost (container port: 9600)
2025-05-15 00:26:25.274 [INFO] Running command: docker-compose -f c:\Users\Phil\Desktop\Projects\shared-libs\python\log\tests\docker-compose.yml -p test-log up -d
2025-05-15 00:26:25.836 [INFO] Command error:  Container test-log-redis-1  Running
 Container test-opensearch  Running

2025-05-15 00:26:25.837 [INFO] Waiting for redis to be ready at localhost:6382...
2025-05-15 00:26:25.844 [INFO] TCP connection to localhost:6382 successful
2025-05-15 00:26:25.861 [INFO] redis at localhost:6382 is ready!
2025-05-15 00:26:25.863 [INFO] Waiting for generic to be ready at localhost:9200...
2025-05-15 00:26:25.866 [INFO] TCP connection to localhost:9200 successful
2025-05-15 00:26:25.867 [INFO] generic at localhost:9200 is ready (TCP connection successful)!
2025-05-15 00:26:25.869 [INFO] Waiting for generic to be ready at localhost:9600...
2025-05-15 00:26:25.872 [INFO] TCP connection to localhost:9600 successful
2025-05-15 00:26:25.873 [INFO] generic at localhost:9600 is ready (TCP connection successful)!
2025-05-15 00:26:26.640 [INFO] Simple test message
2025-05-15 00:26:29.807 [INFO] Tearing down test environment...
2025-05-15 00:26:29.829 [INFO] Running command: 
2025-05-15 00:29:27.241 [INFO] ++++++++++ Creating EntityUtils
2025-05-15 00:29:27.243 [INFO] ++++++++++ EntityUtils custom_serializers: {}
2025-05-15 00:29:27.251 [INFO] ++++++++++ Creating EntityUtils
2025-05-15 00:29:27.252 [INFO] ++++++++++ EntityUtils custom_serializers: {}
2025-05-15 00:29:27.258 [INFO] ++++++++++ Creating EntityUtils
2025-05-15 00:29:27.260 [INFO] ++++++++++ EntityUtils custom_serializers: {}
2025-05-15 00:29:41.584 [INFO] Setting up test environment...
2025-05-15 00:29:41.587 [INFO] Removing .\.pytest_cache
2025-05-15 00:29:41.637 [INFO] Test files in this session: {'c:\\Users\\Phil\\Desktop\\Projects\\shared-libs\\python\\log\\tests\\test_opensearch.py'}
2025-05-15 00:29:41.638 [INFO] Running command: docker info
2025-05-15 00:29:42.182 [INFO] Command output: Client:
 Version:    28.0.4
 Context:    desktop-linux
 Debug Mode: false
 Plugins:
  ai: Docker AI Agent - Ask Gordon (Docker Inc.)
    Version:  v1.1.3
    Path:     C:\Program Files\Docker\cli-plugins\docker-ai.exe
  buildx: Docker Buildx (Docker Inc.)
    Version:  v0.22.0-desktop.1
    Path:     C:\Program Files\Docker\cli-plugins\docker-buildx.exe
  cloud: Docker Cloud (Docker Inc.)
    Version:  0.2.20
    Path:     C:\Program Files\Docker\cli-plugins\docker-cloud.exe
  compose: Docker Compose (Docker Inc.)
    Version:  v2.34.0-desktop.1
    Path:     C:\Program Files\Docker\cli-plugins\docker-compose.exe
  debug: Get a shell into any image or container (Docker Inc.)
    Version:  0.0.38
    Path:     C:\Program Files\Docker\cli-plugins\docker-debug.exe
  desktop: Docker Desktop commands (Beta) (Docker Inc.)
    Version:  v0.1.6
    Path:     C:\Program Files\Docker\cli-plugins\docker-desktop.exe
  dev: Docker Dev Environments (Docker Inc.)
    Version:  v0.1.2
    Path:     C:\Program Files\Docker\cli-plugins\docker-dev.exe
  extension: Manages Docker extensions (Docker Inc.)
    Version:  v0.2.27
    Path:     C:\Program Files\Docker\cli-plugins\docker-extension.exe
  init: Creates Docker-related starter files for your project (Docker Inc.)
    Version:  v1.4.0
    Path:     C:\Program Files\Docker\cli-plugins\docker-init.exe
  sbom: View the packaged-based Software Bill Of Materials (SBOM) for an image (Anchore Inc.)
    Version:  0.6.0
    Path:     C:\Program Files\Docker\cli-plugins\docker-sbom.exe
  scout: Docker Scout (Docker Inc.)
    Version:  v1.17.0
    Path:     C:\Program Files\Docker\cli-plugins\docker-scout.exe

Server:
 Containers: 4
  Running: 4
  Paused: 0
  Stopped: 0
 Images: 9
 Server Version: 28.0.4
 Storage Driver: overlayfs
  driver-type: io.containerd.snapshotter.v1
 Logging Driver: json-file
 Cgroup Driver: cgroupfs
 Cgroup Version: 1
 Plugins:
  Volume: local
  Network: bridge host ipvlan macvlan null overlay
  Log: awslogs fluentd gcplogs gelf journald json-file local splunk syslog
 CDI spec directories:
  /etc/cdi
  /var/run/cdi
 Swarm: inactive
 Runtimes: runc io.containerd.runc.v2 nvidia
 Default Runtime: runc
 Init Binary: docker-init
 containerd version: 753481ec61c7c8955a23d6ff7bc8e4daed455734
 runc version: v1.2.5-0-g59923ef
 init version: de40ad0
 Security Options:
  seccomp
   Profile: unconfined
 Kernel Version: 5.15.167.4-microsoft-standard-WSL2
 Operating System: Docker Desktop
 OSType: linux
 Architecture: x86_64
 CPUs: 4
 Total Memory: 7.649GiB
 Name: docker-desktop
 ID: bd414c6b-a391-41c8-9560-cbfc52f7f58d
 Docker Root Dir: /var/lib/docker
 Debug Mode: false
 HTTP Proxy: http.docker.internal:3128
 HTTPS Proxy: http.docker.internal:3128
 No Proxy: hubproxy.docker.internal
 Labels:
  com.docker.desktop.address=npipe://\\.\pipe\docker_cli
 Experimental: false
 Insecure Registries:
  hubproxy.docker.internal:5555
  ::1/128
  127.0.0.0/8
 Live Restore Enabled: false


2025-05-15 00:29:42.183 [INFO] Command error: WARNING: No blkio throttle.read_bps_device support
WARNING: No blkio throttle.write_bps_device support
WARNING: No blkio throttle.read_iops_device support
WARNING: No blkio throttle.write_iops_device support
WARNING: DOCKER_INSECURE_NO_IPTABLES_RAW is set
WARNING: daemon is not using the default seccomp profile

2025-05-15 00:29:42.184 [INFO] Found Docker Compose file for c:\Users\Phil\Desktop\Projects\shared-libs\python\log\tests\test_opensearch.py: c:\Users\Phil\Desktop\Projects\shared-libs\python\log\tests\docker-compose.yml
2025-05-15 00:29:42.188 [INFO] Detected the following services in c:\Users\Phil\Desktop\Projects\shared-libs\python\log\tests\docker-compose.yml:
2025-05-15 00:29:42.190 [INFO]   - redis: {}:localhost (container port: 6382)
2025-05-15 00:29:42.193 [INFO]   - generic: {}:localhost (container port: 9200)
2025-05-15 00:29:42.194 [INFO]   - generic: {}:localhost (container port: 9600)
2025-05-15 00:29:42.195 [INFO] Running command: docker-compose -f c:\Users\Phil\Desktop\Projects\shared-libs\python\log\tests\docker-compose.yml -p test-log up -d
2025-05-15 00:29:42.639 [INFO] Command error:  Container test-opensearch  Running
 Container test-log-redis-1  Running

2025-05-15 00:29:42.641 [INFO] Waiting for redis to be ready at localhost:6382...
2025-05-15 00:29:42.648 [INFO] TCP connection to localhost:6382 successful
2025-05-15 00:29:42.664 [INFO] redis at localhost:6382 is ready!
2025-05-15 00:29:42.665 [INFO] Waiting for generic to be ready at localhost:9200...
2025-05-15 00:29:42.668 [INFO] TCP connection to localhost:9200 successful
2025-05-15 00:29:42.669 [INFO] generic at localhost:9200 is ready (TCP connection successful)!
2025-05-15 00:29:42.672 [INFO] Waiting for generic to be ready at localhost:9600...
2025-05-15 00:29:42.675 [INFO] TCP connection to localhost:9600 successful
2025-05-15 00:29:42.677 [INFO] generic at localhost:9600 is ready (TCP connection successful)!
2025-05-15 00:29:43.746 [INFO] Tearing down test environment...
2025-05-15 00:29:43.748 [INFO] Running command: 
2025-05-15 00:29:53.627 [INFO] Setting up test environment...
2025-05-15 00:29:53.628 [INFO] Removing .\.pytest_cache
2025-05-15 00:29:53.663 [INFO] Test files in this session: {'c:\\Users\\Phil\\Desktop\\Projects\\shared-libs\\python\\log\\tests\\test_log.py', 'c:\\Users\\Phil\\Desktop\\Projects\\shared-libs\\python\\log\\tests\\test_log_with_redis.py', 'c:\\Users\\Phil\\Desktop\\Projects\\shared-libs\\python\\log\\tests\\test_opensearch.py'}
2025-05-15 00:29:53.667 [INFO] Running command: docker info
2025-05-15 00:29:54.193 [INFO] Command output: Client:
 Version:    28.0.4
 Context:    desktop-linux
 Debug Mode: false
 Plugins:
  ai: Docker AI Agent - Ask Gordon (Docker Inc.)
    Version:  v1.1.3
    Path:     C:\Program Files\Docker\cli-plugins\docker-ai.exe
  buildx: Docker Buildx (Docker Inc.)
    Version:  v0.22.0-desktop.1
    Path:     C:\Program Files\Docker\cli-plugins\docker-buildx.exe
  cloud: Docker Cloud (Docker Inc.)
    Version:  0.2.20
    Path:     C:\Program Files\Docker\cli-plugins\docker-cloud.exe
  compose: Docker Compose (Docker Inc.)
    Version:  v2.34.0-desktop.1
    Path:     C:\Program Files\Docker\cli-plugins\docker-compose.exe
  debug: Get a shell into any image or container (Docker Inc.)
    Version:  0.0.38
    Path:     C:\Program Files\Docker\cli-plugins\docker-debug.exe
  desktop: Docker Desktop commands (Beta) (Docker Inc.)
    Version:  v0.1.6
    Path:     C:\Program Files\Docker\cli-plugins\docker-desktop.exe
  dev: Docker Dev Environments (Docker Inc.)
    Version:  v0.1.2
    Path:     C:\Program Files\Docker\cli-plugins\docker-dev.exe
  extension: Manages Docker extensions (Docker Inc.)
    Version:  v0.2.27
    Path:     C:\Program Files\Docker\cli-plugins\docker-extension.exe
  init: Creates Docker-related starter files for your project (Docker Inc.)
    Version:  v1.4.0
    Path:     C:\Program Files\Docker\cli-plugins\docker-init.exe
  sbom: View the packaged-based Software Bill Of Materials (SBOM) for an image (Anchore Inc.)
    Version:  0.6.0
    Path:     C:\Program Files\Docker\cli-plugins\docker-sbom.exe
  scout: Docker Scout (Docker Inc.)
    Version:  v1.17.0
    Path:     C:\Program Files\Docker\cli-plugins\docker-scout.exe

Server:
 Containers: 4
  Running: 4
  Paused: 0
  Stopped: 0
 Images: 9
 Server Version: 28.0.4
 Storage Driver: overlayfs
  driver-type: io.containerd.snapshotter.v1
 Logging Driver: json-file
 Cgroup Driver: cgroupfs
 Cgroup Version: 1
 Plugins:
  Volume: local
  Network: bridge host ipvlan macvlan null overlay
  Log: awslogs fluentd gcplogs gelf journald json-file local splunk syslog
 CDI spec directories:
  /etc/cdi
  /var/run/cdi
 Swarm: inactive
 Runtimes: nvidia runc io.containerd.runc.v2
 Default Runtime: runc
 Init Binary: docker-init
 containerd version: 753481ec61c7c8955a23d6ff7bc8e4daed455734
 runc version: v1.2.5-0-g59923ef
 init version: de40ad0
 Security Options:
  seccomp
   Profile: unconfined
 Kernel Version: 5.15.167.4-microsoft-standard-WSL2
 Operating System: Docker Desktop
 OSType: linux
 Architecture: x86_64
 CPUs: 4
 Total Memory: 7.649GiB
 Name: docker-desktop
 ID: bd414c6b-a391-41c8-9560-cbfc52f7f58d
 Docker Root Dir: /var/lib/docker
 Debug Mode: false
 HTTP Proxy: http.docker.internal:3128
 HTTPS Proxy: http.docker.internal:3128
 No Proxy: hubproxy.docker.internal
 Labels:
  com.docker.desktop.address=npipe://\\.\pipe\docker_cli
 Experimental: false
 Insecure Registries:
  hubproxy.docker.internal:5555
  ::1/128
  127.0.0.0/8
 Live Restore Enabled: false


2025-05-15 00:29:54.194 [INFO] Command error: WARNING: No blkio throttle.read_bps_device support
WARNING: No blkio throttle.write_bps_device support
WARNING: No blkio throttle.read_iops_device support
WARNING: No blkio throttle.write_iops_device support
WARNING: DOCKER_INSECURE_NO_IPTABLES_RAW is set
WARNING: daemon is not using the default seccomp profile

2025-05-15 00:29:54.195 [INFO] Found Docker Compose file for c:\Users\Phil\Desktop\Projects\shared-libs\python\log\tests\test_log.py: c:\Users\Phil\Desktop\Projects\shared-libs\python\log\tests\docker-compose.yml
2025-05-15 00:29:54.200 [INFO] Detected the following services in c:\Users\Phil\Desktop\Projects\shared-libs\python\log\tests\docker-compose.yml:
2025-05-15 00:29:54.202 [INFO]   - redis: {}:localhost (container port: 6382)
2025-05-15 00:29:54.204 [INFO]   - generic: {}:localhost (container port: 9200)
2025-05-15 00:29:54.205 [INFO]   - generic: {}:localhost (container port: 9600)
2025-05-15 00:29:54.206 [INFO] Running command: docker-compose -f c:\Users\Phil\Desktop\Projects\shared-libs\python\log\tests\docker-compose.yml -p test-log up -d
2025-05-15 00:29:54.579 [INFO] Command error:  Container test-opensearch  Running
 Container test-log-redis-1  Running

2025-05-15 00:29:54.582 [INFO] Waiting for redis to be ready at localhost:6382...
2025-05-15 00:29:54.589 [INFO] TCP connection to localhost:6382 successful
2025-05-15 00:29:54.597 [INFO] redis at localhost:6382 is ready!
2025-05-15 00:29:54.598 [INFO] Waiting for generic to be ready at localhost:9200...
2025-05-15 00:29:54.601 [INFO] TCP connection to localhost:9200 successful
2025-05-15 00:29:54.605 [INFO] generic at localhost:9200 is ready (TCP connection successful)!
2025-05-15 00:29:54.607 [INFO] Waiting for generic to be ready at localhost:9600...
2025-05-15 00:29:54.611 [INFO] TCP connection to localhost:9600 successful
2025-05-15 00:29:54.612 [INFO] generic at localhost:9600 is ready (TCP connection successful)!
2025-05-15 00:29:54.938 [INFO] Simple test message
2025-05-15 00:29:55.892 [INFO] Tearing down test environment...
2025-05-15 00:29:55.895 [INFO] Running command: 
2025-05-15 00:40:46.321 [INFO] ++++++++++ Creating EntityUtils
2025-05-15 00:40:46.324 [INFO] ++++++++++ EntityUtils custom_serializers: {}
2025-05-15 00:40:46.333 [INFO] ++++++++++ Creating EntityUtils
2025-05-15 00:40:46.334 [INFO] ++++++++++ EntityUtils custom_serializers: {}
2025-05-15 00:40:46.339 [INFO] ++++++++++ Creating EntityUtils
2025-05-15 00:40:46.339 [INFO] ++++++++++ EntityUtils custom_serializers: {}
2025-05-15 00:44:17.334 [INFO] ++++++++++ Creating EntityUtils
2025-05-15 00:44:17.340 [INFO] ++++++++++ EntityUtils custom_serializers: {}
2025-05-15 00:44:17.353 [INFO] ++++++++++ Creating EntityUtils
2025-05-15 00:44:17.354 [INFO] ++++++++++ EntityUtils custom_serializers: {}
2025-05-15 00:44:17.365 [INFO] ++++++++++ Creating EntityUtils
2025-05-15 00:44:17.366 [INFO] ++++++++++ EntityUtils custom_serializers: {}
2025-05-15 08:41:46.880 [INFO] ++++++++++ Creating EntityUtils
2025-05-15 08:41:46.883 [INFO] ++++++++++ EntityUtils custom_serializers: {}
2025-05-15 08:41:46.920 [INFO] ++++++++++ Creating EntityUtils
2025-05-15 08:41:46.921 [INFO] ++++++++++ EntityUtils custom_serializers: {}
2025-05-15 08:41:46.928 [INFO] ++++++++++ Creating EntityUtils
2025-05-15 08:41:46.929 [INFO] ++++++++++ EntityUtils custom_serializers: {}
2025-05-15 08:41:55.745 [INFO] Setting up test environment...
2025-05-15 08:41:55.747 [INFO] Removing .\.pytest_cache
2025-05-15 08:41:55.839 [INFO] Test files in this session: {'c:\\Users\\Phil\\Desktop\\Projects\\shared-libs\\python\\errors\\tests\\test_error.py'}
2025-05-15 08:41:55.841 [INFO] No Docker Compose files found for any test files. Continuing without Docker setup.
2025-05-15 08:41:55.975 [INFO] Tearing down test environment...
2025-05-15 08:43:30.707 [INFO] ++++++++++ Creating EntityUtils
2025-05-15 08:43:30.712 [INFO] ++++++++++ EntityUtils custom_serializers: {}
2025-05-15 08:43:30.732 [INFO] ++++++++++ Creating EntityUtils
2025-05-15 08:43:30.733 [INFO] ++++++++++ EntityUtils custom_serializers: {}
2025-05-15 08:43:30.739 [INFO] ++++++++++ Creating EntityUtils
2025-05-15 08:43:30.740 [INFO] ++++++++++ EntityUtils custom_serializers: {}
2025-05-15 08:43:35.910 [INFO] Setting up test environment...
2025-05-15 08:43:35.912 [INFO] Removing .\.pytest_cache
2025-05-15 08:43:35.942 [INFO] Test files in this session: {'c:\\Users\\Phil\\Desktop\\Projects\\shared-libs\\python\\errors\\tests\\test_error.py'}
2025-05-15 08:43:35.947 [INFO] No Docker Compose files found for any test files. Continuing without Docker setup.
2025-05-15 08:43:36.094 [INFO] Tearing down test environment...
2025-05-15 08:44:18.229 [INFO] ++++++++++ Creating EntityUtils
2025-05-15 08:44:18.231 [INFO] ++++++++++ EntityUtils custom_serializers: {}
2025-05-15 08:44:18.243 [INFO] ++++++++++ Creating EntityUtils
2025-05-15 08:44:18.244 [INFO] ++++++++++ EntityUtils custom_serializers: {}
2025-05-15 08:44:18.250 [INFO] ++++++++++ Creating EntityUtils
2025-05-15 08:44:18.251 [INFO] ++++++++++ EntityUtils custom_serializers: {}
2025-05-15 08:44:19.975 [INFO] Setting up test environment...
2025-05-15 08:44:19.980 [INFO] Removing .\.pytest_cache
2025-05-15 08:44:20.023 [INFO] Test files in this session: {'c:\\Users\\Phil\\Desktop\\Projects\\shared-libs\\python\\errors\\tests\\test_error.py'}
2025-05-15 08:44:20.025 [INFO] No Docker Compose files found for any test files. Continuing without Docker setup.
2025-05-15 08:44:20.208 [INFO] Tearing down test environment...
2025-05-15 08:44:32.076 [INFO] ++++++++++ Creating EntityUtils
2025-05-15 08:44:32.079 [INFO] ++++++++++ EntityUtils custom_serializers: {}
2025-05-15 08:44:32.088 [INFO] ++++++++++ Creating EntityUtils
2025-05-15 08:44:32.089 [INFO] ++++++++++ EntityUtils custom_serializers: {}
2025-05-15 08:44:32.099 [INFO] ++++++++++ Creating EntityUtils
2025-05-15 08:44:32.100 [INFO] ++++++++++ EntityUtils custom_serializers: {}
2025-05-15 08:44:37.536 [INFO] Setting up test environment...
2025-05-15 08:44:37.539 [INFO] Removing .\.pytest_cache
2025-05-15 08:44:37.567 [INFO] Test files in this session: {'c:\\Users\\Phil\\Desktop\\Projects\\shared-libs\\python\\errors\\tests\\test_error.py'}
2025-05-15 08:44:37.574 [INFO] No Docker Compose files found for any test files. Continuing without Docker setup.
2025-05-15 08:44:37.576 [ERROR] An error happened in register: Connection refused
Call chain: register -> api_register
Consequences: Connection refused
Official message: Internal Error
Location: c:\Users\Phil\Desktop\Projects\shared-libs\python\errors\tests\test_error.py connect line 7
2025-05-15 08:44:37.700 [INFO] Tearing down test environment...
2025-05-15 09:12:29.908 [INFO] ++++++++++ Creating EntityUtils
2025-05-15 09:12:29.911 [INFO] ++++++++++ EntityUtils custom_serializers: {}
2025-05-15 09:12:29.921 [INFO] ++++++++++ Creating EntityUtils
2025-05-15 09:12:29.922 [INFO] ++++++++++ EntityUtils custom_serializers: {}
2025-05-15 09:12:29.927 [INFO] ++++++++++ Creating EntityUtils
2025-05-15 09:12:29.928 [INFO] ++++++++++ EntityUtils custom_serializers: {}
2025-05-15 09:12:37.185 [INFO] Setting up test environment...
2025-05-15 09:12:37.190 [INFO] Removing .\.pytest_cache
2025-05-15 09:12:37.224 [INFO] Test files in this session: {'c:\\Users\\Phil\\Desktop\\Projects\\shared-libs\\python\\errors\\tests\\test_error.py'}
2025-05-15 09:12:37.226 [INFO] No Docker Compose files found for any test files. Continuing without Docker setup.
2025-05-15 09:12:37.230 [ERROR] An error happened in register: Connection refused
Call chain: register -> api_register
Consequences: Connection refused
Official message: Internal Error
Location: c:\Users\Phil\Desktop\Projects\shared-libs\python\errors\tests\test_error.py connect line 7
2025-05-15 09:12:37.341 [INFO] Tearing down test environment...
2025-05-15 09:13:03.123 [INFO] ++++++++++ Creating EntityUtils
2025-05-15 09:13:03.126 [INFO] ++++++++++ EntityUtils custom_serializers: {}
2025-05-15 09:13:03.134 [INFO] ++++++++++ Creating EntityUtils
2025-05-15 09:13:03.135 [INFO] ++++++++++ EntityUtils custom_serializers: {}
2025-05-15 09:13:03.139 [INFO] ++++++++++ Creating EntityUtils
2025-05-15 09:13:03.140 [INFO] ++++++++++ EntityUtils custom_serializers: {}
2025-05-15 09:19:53.374 [INFO] ++++++++++ Creating EntityUtils
2025-05-15 09:19:53.376 [INFO] ++++++++++ EntityUtils custom_serializers: {}
2025-05-15 09:19:53.386 [INFO] ++++++++++ Creating EntityUtils
2025-05-15 09:19:53.387 [INFO] ++++++++++ EntityUtils custom_serializers: {}
2025-05-15 09:19:53.392 [INFO] ++++++++++ Creating EntityUtils
2025-05-15 09:19:53.393 [INFO] ++++++++++ EntityUtils custom_serializers: {}
2025-05-15 09:19:57.339 [INFO] Setting up test environment...
2025-05-15 09:19:57.345 [INFO] Removing .\.pytest_cache
2025-05-15 09:19:57.440 [INFO] Test files in this session: {'c:\\Users\\Phil\\Desktop\\Projects\\shared-libs\\python\\errors\\tests\\test_error.py'}
2025-05-15 09:19:57.448 [INFO] No Docker Compose files found for any test files. Continuing without Docker setup.
2025-05-15 09:19:57.451 [ERROR] An error happened in register: Connection refused
Call chain: register -> api_register
Consequences: Connection refused
Official message: Internal Error
Location: connect c:\Users\Phil\Desktop\Projects\shared-libs\python\errors\tests\test_error.py line 7
2025-05-15 09:19:57.565 [INFO] Tearing down test environment...
2025-05-15 09:32:18.915 [INFO] ++++++++++ Creating EntityUtils
2025-05-15 09:32:18.917 [INFO] ++++++++++ EntityUtils custom_serializers: {}
2025-05-15 09:32:18.926 [INFO] ++++++++++ Creating EntityUtils
2025-05-15 09:32:18.927 [INFO] ++++++++++ EntityUtils custom_serializers: {}
2025-05-15 09:32:18.931 [INFO] ++++++++++ Creating EntityUtils
2025-05-15 09:32:18.932 [INFO] ++++++++++ EntityUtils custom_serializers: {}
2025-05-15 09:32:22.535 [INFO] Setting up test environment...
2025-05-15 09:32:22.538 [INFO] Removing .\.pytest_cache
2025-05-15 09:32:22.673 [INFO] Test files in this session: {'c:\\Users\\Phil\\Desktop\\Projects\\shared-libs\\python\\errors\\tests\\test_error.py'}
2025-05-15 09:32:22.677 [INFO] No Docker Compose files found for any test files. Continuing without Docker setup.
2025-05-15 09:32:22.681 [ERROR] An error happened in try_catch.helper: Connection refused
Call chain: register -> api_register
Consequences: Connection refused
Official message: Internal Error
Location: connect c:\Users\Phil\Desktop\Projects\shared-libs\python\errors\tests\test_error.py line 7
2025-05-15 09:32:22.825 [INFO] Tearing down test environment...
2025-05-15 09:33:48.295 [INFO] ++++++++++ Creating EntityUtils
2025-05-15 09:33:48.297 [INFO] ++++++++++ EntityUtils custom_serializers: {}
2025-05-15 09:33:48.307 [INFO] ++++++++++ Creating EntityUtils
2025-05-15 09:33:48.307 [INFO] ++++++++++ EntityUtils custom_serializers: {}
2025-05-15 09:33:48.312 [INFO] ++++++++++ Creating EntityUtils
2025-05-15 09:33:48.313 [INFO] ++++++++++ EntityUtils custom_serializers: {}
2025-05-15 09:33:52.887 [INFO] Setting up test environment...
2025-05-15 09:33:52.893 [INFO] Removing .\.pytest_cache
2025-05-15 09:33:52.939 [INFO] Test files in this session: {'c:\\Users\\Phil\\Desktop\\Projects\\shared-libs\\python\\errors\\tests\\test_error.py'}
2025-05-15 09:33:52.946 [INFO] No Docker Compose files found for any test files. Continuing without Docker setup.
2025-05-15 09:33:52.956 [ERROR] An error happened in try_catch.helper: Connection refused
Call chain: register -> api_register
Consequences: Connection refused
Official message: Internal Error
Location: connect c:\Users\Phil\Desktop\Projects\shared-libs\python\errors\tests\test_error.py line 7
2025-05-15 09:33:53.093 [INFO] Tearing down test environment...
2025-05-15 09:35:08.893 [INFO] ++++++++++ Creating EntityUtils
2025-05-15 09:35:08.896 [INFO] ++++++++++ EntityUtils custom_serializers: {}
2025-05-15 09:35:08.907 [INFO] ++++++++++ Creating EntityUtils
2025-05-15 09:35:08.909 [INFO] ++++++++++ EntityUtils custom_serializers: {}
2025-05-15 09:35:08.914 [INFO] ++++++++++ Creating EntityUtils
2025-05-15 09:35:08.915 [INFO] ++++++++++ EntityUtils custom_serializers: {}
2025-05-15 09:35:12.695 [INFO] Setting up test environment...
2025-05-15 09:35:12.698 [INFO] Removing .\.pytest_cache
2025-05-15 09:35:12.742 [INFO] Test files in this session: {'c:\\Users\\Phil\\Desktop\\Projects\\shared-libs\\python\\errors\\tests\\test_error.py'}
2025-05-15 09:35:12.746 [INFO] No Docker Compose files found for any test files. Continuing without Docker setup.
2025-05-15 09:35:12.754 [ERROR] An error happened in try_catch.helper: Connection refused
Call chain: register -> api_register
Consequences: Connection refused
Official message: Internal Error
Location: connect c:\Users\Phil\Desktop\Projects\shared-libs\python\errors\tests\test_error.py line 7
2025-05-15 09:35:12.876 [INFO] Tearing down test environment...
2025-05-15 09:35:35.449 [INFO] ++++++++++ Creating EntityUtils
2025-05-15 09:35:35.452 [INFO] ++++++++++ EntityUtils custom_serializers: {}
2025-05-15 09:35:35.462 [INFO] ++++++++++ Creating EntityUtils
2025-05-15 09:35:35.463 [INFO] ++++++++++ EntityUtils custom_serializers: {}
2025-05-15 09:35:35.473 [INFO] ++++++++++ Creating EntityUtils
2025-05-15 09:35:35.474 [INFO] ++++++++++ EntityUtils custom_serializers: {}
2025-05-15 09:35:36.558 [INFO] Setting up test environment...
2025-05-15 09:35:36.562 [INFO] Removing .\.pytest_cache
2025-05-15 09:35:36.638 [INFO] Test files in this session: {'c:\\Users\\Phil\\Desktop\\Projects\\shared-libs\\python\\errors\\tests\\test_error.py'}
2025-05-15 09:35:36.648 [INFO] No Docker Compose files found for any test files. Continuing without Docker setup.
2025-05-15 09:35:36.652 [ERROR] An error happened in try_catch.helper: Connection refused
Call chain: register -> api_register
Consequences: Connection refused
Official message: Internal Error
Location: connect c:\Users\Phil\Desktop\Projects\shared-libs\python\errors\tests\test_error.py line 7
2025-05-15 09:35:36.857 [INFO] Tearing down test environment...
2025-05-15 09:37:02.028 [INFO] ++++++++++ Creating EntityUtils
2025-05-15 09:37:02.030 [INFO] ++++++++++ EntityUtils custom_serializers: {}
2025-05-15 09:37:02.037 [INFO] ++++++++++ Creating EntityUtils
2025-05-15 09:37:02.038 [INFO] ++++++++++ EntityUtils custom_serializers: {}
2025-05-15 09:37:02.042 [INFO] ++++++++++ Creating EntityUtils
2025-05-15 09:37:02.043 [INFO] ++++++++++ EntityUtils custom_serializers: {}
2025-05-15 09:37:06.767 [INFO] Setting up test environment...
2025-05-15 09:37:06.769 [INFO] Removing .\.pytest_cache
2025-05-15 09:37:06.819 [INFO] Test files in this session: {'c:\\Users\\Phil\\Desktop\\Projects\\shared-libs\\python\\errors\\tests\\test_error.py'}
2025-05-15 09:37:06.825 [INFO] No Docker Compose files found for any test files. Continuing without Docker setup.
2025-05-15 09:37:06.828 [ERROR] Connection refused
Call chain: register -> api_register
Consequences: Connection refused
Official message: Internal Error
Location: c:\Users\Phil\Desktop\Projects\shared-libs\python\errors\error.py __init__ line 379
2025-05-15 09:37:06.979 [INFO] Tearing down test environment...
2025-05-15 09:38:29.219 [INFO] ++++++++++ Creating EntityUtils
2025-05-15 09:38:29.221 [INFO] ++++++++++ EntityUtils custom_serializers: {}
2025-05-15 09:38:29.236 [INFO] ++++++++++ Creating EntityUtils
2025-05-15 09:38:29.237 [INFO] ++++++++++ EntityUtils custom_serializers: {}
2025-05-15 09:38:29.242 [INFO] ++++++++++ Creating EntityUtils
2025-05-15 09:38:29.243 [INFO] ++++++++++ EntityUtils custom_serializers: {}
2025-05-15 09:38:30.947 [INFO] Setting up test environment...
2025-05-15 09:38:30.950 [INFO] Removing .\.pytest_cache
2025-05-15 09:38:31.023 [INFO] Test files in this session: {'c:\\Users\\Phil\\Desktop\\Projects\\shared-libs\\python\\errors\\tests\\test_error.py'}
2025-05-15 09:38:31.029 [INFO] No Docker Compose files found for any test files. Continuing without Docker setup.
2025-05-15 09:38:31.034 [INFO] ##### c:\Users\Phil\Desktop\Projects\shared-libs\python\errors\tests\test_error.py
2025-05-15 09:38:31.037 [INFO] ##### c:\Users\Phil\Desktop\Projects\shared-libs\python\errors\tests\test_error.py
2025-05-15 09:38:31.039 [INFO] ##### c:\Users\Phil\Desktop\Projects\shared-libs\python\errors\tests\test_error.py
2025-05-15 09:38:31.042 [INFO] ##### c:\Users\Phil\Desktop\Projects\shared-libs\python\errors\try_catch.py
2025-05-15 09:38:31.047 [INFO] ##### c:\Users\Phil\Desktop\Projects\shared-libs\python\errors\try_catch.py
2025-05-15 09:38:31.048 [INFO] ##### c:\Users\Phil\Desktop\Projects\shared-libs\python\errors\try_catch.py
2025-05-15 09:38:31.049 [INFO] ##### c:\Users\Phil\Desktop\Projects\shared-libs\python\errors\tests\test_error.py
2025-05-15 09:38:31.050 [INFO] ##### c:\Users\Phil\Desktop\Projects\shared-libs\python\errors\try_catch.py
2025-05-15 09:38:31.052 [INFO] ##### c:\Users\Phil\Desktop\Projects\shared-libs\python\errors\try_catch.py
2025-05-15 09:38:31.059 [INFO] ##### c:\Users\Phil\Desktop\Projects\shared-libs\python\errors\try_catch.py
2025-05-15 09:38:31.060 [INFO] ##### c:\Users\Phil\Desktop\Projects\shared-libs\python\errors\tests\test_error.py
2025-05-15 09:38:31.061 [INFO] ##### c:\Users\Phil\Desktop\Projects\shared-libs\python\errors\try_catch.py
2025-05-15 09:38:31.063 [ERROR] Connection refused
Call chain: register -> api_register
Consequences: Connection refused
Official message: Internal Error
Location: c:\Users\Phil\Desktop\Projects\shared-libs\python\errors\error.py __init__ line 380
2025-05-15 09:38:31.344 [INFO] Tearing down test environment...
2025-05-15 09:38:31.347 [INFO] Removing .\.pytest_cache
2025-05-15 09:39:12.014 [INFO] ++++++++++ Creating EntityUtils
2025-05-15 09:39:12.016 [INFO] ++++++++++ EntityUtils custom_serializers: {}
2025-05-15 09:39:12.029 [INFO] ++++++++++ Creating EntityUtils
2025-05-15 09:39:12.031 [INFO] ++++++++++ EntityUtils custom_serializers: {}
2025-05-15 09:39:12.036 [INFO] ++++++++++ Creating EntityUtils
2025-05-15 09:39:12.037 [INFO] ++++++++++ EntityUtils custom_serializers: {}
2025-05-15 09:39:13.234 [INFO] Setting up test environment...
2025-05-15 09:39:13.236 [INFO] Removing .\.pytest_cache
2025-05-15 09:39:13.282 [INFO] Test files in this session: {'c:\\Users\\Phil\\Desktop\\Projects\\shared-libs\\python\\errors\\tests\\test_error.py'}
2025-05-15 09:39:13.287 [INFO] No Docker Compose files found for any test files. Continuing without Docker setup.
2025-05-15 09:39:13.290 [INFO] ##### c:\Users\Phil\Desktop\Projects\shared-libs\python\errors\tests\test_error.py
2025-05-15 09:39:13.291 [INFO] %%%%% c:\Users\Phil\Desktop\Projects\shared-libs\python\errors\tests\test_error.py
2025-05-15 09:39:13.292 [INFO] ##### c:\Users\Phil\Desktop\Projects\shared-libs\python\errors\try_catch.py
2025-05-15 09:39:13.293 [INFO] ##### c:\Users\Phil\Desktop\Projects\shared-libs\python\errors\try_catch.py
2025-05-15 09:39:13.294 [INFO] ##### c:\Users\Phil\Desktop\Projects\shared-libs\python\errors\tests\test_error.py
2025-05-15 09:39:13.295 [INFO] %%%%% c:\Users\Phil\Desktop\Projects\shared-libs\python\errors\tests\test_error.py
2025-05-15 09:39:13.296 [INFO] ##### c:\Users\Phil\Desktop\Projects\shared-libs\python\errors\try_catch.py
2025-05-15 09:39:13.297 [INFO] ##### c:\Users\Phil\Desktop\Projects\shared-libs\python\errors\try_catch.py
2025-05-15 09:39:13.298 [INFO] ##### c:\Users\Phil\Desktop\Projects\shared-libs\python\errors\tests\test_error.py
2025-05-15 09:39:13.299 [INFO] %%%%% c:\Users\Phil\Desktop\Projects\shared-libs\python\errors\tests\test_error.py
2025-05-15 09:39:13.300 [ERROR] An error happened in test_error.api_register: Connection refused
Call chain: register -> api_register
Consequences: Connection refused
Official message: Internal Error
Location: connect c:\Users\Phil\Desktop\Projects\shared-libs\python\errors\tests\test_error.py line 7
2025-05-15 09:39:13.463 [INFO] Tearing down test environment...
2025-05-15 09:40:01.311 [INFO] ++++++++++ Creating EntityUtils
2025-05-15 09:40:01.313 [INFO] ++++++++++ EntityUtils custom_serializers: {}
2025-05-15 09:40:01.322 [INFO] ++++++++++ Creating EntityUtils
2025-05-15 09:40:01.324 [INFO] ++++++++++ EntityUtils custom_serializers: {}
2025-05-15 09:40:01.329 [INFO] ++++++++++ Creating EntityUtils
2025-05-15 09:40:01.330 [INFO] ++++++++++ EntityUtils custom_serializers: {}
2025-05-15 09:40:05.768 [INFO] Setting up test environment...
2025-05-15 09:40:05.770 [INFO] Removing .\.pytest_cache
2025-05-15 09:40:05.813 [INFO] Test files in this session: {'c:\\Users\\Phil\\Desktop\\Projects\\shared-libs\\python\\errors\\tests\\test_error.py'}
2025-05-15 09:40:05.815 [INFO] No Docker Compose files found for any test files. Continuing without Docker setup.
2025-05-15 09:40:05.818 [ERROR] An error happened in test_error.api_register: Connection refused
Call chain: register -> api_register
Consequences: Connection refused
Official message: Internal Error
Location: connect c:\Users\Phil\Desktop\Projects\shared-libs\python\errors\tests\test_error.py line 7
2025-05-15 09:40:05.973 [INFO] base
Consequences: top level
Official message: Internal Error
Location: test_error_encoding_with_nested_errors c:\Users\Phil\Desktop\Projects\shared-libs\python\errors\tests\test_error.py line 71
2025-05-15 09:40:05.978 [ERROR] Error:
An error happened in test_error.pay_stripe_error: Stripe Failure
Call chain: pay_stripe_error -> main_stripe_error -> server_process_request_stripe_error
Consequences: Could not process payment with Stripe -> App failed -> Web service failed
Action: Investigate stripe error -> Investigate App issue -> Investigate web service issue
Official message: Your payment could not be processed. You have not been charged
Location: pay_stripe_error c:\Users\Phil\Desktop\Projects\shared-libs\python\errors\tests\test_error.py line 109
2025-05-15 09:40:05.981 [ERROR] Error:
An error happened in Postgres.reconnect: Connection refused
Call chain: Database.connect -> Postgres.reconnect -> do -> pay_processing_error -> main_processing_error -> server_process_request_processing_error
Consequences: Could not pay -> App failed
Action: Refund the client -> Investigate
Official message: Internal Error
Location: connect c:\Users\Phil\Desktop\Projects\shared-libs\python\errors\tests\test_error.py line 85
2025-05-15 09:40:05.995 [ERROR] API Error:
An error happened in test_error.process_payment: Stripe Failure
Call chain: process_payment -> execute_transaction
Consequences: Could not process payment with Stripe -> App failed
Action: Investigate stripe error -> Investigate App issue
Official message: Your payment could not be processed. You have not been charged
Location: process_payment c:\Users\Phil\Desktop\Projects\shared-libs\python\errors\tests\test_error.py line 169
2025-05-15 09:40:06.000 [INFO] Tearing down test environment...
2025-05-15 09:41:11.939 [INFO] ++++++++++ Creating EntityUtils
2025-05-15 09:41:11.942 [INFO] ++++++++++ EntityUtils custom_serializers: {}
2025-05-15 09:41:11.951 [INFO] ++++++++++ Creating EntityUtils
2025-05-15 09:41:11.952 [INFO] ++++++++++ EntityUtils custom_serializers: {}
2025-05-15 09:41:11.958 [INFO] ++++++++++ Creating EntityUtils
2025-05-15 09:41:11.959 [INFO] ++++++++++ EntityUtils custom_serializers: {}
2025-05-15 09:41:15.080 [INFO] Setting up test environment...
2025-05-15 09:41:15.083 [INFO] Removing .\.pytest_cache
2025-05-15 09:41:15.131 [INFO] Test files in this session: {'c:\\Users\\Phil\\Desktop\\Projects\\shared-libs\\python\\errors\\tests\\test_error.py'}
2025-05-15 09:41:15.138 [INFO] No Docker Compose files found for any test files. Continuing without Docker setup.
2025-05-15 09:41:15.141 [INFO] ##### c:\Users\Phil\Desktop\Projects\shared-libs\python\errors\tests\test_error.py
2025-05-15 09:41:15.142 [INFO] %%%%% c:\Users\Phil\Desktop\Projects\shared-libs\python\errors\tests\test_error.py
2025-05-15 09:41:15.144 [INFO] ##### c:\Users\Phil\Desktop\Projects\shared-libs\python\errors\try_catch.py
2025-05-15 09:41:15.144 [INFO] ##### c:\Users\Phil\Desktop\Projects\shared-libs\python\errors\try_catch.py
2025-05-15 09:41:15.145 [INFO] ##### c:\Users\Phil\Desktop\Projects\shared-libs\python\errors\tests\test_error.py
2025-05-15 09:41:15.146 [INFO] %%%%% c:\Users\Phil\Desktop\Projects\shared-libs\python\errors\tests\test_error.py
2025-05-15 09:41:15.147 [INFO] ##### c:\Users\Phil\Desktop\Projects\shared-libs\python\errors\try_catch.py
2025-05-15 09:41:15.148 [INFO] ##### c:\Users\Phil\Desktop\Projects\shared-libs\python\errors\try_catch.py
2025-05-15 09:41:15.149 [INFO] ##### c:\Users\Phil\Desktop\Projects\shared-libs\python\errors\tests\test_error.py
2025-05-15 09:41:15.150 [INFO] %%%%% c:\Users\Phil\Desktop\Projects\shared-libs\python\errors\tests\test_error.py
2025-05-15 09:41:15.151 [ERROR] An error happened in test_error.api_register: Connection refused
Call chain: register -> api_register
Consequences: Connection refused
Official message: Internal Error
Location: connect c:\Users\Phil\Desktop\Projects\shared-libs\python\errors\tests\test_error.py line 7
2025-05-15 09:41:15.331 [INFO] Tearing down test environment...
2025-05-15 09:41:39.006 [INFO] ++++++++++ Creating EntityUtils
2025-05-15 09:41:39.008 [INFO] ++++++++++ EntityUtils custom_serializers: {}
2025-05-15 09:41:39.018 [INFO] ++++++++++ Creating EntityUtils
2025-05-15 09:41:39.019 [INFO] ++++++++++ EntityUtils custom_serializers: {}
2025-05-15 09:41:39.025 [INFO] ++++++++++ Creating EntityUtils
2025-05-15 09:41:39.026 [INFO] ++++++++++ EntityUtils custom_serializers: {}
2025-05-15 09:41:41.459 [INFO] Setting up test environment...
2025-05-15 09:41:41.464 [INFO] Removing .\.pytest_cache
2025-05-15 09:41:41.518 [INFO] Test files in this session: {'c:\\Users\\Phil\\Desktop\\Projects\\shared-libs\\python\\errors\\tests\\test_error.py'}
2025-05-15 09:41:41.520 [INFO] No Docker Compose files found for any test files. Continuing without Docker setup.
2025-05-15 09:41:41.524 [INFO] ##### connect
2025-05-15 09:41:41.525 [INFO] %%%%% connect
2025-05-15 09:41:41.526 [INFO] ##### helper
2025-05-15 09:41:41.528 [INFO] ##### wrapper
2025-05-15 09:41:41.529 [INFO] ##### api_register
2025-05-15 09:41:41.531 [INFO] %%%%% api_register
2025-05-15 09:41:41.532 [INFO] ##### helper
2025-05-15 09:41:41.535 [INFO] ##### wrapper
2025-05-15 09:41:41.537 [INFO] ##### api_register
2025-05-15 09:41:41.539 [INFO] %%%%% api_register
2025-05-15 09:41:41.540 [ERROR] An error happened in test_error.api_register: Connection refused
Call chain: register -> api_register
Consequences: Connection refused
Official message: Internal Error
Location: connect c:\Users\Phil\Desktop\Projects\shared-libs\python\errors\tests\test_error.py line 7
2025-05-15 09:41:41.915 [INFO] Tearing down test environment...
2025-05-15 09:42:34.074 [INFO] ++++++++++ Creating EntityUtils
2025-05-15 09:42:34.077 [INFO] ++++++++++ EntityUtils custom_serializers: {}
2025-05-15 09:42:34.087 [INFO] ++++++++++ Creating EntityUtils
2025-05-15 09:42:34.088 [INFO] ++++++++++ EntityUtils custom_serializers: {}
2025-05-15 09:42:34.094 [INFO] ++++++++++ Creating EntityUtils
2025-05-15 09:42:34.096 [INFO] ++++++++++ EntityUtils custom_serializers: {}
2025-05-15 09:42:35.369 [INFO] Setting up test environment...
2025-05-15 09:42:35.372 [INFO] Removing .\.pytest_cache
2025-05-15 09:42:35.417 [INFO] Test files in this session: {'c:\\Users\\Phil\\Desktop\\Projects\\shared-libs\\python\\errors\\tests\\test_error.py'}
2025-05-15 09:42:35.422 [INFO] No Docker Compose files found for any test files. Continuing without Docker setup.
2025-05-15 09:42:35.424 [INFO] ##### connect
2025-05-15 09:42:35.425 [INFO] %%%%% connect
2025-05-15 09:42:35.426 [INFO] **** connect
2025-05-15 09:42:35.427 [INFO] ##### helper
2025-05-15 09:42:35.428 [INFO] ##### wrapper
2025-05-15 09:42:35.429 [INFO] ##### api_register
2025-05-15 09:42:35.429 [INFO] %%%%% api_register
2025-05-15 09:42:35.430 [INFO] **** api_register
2025-05-15 09:42:35.431 [INFO] ##### helper
2025-05-15 09:42:35.432 [INFO] ##### wrapper
2025-05-15 09:42:35.433 [INFO] ##### api_register
2025-05-15 09:42:35.435 [INFO] %%%%% api_register
2025-05-15 09:42:35.436 [INFO] **** api_register
2025-05-15 09:42:35.438 [ERROR] An error happened in test_error.api_register: Connection refused
Call chain: register -> api_register
Consequences: Connection refused
Official message: Internal Error
Location: connect c:\Users\Phil\Desktop\Projects\shared-libs\python\errors\tests\test_error.py line 7
2025-05-15 09:42:35.590 [INFO] Tearing down test environment...
2025-05-15 09:43:34.766 [INFO] ++++++++++ Creating EntityUtils
2025-05-15 09:43:34.768 [INFO] ++++++++++ EntityUtils custom_serializers: {}
2025-05-15 09:43:34.788 [INFO] ++++++++++ Creating EntityUtils
2025-05-15 09:43:34.789 [INFO] ++++++++++ EntityUtils custom_serializers: {}
2025-05-15 09:43:34.796 [INFO] ++++++++++ Creating EntityUtils
2025-05-15 09:43:34.801 [INFO] ++++++++++ EntityUtils custom_serializers: {}
2025-05-15 09:43:36.788 [INFO] Setting up test environment...
2025-05-15 09:43:36.791 [INFO] Removing .\.pytest_cache
2025-05-15 09:43:36.868 [INFO] Test files in this session: {'c:\\Users\\Phil\\Desktop\\Projects\\shared-libs\\python\\errors\\tests\\test_error.py'}
2025-05-15 09:43:36.873 [INFO] No Docker Compose files found for any test files. Continuing without Docker setup.
2025-05-15 09:43:36.876 [INFO] ##### connect
2025-05-15 09:43:36.877 [INFO] %%%%% connect
2025-05-15 09:43:36.879 [INFO] **** connect tag: None
2025-05-15 09:43:36.881 [INFO] ##### helper
2025-05-15 09:43:36.883 [INFO] ##### wrapper
2025-05-15 09:43:36.884 [INFO] ##### api_register
2025-05-15 09:43:36.885 [INFO] %%%%% api_register
2025-05-15 09:43:36.886 [INFO] **** api_register tag: None
2025-05-15 09:43:36.887 [INFO] ##### helper
2025-05-15 09:43:36.888 [INFO] ##### wrapper
2025-05-15 09:43:36.889 [INFO] ##### api_register
2025-05-15 09:43:36.890 [INFO] %%%%% api_register
2025-05-15 09:43:36.890 [INFO] **** api_register tag: to_string
2025-05-15 09:43:36.891 [ERROR] An error happened in test_error.api_register: Connection refused
Call chain: register -> api_register
Consequences: Connection refused
Official message: Internal Error
Location: connect c:\Users\Phil\Desktop\Projects\shared-libs\python\errors\tests\test_error.py line 7
2025-05-15 09:43:37.066 [INFO] Tearing down test environment...
2025-05-15 09:44:35.190 [INFO] ++++++++++ Creating EntityUtils
2025-05-15 09:44:35.193 [INFO] ++++++++++ EntityUtils custom_serializers: {}
2025-05-15 09:44:35.207 [INFO] ++++++++++ Creating EntityUtils
2025-05-15 09:44:35.208 [INFO] ++++++++++ EntityUtils custom_serializers: {}
2025-05-15 09:44:35.212 [INFO] ++++++++++ Creating EntityUtils
2025-05-15 09:44:35.213 [INFO] ++++++++++ EntityUtils custom_serializers: {}
2025-05-15 09:44:39.218 [INFO] Setting up test environment...
2025-05-15 09:44:39.220 [INFO] Removing .\.pytest_cache
2025-05-15 09:44:39.257 [INFO] Test files in this session: {'c:\\Users\\Phil\\Desktop\\Projects\\shared-libs\\python\\errors\\tests\\test_error.py'}
2025-05-15 09:44:39.259 [INFO] No Docker Compose files found for any test files. Continuing without Docker setup.
2025-05-15 09:44:39.262 [INFO] ##### connect
2025-05-15 09:44:39.262 [INFO] %%%%% connect
2025-05-15 09:44:39.263 [INFO] **** connect tag: None
2025-05-15 09:44:39.264 [INFO] ##### helper
2025-05-15 09:44:39.265 [INFO] ##### wrapper
2025-05-15 09:44:39.266 [INFO] ##### api_register
2025-05-15 09:44:39.267 [INFO] %%%%% api_register
2025-05-15 09:44:39.268 [INFO] **** api_register tag: None
2025-05-15 09:44:39.269 [INFO] ##### connect
2025-05-15 09:44:39.270 [INFO] %%%%% connect
2025-05-15 09:44:39.270 [INFO] **** connect tag: to_string
2025-05-15 09:44:39.271 [ERROR] An error happened in test_error.connect: Connection refused
Call chain: register -> api_register
Consequences: Connection refused
Official message: Internal Error
Location: connect c:\Users\Phil\Desktop\Projects\shared-libs\python\errors\tests\test_error.py line 7
2025-05-15 09:44:39.399 [INFO] Tearing down test environment...
2025-05-15 09:45:19.772 [INFO] Setting up test environment...
2025-05-15 09:45:19.775 [INFO] Removing .\.pytest_cache
2025-05-15 09:45:19.808 [INFO] Test files in this session: {'c:\\Users\\Phil\\Desktop\\Projects\\shared-libs\\python\\errors\\tests\\test_error.py'}
2025-05-15 09:45:19.812 [INFO] No Docker Compose files found for any test files. Continuing without Docker setup.
2025-05-15 09:45:19.815 [INFO] ##### pay_stripe_error
2025-05-15 09:45:19.817 [INFO] %%%%% pay_stripe_error
2025-05-15 09:45:19.818 [INFO] **** pay_stripe_error tag: None
2025-05-15 09:45:19.819 [INFO] ##### pay_stripe_error
2025-05-15 09:45:19.820 [INFO] %%%%% pay_stripe_error
2025-05-15 09:45:19.821 [INFO] **** pay_stripe_error tag: None
2025-05-15 09:45:19.821 [INFO] ##### helper
2025-05-15 09:45:19.822 [INFO] ##### wrapper
2025-05-15 09:45:19.823 [INFO] ##### server_process_request_stripe_error
2025-05-15 09:45:19.823 [INFO] %%%%% server_process_request_stripe_error
2025-05-15 09:45:19.824 [INFO] **** server_process_request_stripe_error tag: None
2025-05-15 09:45:19.825 [INFO] ##### pay_stripe_error
2025-05-15 09:45:19.826 [INFO] %%%%% pay_stripe_error
2025-05-15 09:45:19.826 [INFO] **** pay_stripe_error tag: to_string
2025-05-15 09:45:19.827 [ERROR] Error:
An error happened in test_error.pay_stripe_error: Stripe Failure
Call chain: pay_stripe_error -> main_stripe_error -> server_process_request_stripe_error
Consequences: Could not process payment with Stripe -> App failed -> Web service failed
Action: Investigate stripe error -> Investigate App issue -> Investigate web service issue
Official message: Your payment could not be processed. You have not been charged
Location: pay_stripe_error c:\Users\Phil\Desktop\Projects\shared-libs\python\errors\tests\test_error.py line 109
2025-05-15 09:45:19.828 [INFO] ##### connect
2025-05-15 09:45:19.829 [INFO] %%%%% connect
2025-05-15 09:45:19.829 [INFO] **** connect tag: None
2025-05-15 09:45:19.830 [INFO] ##### helper
2025-05-15 09:45:19.831 [INFO] ##### wrapper
2025-05-15 09:45:19.832 [INFO] ##### reconnect
2025-05-15 09:45:19.832 [INFO] %%%%% reconnect
2025-05-15 09:45:19.833 [INFO] **** reconnect tag: None
2025-05-15 09:45:19.836 [INFO] ##### helper
2025-05-15 09:45:19.838 [INFO] ##### wrapper
2025-05-15 09:45:19.839 [INFO] ##### do
2025-05-15 09:45:19.841 [INFO] %%%%% do
2025-05-15 09:45:19.842 [INFO] **** do tag: None
2025-05-15 09:45:19.843 [INFO] ##### helper
2025-05-15 09:45:19.844 [INFO] ##### wrapper
2025-05-15 09:45:19.845 [INFO] ##### pay_processing_error
2025-05-15 09:45:19.846 [INFO] %%%%% pay_processing_error
2025-05-15 09:45:19.847 [INFO] **** pay_processing_error tag: None
2025-05-15 09:45:19.848 [INFO] ##### helper
2025-05-15 09:45:19.848 [INFO] ##### wrapper
2025-05-15 09:45:19.849 [INFO] ##### main_processing_error
2025-05-15 09:45:19.850 [INFO] %%%%% main_processing_error
2025-05-15 09:45:19.851 [INFO] **** main_processing_error tag: None
2025-05-15 09:45:19.852 [INFO] ##### helper
2025-05-15 09:45:19.853 [INFO] ##### wrapper
2025-05-15 09:45:19.855 [INFO] ##### server_process_request_processing_error
2025-05-15 09:45:19.858 [INFO] %%%%% server_process_request_processing_error
2025-05-15 09:45:19.859 [INFO] **** server_process_request_processing_error tag: None
2025-05-15 09:45:19.860 [INFO] ##### connect
2025-05-15 09:45:19.861 [INFO] %%%%% connect
2025-05-15 09:45:19.862 [INFO] **** connect tag: to_string
2025-05-15 09:45:19.864 [ERROR] Error:
An error happened in Postgres.connect: Connection refused
Call chain: Database.connect -> Postgres.reconnect -> do -> pay_processing_error -> main_processing_error -> server_process_request_processing_error
Consequences: Could not pay -> App failed
Action: Refund the client -> Investigate
Official message: Internal Error
Location: connect c:\Users\Phil\Desktop\Projects\shared-libs\python\errors\tests\test_error.py line 85
2025-05-15 09:45:19.868 [INFO] Tearing down test environment...
2025-05-15 09:45:35.104 [INFO] ++++++++++ Creating EntityUtils
2025-05-15 09:45:35.108 [INFO] ++++++++++ EntityUtils custom_serializers: {}
2025-05-15 09:45:35.119 [INFO] ++++++++++ Creating EntityUtils
2025-05-15 09:45:35.120 [INFO] ++++++++++ EntityUtils custom_serializers: {}
2025-05-15 09:45:35.125 [INFO] ++++++++++ Creating EntityUtils
2025-05-15 09:45:35.127 [INFO] ++++++++++ EntityUtils custom_serializers: {}
2025-05-15 09:45:37.923 [INFO] Setting up test environment...
2025-05-15 09:45:37.933 [INFO] Removing .\.pytest_cache
2025-05-15 09:45:37.977 [INFO] Test files in this session: {'c:\\Users\\Phil\\Desktop\\Projects\\shared-libs\\python\\errors\\tests\\test_error.py'}
2025-05-15 09:45:37.984 [INFO] No Docker Compose files found for any test files. Continuing without Docker setup.
2025-05-15 09:45:37.986 [INFO] ##### pay_stripe_error
2025-05-15 09:45:37.989 [INFO] %%%%% pay_stripe_error
2025-05-15 09:45:37.991 [INFO] **** pay_stripe_error tag: None
2025-05-15 09:45:37.993 [INFO] ##### pay_stripe_error
2025-05-15 09:45:37.994 [INFO] %%%%% pay_stripe_error
2025-05-15 09:45:37.995 [INFO] **** pay_stripe_error tag: None
2025-05-15 09:45:37.996 [INFO] ##### helper
2025-05-15 09:45:37.997 [INFO] ##### wrapper
2025-05-15 09:45:37.998 [INFO] ##### server_process_request_stripe_error
2025-05-15 09:45:37.999 [INFO] %%%%% server_process_request_stripe_error
2025-05-15 09:45:38.000 [INFO] **** server_process_request_stripe_error tag: None
2025-05-15 09:45:38.001 [INFO] ##### pay_stripe_error
2025-05-15 09:45:38.001 [INFO] %%%%% pay_stripe_error
2025-05-15 09:45:38.002 [INFO] **** pay_stripe_error tag: to_string
2025-05-15 09:45:38.003 [ERROR] Error:
An error happened in test_error.pay_stripe_error: Stripe Failure
Call chain: pay_stripe_error -> main_stripe_error -> server_process_request_stripe_error
Consequences: Could not process payment with Stripe -> App failed -> Web service failed
Action: Investigate stripe error -> Investigate App issue -> Investigate web service issue
Official message: Your payment could not be processed. You have not been charged
Location: pay_stripe_error c:\Users\Phil\Desktop\Projects\shared-libs\python\errors\tests\test_error.py line 109
2025-05-15 09:45:38.005 [INFO] ##### connect
2025-05-15 09:45:38.005 [INFO] %%%%% connect
2025-05-15 09:45:38.006 [INFO] **** connect tag: None
2025-05-15 09:45:38.009 [INFO] ##### helper
2025-05-15 09:45:38.011 [INFO] ##### wrapper
2025-05-15 09:45:38.012 [INFO] ##### reconnect
2025-05-15 09:45:38.013 [INFO] %%%%% reconnect
2025-05-15 09:45:38.015 [INFO] **** reconnect tag: None
2025-05-15 09:45:38.016 [INFO] ##### helper
2025-05-15 09:45:38.017 [INFO] ##### wrapper
2025-05-15 09:45:38.017 [INFO] ##### do
2025-05-15 09:45:38.018 [INFO] %%%%% do
2025-05-15 09:45:38.019 [INFO] **** do tag: None
2025-05-15 09:45:38.020 [INFO] ##### helper
2025-05-15 09:45:38.021 [INFO] ##### wrapper
2025-05-15 09:45:38.022 [INFO] ##### pay_processing_error
2025-05-15 09:45:38.023 [INFO] %%%%% pay_processing_error
2025-05-15 09:45:38.023 [INFO] **** pay_processing_error tag: None
2025-05-15 09:45:38.024 [INFO] ##### helper
2025-05-15 09:45:38.025 [INFO] ##### wrapper
2025-05-15 09:45:38.026 [INFO] ##### main_processing_error
2025-05-15 09:45:38.027 [INFO] %%%%% main_processing_error
2025-05-15 09:45:38.030 [INFO] **** main_processing_error tag: None
2025-05-15 09:45:38.032 [INFO] ##### helper
2025-05-15 09:45:38.033 [INFO] ##### wrapper
2025-05-15 09:45:38.034 [INFO] ##### server_process_request_processing_error
2025-05-15 09:45:38.034 [INFO] %%%%% server_process_request_processing_error
2025-05-15 09:45:38.035 [INFO] **** server_process_request_processing_error tag: None
2025-05-15 09:45:38.037 [INFO] ##### connect
2025-05-15 09:45:38.037 [INFO] %%%%% connect
2025-05-15 09:45:38.038 [INFO] **** connect tag: to_string
2025-05-15 09:45:38.039 [ERROR] Error:
An error happened in Postgres.connect: Connection refused
Call chain: Database.connect -> Postgres.reconnect -> do -> pay_processing_error -> main_processing_error -> server_process_request_processing_error
Consequences: Could not pay -> App failed
Action: Refund the client -> Investigate
Official message: Internal Error
Location: connect c:\Users\Phil\Desktop\Projects\shared-libs\python\errors\tests\test_error.py line 85
2025-05-15 09:45:38.043 [INFO] Tearing down test environment...
2025-05-15 09:46:04.722 [INFO] ++++++++++ Creating EntityUtils
2025-05-15 09:46:04.724 [INFO] ++++++++++ EntityUtils custom_serializers: {}
2025-05-15 09:46:04.735 [INFO] ++++++++++ Creating EntityUtils
2025-05-15 09:46:04.736 [INFO] ++++++++++ EntityUtils custom_serializers: {}
2025-05-15 09:46:04.741 [INFO] ++++++++++ Creating EntityUtils
2025-05-15 09:46:04.742 [INFO] ++++++++++ EntityUtils custom_serializers: {}
2025-05-15 09:46:07.643 [INFO] Setting up test environment...
2025-05-15 09:46:07.646 [INFO] Removing .\.pytest_cache
2025-05-15 09:46:07.693 [INFO] Test files in this session: {'c:\\Users\\Phil\\Desktop\\Projects\\shared-libs\\python\\errors\\tests\\test_error.py'}
2025-05-15 09:46:07.700 [INFO] No Docker Compose files found for any test files. Continuing without Docker setup.
2025-05-15 09:46:07.703 [INFO] ##### pay_stripe_error
2025-05-15 09:46:07.704 [INFO] %%%%% pay_stripe_error
2025-05-15 09:46:07.705 [INFO] **** pay_stripe_error tag: None
2025-05-15 09:46:07.707 [INFO] ##### pay_stripe_error
2025-05-15 09:46:07.708 [INFO] %%%%% pay_stripe_error
2025-05-15 09:46:07.710 [INFO] **** pay_stripe_error tag: None
2025-05-15 09:46:07.712 [INFO] ##### helper
2025-05-15 09:46:07.714 [INFO] ##### wrapper
2025-05-15 09:46:07.715 [INFO] ##### server_process_request_stripe_error
2025-05-15 09:46:07.716 [INFO] %%%%% server_process_request_stripe_error
2025-05-15 09:46:07.717 [INFO] **** server_process_request_stripe_error tag: None
2025-05-15 09:46:07.718 [INFO] ##### pay_stripe_error
2025-05-15 09:46:07.719 [INFO] %%%%% pay_stripe_error
2025-05-15 09:46:07.720 [INFO] **** pay_stripe_error tag: to_string
2025-05-15 09:46:07.721 [ERROR] Error:
An error happened in test_error.pay_stripe_error: Stripe Failure
Call chain: pay_stripe_error -> main_stripe_error -> server_process_request_stripe_error
Consequences: Could not process payment with Stripe -> App failed -> Web service failed
Action: Investigate stripe error -> Investigate App issue -> Investigate web service issue
Official message: Your payment could not be processed. You have not been charged
Location: pay_stripe_error c:\Users\Phil\Desktop\Projects\shared-libs\python\errors\tests\test_error.py line 109
2025-05-15 09:46:07.723 [INFO] ##### connect
2025-05-15 09:46:07.724 [INFO] %%%%% connect
2025-05-15 09:46:07.725 [INFO] **** connect tag: None
2025-05-15 09:46:07.726 [INFO] ##### helper
2025-05-15 09:46:07.730 [INFO] ##### wrapper
2025-05-15 09:46:07.732 [INFO] ##### reconnect
2025-05-15 09:46:07.734 [INFO] %%%%% reconnect
2025-05-15 09:46:07.735 [INFO] **** reconnect tag: None
2025-05-15 09:46:07.736 [INFO] ##### helper
2025-05-15 09:46:07.737 [INFO] ##### wrapper
2025-05-15 09:46:07.738 [INFO] ##### do
2025-05-15 09:46:07.740 [INFO] %%%%% do
2025-05-15 09:46:07.741 [INFO] **** do tag: None
2025-05-15 09:46:07.742 [INFO] ##### helper
2025-05-15 09:46:07.743 [INFO] ##### wrapper
2025-05-15 09:46:07.744 [INFO] ##### pay_processing_error
2025-05-15 09:46:07.745 [INFO] %%%%% pay_processing_error
2025-05-15 09:46:07.746 [INFO] **** pay_processing_error tag: None
2025-05-15 09:46:07.747 [INFO] ##### helper
2025-05-15 09:46:07.748 [INFO] ##### wrapper
2025-05-15 09:46:07.750 [INFO] ##### main_processing_error
2025-05-15 09:46:07.753 [INFO] %%%%% main_processing_error
2025-05-15 09:46:07.756 [INFO] **** main_processing_error tag: None
2025-05-15 09:46:07.758 [INFO] ##### helper
2025-05-15 09:46:07.759 [INFO] ##### wrapper
2025-05-15 09:46:07.760 [INFO] ##### server_process_request_processing_error
2025-05-15 09:46:07.761 [INFO] %%%%% server_process_request_processing_error
2025-05-15 09:46:07.762 [INFO] **** server_process_request_processing_error tag: None
2025-05-15 09:46:07.763 [INFO] ##### connect
2025-05-15 09:46:07.764 [INFO] %%%%% connect
2025-05-15 09:46:07.765 [INFO] **** connect tag: to_string
2025-05-15 09:46:07.766 [ERROR] Error:
An error happened in Postgres.connect: Connection refused
Call chain: Database.connect -> Postgres.reconnect -> do -> pay_processing_error -> main_processing_error -> server_process_request_processing_error
Consequences: Could not pay -> App failed
Action: Refund the client -> Investigate
Official message: Internal Error
Location: connect c:\Users\Phil\Desktop\Projects\shared-libs\python\errors\tests\test_error.py line 85
2025-05-15 09:46:07.962 [INFO] Tearing down test environment...
2025-05-15 09:47:21.174 [INFO] Setting up test environment...
2025-05-15 09:47:21.177 [INFO] Removing .\.pytest_cache
2025-05-15 09:47:21.234 [INFO] Test files in this session: {'c:\\Users\\Phil\\Desktop\\Projects\\shared-libs\\python\\errors\\tests\\test_error.py'}
2025-05-15 09:47:21.237 [INFO] No Docker Compose files found for any test files. Continuing without Docker setup.
2025-05-15 09:47:21.240 [INFO] ##### connect
2025-05-15 09:47:21.241 [INFO] %%%%% connect
2025-05-15 09:47:21.242 [INFO] **** connect tag: None
2025-05-15 09:47:21.243 [INFO] ##### helper
2025-05-15 09:47:21.245 [INFO] ##### wrapper
2025-05-15 09:47:21.246 [INFO] ##### api_register
2025-05-15 09:47:21.248 [INFO] %%%%% api_register
2025-05-15 09:47:21.250 [INFO] **** api_register tag: None
2025-05-15 09:47:21.251 [INFO] ##### connect
2025-05-15 09:47:21.252 [INFO] %%%%% connect
2025-05-15 09:47:21.253 [INFO] **** connect tag: to_string
2025-05-15 09:47:21.254 [ERROR] An error happened in test_error.connect: Connection refused
Call chain: register -> api_register
Consequences: Connection refused
Official message: Internal Error
Location: connect c:\Users\Phil\Desktop\Projects\shared-libs\python\errors\tests\test_error.py line 7
2025-05-15 09:47:21.430 [INFO] Tearing down test environment...
2025-05-15 09:47:21.568 [INFO] ++++++++++ Creating EntityUtils
2025-05-15 09:47:21.577 [INFO] ++++++++++ EntityUtils custom_serializers: {}
2025-05-15 09:47:21.596 [INFO] ++++++++++ Creating EntityUtils
2025-05-15 09:47:21.597 [INFO] ++++++++++ EntityUtils custom_serializers: {}
2025-05-15 09:47:21.636 [INFO] ++++++++++ Creating EntityUtils
2025-05-15 09:47:21.638 [INFO] ++++++++++ EntityUtils custom_serializers: {}
2025-05-15 09:47:56.749 [INFO] ++++++++++ Creating EntityUtils
2025-05-15 09:47:56.752 [INFO] ++++++++++ EntityUtils custom_serializers: {}
2025-05-15 09:47:56.763 [INFO] ++++++++++ Creating EntityUtils
2025-05-15 09:47:56.764 [INFO] ++++++++++ EntityUtils custom_serializers: {}
2025-05-15 09:47:56.769 [INFO] ++++++++++ Creating EntityUtils
2025-05-15 09:47:56.770 [INFO] ++++++++++ EntityUtils custom_serializers: {}
2025-05-15 09:48:02.411 [INFO] ++++++++++ Creating EntityUtils
2025-05-15 09:48:02.413 [INFO] ++++++++++ EntityUtils custom_serializers: {}
2025-05-15 09:48:02.423 [INFO] ++++++++++ Creating EntityUtils
2025-05-15 09:48:02.424 [INFO] ++++++++++ EntityUtils custom_serializers: {}
2025-05-15 09:48:02.429 [INFO] ++++++++++ Creating EntityUtils
2025-05-15 09:48:02.429 [INFO] ++++++++++ EntityUtils custom_serializers: {}
2025-05-15 09:48:53.514 [INFO] ++++++++++ Creating EntityUtils
2025-05-15 09:48:53.516 [INFO] ++++++++++ EntityUtils custom_serializers: {}
2025-05-15 09:48:53.526 [INFO] ++++++++++ Creating EntityUtils
2025-05-15 09:48:53.527 [INFO] ++++++++++ EntityUtils custom_serializers: {}
2025-05-15 09:48:53.532 [INFO] ++++++++++ Creating EntityUtils
2025-05-15 09:48:53.533 [INFO] ++++++++++ EntityUtils custom_serializers: {}
2025-05-15 09:52:24.537 [INFO] ++++++++++ Creating EntityUtils
2025-05-15 09:52:24.538 [INFO] ++++++++++ EntityUtils custom_serializers: {}
2025-05-15 09:52:24.549 [INFO] ++++++++++ Creating EntityUtils
2025-05-15 09:52:24.550 [INFO] ++++++++++ EntityUtils custom_serializers: {}
2025-05-15 09:52:24.555 [INFO] ++++++++++ Creating EntityUtils
2025-05-15 09:52:24.556 [INFO] ++++++++++ EntityUtils custom_serializers: {}
2025-05-15 09:52:33.338 [INFO] Setting up test environment...
2025-05-15 09:52:33.341 [INFO] Removing .\.pytest_cache
2025-05-15 09:52:33.377 [INFO] Test files in this session: {'c:\\Users\\Phil\\Desktop\\Projects\\shared-libs\\python\\errors\\tests\\test_error.py'}
2025-05-15 09:52:33.381 [INFO] No Docker Compose files found for any test files. Continuing without Docker setup.
2025-05-15 09:52:33.385 [INFO] Tearing down test environment...
2025-05-15 09:55:17.846 [INFO] ++++++++++ Creating EntityUtils
2025-05-15 09:55:17.848 [INFO] ++++++++++ EntityUtils custom_serializers: {}
2025-05-15 09:55:17.857 [INFO] ++++++++++ Creating EntityUtils
2025-05-15 09:55:17.858 [INFO] ++++++++++ EntityUtils custom_serializers: {}
2025-05-15 09:55:17.862 [INFO] ++++++++++ Creating EntityUtils
2025-05-15 09:55:17.863 [INFO] ++++++++++ EntityUtils custom_serializers: {}
2025-05-15 09:55:26.435 [INFO] Setting up test environment...
2025-05-15 09:55:26.438 [INFO] Removing .\.pytest_cache
2025-05-15 09:55:26.493 [INFO] Test files in this session: {'c:\\Users\\Phil\\Desktop\\Projects\\shared-libs\\python\\errors\\tests\\test_error.py'}
2025-05-15 09:55:26.499 [INFO] No Docker Compose files found for any test files. Continuing without Docker setup.
2025-05-15 09:55:26.506 [ERROR] Error:
An error happened in test_error.pay_stripe_error: Stripe Failure
Call chain: pay_stripe_error -> main_stripe_error -> server_process_request_stripe_error
Consequences: Could not process payment with Stripe -> App failed -> Web service failed
Action: Investigate stripe error -> Investigate App issue -> Investigate web service issue
Official message: Internal Error. Please try again later
Location: pay_stripe_error c:\Users\Phil\Desktop\Projects\shared-libs\python\errors\tests\test_error.py line 111
2025-05-15 09:55:26.508 [ERROR] Error:
An error happened in Postgres.connect: Connection refused
Call chain: Database.connect -> Postgres.reconnect -> do -> pay_processing_error -> main_processing_error -> server_process_request_processing_error
Consequences: Could not pay -> App failed
Action: Refund the client -> Investigate
Official message: Internal Error. Please try again later
Location: connect c:\Users\Phil\Desktop\Projects\shared-libs\python\errors\tests\test_error.py line 87
2025-05-15 09:55:26.511 [INFO] Tearing down test environment...
2025-05-15 09:56:22.703 [INFO] ++++++++++ Creating EntityUtils
2025-05-15 09:56:22.708 [INFO] ++++++++++ EntityUtils custom_serializers: {}
2025-05-15 09:56:22.718 [INFO] ++++++++++ Creating EntityUtils
2025-05-15 09:56:22.719 [INFO] ++++++++++ EntityUtils custom_serializers: {}
2025-05-15 09:56:22.724 [INFO] ++++++++++ Creating EntityUtils
2025-05-15 09:56:22.725 [INFO] ++++++++++ EntityUtils custom_serializers: {}
2025-05-15 09:56:29.121 [INFO] Setting up test environment...
2025-05-15 09:56:29.123 [INFO] Removing .\.pytest_cache
2025-05-15 09:56:29.161 [INFO] Test files in this session: {'c:\\Users\\Phil\\Desktop\\Projects\\shared-libs\\python\\errors\\tests\\test_error.py'}
2025-05-15 09:56:29.163 [INFO] No Docker Compose files found for any test files. Continuing without Docker setup.
2025-05-15 09:56:29.318 [INFO] Tearing down test environment...
2025-05-15 09:57:09.984 [INFO] ++++++++++ Creating EntityUtils
2025-05-15 09:57:09.986 [INFO] ++++++++++ EntityUtils custom_serializers: {}
2025-05-15 09:57:09.997 [INFO] ++++++++++ Creating EntityUtils
2025-05-15 09:57:09.998 [INFO] ++++++++++ EntityUtils custom_serializers: {}
2025-05-15 09:57:10.003 [INFO] ++++++++++ Creating EntityUtils
2025-05-15 09:57:10.004 [INFO] ++++++++++ EntityUtils custom_serializers: {}
2025-05-15 09:57:12.893 [INFO] Setting up test environment...
2025-05-15 09:57:12.899 [INFO] Removing .\.pytest_cache
2025-05-15 09:57:13.035 [INFO] Test files in this session: {'c:\\Users\\Phil\\Desktop\\Projects\\shared-libs\\python\\errors\\tests\\test_error.py'}
2025-05-15 09:57:13.041 [INFO] No Docker Compose files found for any test files. Continuing without Docker setup.
2025-05-15 09:57:13.049 [INFO] Tearing down test environment...
2025-05-15 09:57:24.552 [INFO] ++++++++++ Creating EntityUtils
2025-05-15 09:57:24.556 [INFO] ++++++++++ EntityUtils custom_serializers: {}
2025-05-15 09:57:24.572 [INFO] ++++++++++ Creating EntityUtils
2025-05-15 09:57:24.573 [INFO] ++++++++++ EntityUtils custom_serializers: {}
2025-05-15 09:57:24.579 [INFO] ++++++++++ Creating EntityUtils
2025-05-15 09:57:24.580 [INFO] ++++++++++ EntityUtils custom_serializers: {}
2025-05-15 09:57:27.056 [INFO] Setting up test environment...
2025-05-15 09:57:27.059 [INFO] Removing .\.pytest_cache
2025-05-15 09:57:27.104 [INFO] Test files in this session: {'c:\\Users\\Phil\\Desktop\\Projects\\shared-libs\\python\\errors\\tests\\test_error.py'}
2025-05-15 09:57:27.108 [INFO] No Docker Compose files found for any test files. Continuing without Docker setup.
2025-05-15 09:57:27.115 [INFO] Tearing down test environment...
2025-05-15 09:58:07.151 [INFO] ++++++++++ Creating EntityUtils
2025-05-15 09:58:07.154 [INFO] ++++++++++ EntityUtils custom_serializers: {}
2025-05-15 09:58:07.165 [INFO] ++++++++++ Creating EntityUtils
2025-05-15 09:58:07.166 [INFO] ++++++++++ EntityUtils custom_serializers: {}
2025-05-15 09:58:07.171 [INFO] ++++++++++ Creating EntityUtils
2025-05-15 09:58:07.172 [INFO] ++++++++++ EntityUtils custom_serializers: {}
2025-05-15 09:58:11.989 [INFO] Setting up test environment...
2025-05-15 09:58:11.992 [INFO] Removing .\.pytest_cache
2025-05-15 09:58:12.039 [INFO] Test files in this session: {'c:\\Users\\Phil\\Desktop\\Projects\\shared-libs\\python\\errors\\tests\\test_error.py'}
2025-05-15 09:58:12.044 [INFO] No Docker Compose files found for any test files. Continuing without Docker setup.
2025-05-15 09:58:12.050 [ERROR] API Error:
An error happened in test_error.process_payment: Stripe Failure
Call chain: process_payment -> execute_transaction
Consequences: Could not process payment with Stripe -> App failed
Action: Investigate stripe error -> Investigate App issue
Official message: Your payment could not be processed. You have not been charged
Location: process_payment c:\Users\Phil\Desktop\Projects\shared-libs\python\errors\tests\test_error.py line 172
2025-05-15 09:58:12.218 [INFO] Tearing down test environment...
2025-05-15 10:00:22.617 [INFO] ++++++++++ Creating EntityUtils
2025-05-15 10:00:22.620 [INFO] ++++++++++ EntityUtils custom_serializers: {}
2025-05-15 10:00:22.635 [INFO] ++++++++++ Creating EntityUtils
2025-05-15 10:00:22.636 [INFO] ++++++++++ EntityUtils custom_serializers: {}
2025-05-15 10:00:22.640 [INFO] ++++++++++ Creating EntityUtils
2025-05-15 10:00:22.641 [INFO] ++++++++++ EntityUtils custom_serializers: {}
2025-05-15 10:02:10.918 [INFO] ++++++++++ Creating EntityUtils
2025-05-15 10:02:10.923 [INFO] ++++++++++ EntityUtils custom_serializers: {}
2025-05-15 10:02:10.934 [INFO] ++++++++++ Creating EntityUtils
2025-05-15 10:02:10.935 [INFO] ++++++++++ EntityUtils custom_serializers: {}
2025-05-15 10:02:10.941 [INFO] ++++++++++ Creating EntityUtils
2025-05-15 10:02:10.943 [INFO] ++++++++++ EntityUtils custom_serializers: {}
2025-05-15 10:02:14.051 [INFO] Setting up test environment...
2025-05-15 10:02:14.054 [INFO] Removing .\.pytest_cache
2025-05-15 10:02:14.110 [INFO] Test files in this session: {'c:\\Users\\Phil\\Desktop\\Projects\\shared-libs\\python\\errors\\tests\\test_error.py'}
2025-05-15 10:02:14.112 [INFO] No Docker Compose files found for any test files. Continuing without Docker setup.
2025-05-15 10:02:14.308 [INFO] Tearing down test environment...
2025-05-15 10:03:24.332 [INFO] ++++++++++ Creating EntityUtils
2025-05-15 10:03:24.335 [INFO] ++++++++++ EntityUtils custom_serializers: {}
2025-05-15 10:03:24.343 [INFO] ++++++++++ Creating EntityUtils
2025-05-15 10:03:24.344 [INFO] ++++++++++ EntityUtils custom_serializers: {}
2025-05-15 10:03:24.349 [INFO] ++++++++++ Creating EntityUtils
2025-05-15 10:03:24.350 [INFO] ++++++++++ EntityUtils custom_serializers: {}
2025-05-15 10:03:30.589 [INFO] Setting up test environment...
2025-05-15 10:03:30.591 [INFO] Removing .\.pytest_cache
2025-05-15 10:03:30.629 [INFO] Test files in this session: {'c:\\Users\\Phil\\Desktop\\Projects\\shared-libs\\python\\errors\\tests\\test_error.py'}
2025-05-15 10:03:30.633 [INFO] No Docker Compose files found for any test files. Continuing without Docker setup.
2025-05-15 10:03:30.786 [INFO] Tearing down test environment...
2025-05-15 10:04:59.292 [INFO] ++++++++++ Creating EntityUtils
2025-05-15 10:04:59.295 [INFO] ++++++++++ EntityUtils custom_serializers: {}
2025-05-15 10:04:59.308 [INFO] ++++++++++ Creating EntityUtils
2025-05-15 10:04:59.310 [INFO] ++++++++++ EntityUtils custom_serializers: {}
2025-05-15 10:04:59.317 [INFO] ++++++++++ Creating EntityUtils
2025-05-15 10:04:59.318 [INFO] ++++++++++ EntityUtils custom_serializers: {}
2025-05-15 10:05:02.711 [INFO] Setting up test environment...
2025-05-15 10:05:02.713 [INFO] Removing .\.pytest_cache
2025-05-15 10:05:02.749 [INFO] Test files in this session: {'c:\\Users\\Phil\\Desktop\\Projects\\shared-libs\\python\\errors\\tests\\test_error.py'}
2025-05-15 10:05:02.754 [INFO] No Docker Compose files found for any test files. Continuing without Docker setup.
2025-05-15 10:05:02.758 [INFO] Tearing down test environment...
2025-05-15 10:05:11.349 [INFO] Setting up test environment...
2025-05-15 10:05:11.351 [INFO] Removing .\.pytest_cache
2025-05-15 10:05:11.386 [INFO] Test files in this session: {'c:\\Users\\Phil\\Desktop\\Projects\\shared-libs\\python\\errors\\tests\\test_error.py'}
2025-05-15 10:05:11.390 [INFO] No Docker Compose files found for any test files. Continuing without Docker setup.
2025-05-15 10:05:11.399 [ERROR] API Error:
An error happened in test_error.process_payment: Stripe Failure
Call chain: process_payment -> execute_transaction
Consequences: Could not process payment with Stripe -> App failed
Action: Investigate stripe error -> Investigate App issue
Official message: Your payment could not be processed. You have not been charged
Location: process_payment c:\Users\Phil\Desktop\Projects\shared-libs\python\errors\tests\test_error.py line 172
2025-05-15 10:05:11.559 [INFO] Tearing down test environment...
2025-05-15 10:08:53.067 [INFO] ++++++++++ Creating EntityUtils
2025-05-15 10:08:53.069 [INFO] ++++++++++ EntityUtils custom_serializers: {}
2025-05-15 10:08:53.078 [INFO] ++++++++++ Creating EntityUtils
2025-05-15 10:08:53.078 [INFO] ++++++++++ EntityUtils custom_serializers: {}
2025-05-15 10:08:53.082 [INFO] ++++++++++ Creating EntityUtils
2025-05-15 10:08:53.083 [INFO] ++++++++++ EntityUtils custom_serializers: {}
2025-05-15 10:10:58.999 [INFO] ++++++++++ Creating EntityUtils
2025-05-15 10:10:59.001 [INFO] ++++++++++ EntityUtils custom_serializers: {}
2025-05-15 10:10:59.010 [INFO] ++++++++++ Creating EntityUtils
2025-05-15 10:10:59.010 [INFO] ++++++++++ EntityUtils custom_serializers: {}
2025-05-15 10:10:59.014 [INFO] ++++++++++ Creating EntityUtils
2025-05-15 10:10:59.015 [INFO] ++++++++++ EntityUtils custom_serializers: {}
2025-05-15 10:11:03.176 [INFO] Setting up test environment...
2025-05-15 10:11:03.179 [INFO] Removing .\.pytest_cache
2025-05-15 10:11:03.225 [INFO] Test files in this session: {'c:\\Users\\Phil\\Desktop\\Projects\\shared-libs\\python\\errors\\tests\\test_error.py'}
2025-05-15 10:11:03.229 [INFO] No Docker Compose files found for any test files. Continuing without Docker setup.
2025-05-15 10:11:03.236 [ERROR] API Error:
An error happened in test_error.process_payment: Stripe Failure
Call chain: process_payment -> execute_transaction
Consequences: Could not process payment with Stripe -> App failed
Action: Investigate stripe error -> Investigate App issue
Official message: Your payment could not be processed. You have not been charged
Location: process_payment c:\Users\Phil\Desktop\Projects\shared-libs\python\errors\tests\test_error.py line 172
2025-05-15 10:11:03.384 [INFO] Tearing down test environment...
2025-05-15 10:11:20.258 [INFO] ++++++++++ Creating EntityUtils
2025-05-15 10:11:20.260 [INFO] ++++++++++ EntityUtils custom_serializers: {}
2025-05-15 10:11:20.266 [INFO] ++++++++++ Creating EntityUtils
2025-05-15 10:11:20.267 [INFO] ++++++++++ EntityUtils custom_serializers: {}
2025-05-15 10:11:20.272 [INFO] ++++++++++ Creating EntityUtils
2025-05-15 10:11:20.272 [INFO] ++++++++++ EntityUtils custom_serializers: {}
2025-05-15 10:11:29.839 [INFO] Setting up test environment...
2025-05-15 10:11:29.842 [INFO] Removing .\.pytest_cache
2025-05-15 10:11:29.879 [INFO] Test files in this session: {'c:\\Users\\Phil\\Desktop\\Projects\\shared-libs\\python\\errors\\tests\\test_error.py'}
2025-05-15 10:11:29.883 [INFO] No Docker Compose files found for any test files. Continuing without Docker setup.
2025-05-15 10:11:29.886 [ERROR] API Error:
An error happened in test_error.process_payment: Stripe Failure
Call chain: process_payment -> execute_transaction
Consequences: Could not process payment with Stripe -> App failed
Action: Investigate stripe error -> Investigate App issue
Official message: Your payment could not be processed. You have not been charged
Location: process_payment c:\Users\Phil\Desktop\Projects\shared-libs\python\errors\tests\test_error.py line 172
2025-05-15 10:11:29.888 [INFO] Tearing down test environment...
2025-05-15 10:13:55.594 [INFO] ++++++++++ Creating EntityUtils
2025-05-15 10:13:55.596 [INFO] ++++++++++ EntityUtils custom_serializers: {}
2025-05-15 10:13:55.604 [INFO] ++++++++++ Creating EntityUtils
2025-05-15 10:13:55.605 [INFO] ++++++++++ EntityUtils custom_serializers: {}
2025-05-15 10:13:55.609 [INFO] ++++++++++ Creating EntityUtils
2025-05-15 10:13:55.610 [INFO] ++++++++++ EntityUtils custom_serializers: {}
2025-05-15 10:14:03.559 [INFO] Setting up test environment...
2025-05-15 10:14:03.561 [INFO] Removing .\.pytest_cache
2025-05-15 10:14:03.597 [INFO] Test files in this session: {'c:\\Users\\Phil\\Desktop\\Projects\\shared-libs\\python\\errors\\tests\\test_error.py'}
2025-05-15 10:14:03.603 [INFO] No Docker Compose files found for any test files. Continuing without Docker setup.
2025-05-15 10:14:03.607 [ERROR] API Error:
An error happened in test_error.process_payment: Stripe Failure
Call chain: process_payment -> execute_transaction
Consequences: Could not process payment with Stripe -> App failed
Action: Investigate stripe error -> Investigate App issue
Official message: Internal Error
Location: process_payment c:\Users\Phil\Desktop\Projects\shared-libs\python\errors\tests\test_error.py line 232
2025-05-15 10:14:03.611 [INFO] Tearing down test environment...
2025-05-15 10:15:04.172 [INFO] ++++++++++ Creating EntityUtils
2025-05-15 10:15:04.174 [INFO] ++++++++++ EntityUtils custom_serializers: {}
2025-05-15 10:15:04.186 [INFO] ++++++++++ Creating EntityUtils
2025-05-15 10:15:04.187 [INFO] ++++++++++ EntityUtils custom_serializers: {}
2025-05-15 10:15:04.196 [INFO] ++++++++++ Creating EntityUtils
2025-05-15 10:15:04.198 [INFO] ++++++++++ EntityUtils custom_serializers: {}
2025-05-15 10:15:07.568 [INFO] Setting up test environment...
2025-05-15 10:15:07.576 [INFO] Removing .\.pytest_cache
2025-05-15 10:15:07.627 [INFO] Test files in this session: {'c:\\Users\\Phil\\Desktop\\Projects\\shared-libs\\python\\errors\\tests\\test_error.py'}
2025-05-15 10:15:07.634 [INFO] No Docker Compose files found for any test files. Continuing without Docker setup.
2025-05-15 10:15:07.640 [ERROR] API Error:
An error happened in test_error.process_payment: Stripe Failure
Call chain: process_payment -> execute_transaction
Consequences: Could not process payment with Stripe -> App failed
Action: resign! -> Investigate App issue
Official message: Your payment could not be processed. You have not been charged
Location: process_payment c:\Users\Phil\Desktop\Projects\shared-libs\python\errors\tests\test_error.py line 172
2025-05-15 10:15:07.642 [INFO] Tearing down test environment...
2025-05-15 10:16:02.918 [INFO] ++++++++++ Creating EntityUtils
2025-05-15 10:16:02.920 [INFO] ++++++++++ EntityUtils custom_serializers: {}
2025-05-15 10:16:02.933 [INFO] ++++++++++ Creating EntityUtils
2025-05-15 10:16:02.935 [INFO] ++++++++++ EntityUtils custom_serializers: {}
2025-05-15 10:16:02.939 [INFO] ++++++++++ Creating EntityUtils
2025-05-15 10:16:02.940 [INFO] ++++++++++ EntityUtils custom_serializers: {}
2025-05-15 10:16:08.199 [INFO] Setting up test environment...
2025-05-15 10:16:08.203 [INFO] Removing .\.pytest_cache
2025-05-15 10:16:08.242 [INFO] Test files in this session: {'c:\\Users\\Phil\\Desktop\\Projects\\shared-libs\\python\\errors\\tests\\test_error.py'}
2025-05-15 10:16:08.246 [INFO] No Docker Compose files found for any test files. Continuing without Docker setup.
2025-05-15 10:16:08.249 [ERROR] API Error:
An error happened in test_error.process_payment: Stripe Failure
Call chain: process_payment -> execute_transaction
Consequences: Could not process payment with Stripe, which is a bummer -> App failed
Action: resign! -> Investigate App issue
Official message: Your payment could not be processed. You have not been charged
Location: process_payment c:\Users\Phil\Desktop\Projects\shared-libs\python\errors\tests\test_error.py line 172
2025-05-15 10:16:08.251 [INFO] Tearing down test environment...
2025-05-15 10:16:35.085 [INFO] ++++++++++ Creating EntityUtils
2025-05-15 10:16:35.088 [INFO] ++++++++++ EntityUtils custom_serializers: {}
2025-05-15 10:16:35.097 [INFO] ++++++++++ Creating EntityUtils
2025-05-15 10:16:35.098 [INFO] ++++++++++ EntityUtils custom_serializers: {}
2025-05-15 10:16:35.102 [INFO] ++++++++++ Creating EntityUtils
2025-05-15 10:16:35.103 [INFO] ++++++++++ EntityUtils custom_serializers: {}
2025-05-15 10:16:39.772 [INFO] Setting up test environment...
2025-05-15 10:16:39.776 [INFO] Removing .\.pytest_cache
2025-05-15 10:16:39.929 [INFO] Test files in this session: {'c:\\Users\\Phil\\Desktop\\Projects\\shared-libs\\python\\errors\\tests\\test_error.py'}
2025-05-15 10:16:39.938 [INFO] No Docker Compose files found for any test files. Continuing without Docker setup.
2025-05-15 10:16:39.946 [ERROR] API Error:
An error happened in test_error.process_payment: Stripe Failure
Call chain: process_payment -> execute_transaction
Consequences: Could not process payment with Stripe, which is a bummer -> App failed
Action: resign! -> Investigate App issue
Official message: Your payment could not be processed. You have not been charged
Location: process_payment c:\Users\Phil\Desktop\Projects\shared-libs\python\errors\tests\test_error.py line 172
2025-05-15 10:16:40.137 [INFO] Tearing down test environment...
2025-05-15 10:17:31.756 [INFO] ++++++++++ Creating EntityUtils
2025-05-15 10:17:31.759 [INFO] ++++++++++ EntityUtils custom_serializers: {}
2025-05-15 10:17:31.775 [INFO] ++++++++++ Creating EntityUtils
2025-05-15 10:17:31.776 [INFO] ++++++++++ EntityUtils custom_serializers: {}
2025-05-15 10:17:31.784 [INFO] ++++++++++ Creating EntityUtils
2025-05-15 10:17:31.785 [INFO] ++++++++++ EntityUtils custom_serializers: {}
2025-05-15 10:17:34.031 [INFO] Setting up test environment...
2025-05-15 10:17:34.034 [INFO] Removing .\.pytest_cache
2025-05-15 10:17:34.091 [INFO] Test files in this session: {'c:\\Users\\Phil\\Desktop\\Projects\\shared-libs\\python\\errors\\tests\\test_error.py'}
2025-05-15 10:17:34.098 [INFO] No Docker Compose files found for any test files. Continuing without Docker setup.
2025-05-15 10:17:34.105 [ERROR] API Error:
An error happened in test_error.process_payment: Stripe Failure
Call chain: process_payment -> execute_transaction
Consequences: Could not process payment with Stripe, which is a bummer -> App failed
Action: resign! -> Investigate App issue
Official message: Your payment could not be processed. You have not been charged
Location: process_payment c:\Users\Phil\Desktop\Projects\shared-libs\python\errors\tests\test_error.py line 172
2025-05-15 10:17:34.108 [INFO] Tearing down test environment...
2025-05-15 10:18:30.306 [INFO] ++++++++++ Creating EntityUtils
2025-05-15 10:18:30.308 [INFO] ++++++++++ EntityUtils custom_serializers: {}
2025-05-15 10:18:30.319 [INFO] ++++++++++ Creating EntityUtils
2025-05-15 10:18:30.320 [INFO] ++++++++++ EntityUtils custom_serializers: {}
2025-05-15 10:18:30.328 [INFO] ++++++++++ Creating EntityUtils
2025-05-15 10:18:30.329 [INFO] ++++++++++ EntityUtils custom_serializers: {}
2025-05-15 10:18:37.281 [INFO] Setting up test environment...
2025-05-15 10:18:37.283 [INFO] Removing .\.pytest_cache
2025-05-15 10:18:37.320 [INFO] Test files in this session: {'c:\\Users\\Phil\\Desktop\\Projects\\shared-libs\\python\\errors\\tests\\test_error.py'}
2025-05-15 10:18:37.324 [INFO] No Docker Compose files found for any test files. Continuing without Docker setup.
2025-05-15 10:18:37.526 [INFO] Tearing down test environment...
2025-05-15 10:19:53.029 [INFO] ++++++++++ Creating EntityUtils
2025-05-15 10:19:53.031 [INFO] ++++++++++ EntityUtils custom_serializers: {}
2025-05-15 10:19:53.041 [INFO] ++++++++++ Creating EntityUtils
2025-05-15 10:19:53.042 [INFO] ++++++++++ EntityUtils custom_serializers: {}
2025-05-15 10:19:53.047 [INFO] ++++++++++ Creating EntityUtils
2025-05-15 10:19:53.048 [INFO] ++++++++++ EntityUtils custom_serializers: {}
2025-05-15 10:20:56.435 [INFO] ++++++++++ Creating EntityUtils
2025-05-15 10:20:56.439 [INFO] ++++++++++ EntityUtils custom_serializers: {}
2025-05-15 10:20:56.452 [INFO] ++++++++++ Creating EntityUtils
2025-05-15 10:20:56.454 [INFO] ++++++++++ EntityUtils custom_serializers: {}
2025-05-15 10:20:56.460 [INFO] ++++++++++ Creating EntityUtils
2025-05-15 10:20:56.461 [INFO] ++++++++++ EntityUtils custom_serializers: {}
2025-05-15 10:20:58.661 [INFO] Setting up test environment...
2025-05-15 10:20:58.664 [INFO] Removing .\.pytest_cache
2025-05-15 10:20:58.710 [INFO] Test files in this session: {'c:\\Users\\Phil\\Desktop\\Projects\\shared-libs\\python\\errors\\tests\\test_error.py'}
2025-05-15 10:20:58.716 [INFO] No Docker Compose files found for any test files. Continuing without Docker setup.
2025-05-15 10:20:58.722 [INFO] Tearing down test environment...
2025-05-15 10:22:57.385 [INFO] ++++++++++ Creating EntityUtils
2025-05-15 10:22:57.407 [INFO] ++++++++++ EntityUtils custom_serializers: {}
2025-05-15 10:22:57.417 [INFO] ++++++++++ Creating EntityUtils
2025-05-15 10:22:57.420 [INFO] ++++++++++ EntityUtils custom_serializers: {}
2025-05-15 10:22:57.428 [INFO] ++++++++++ Creating EntityUtils
2025-05-15 10:22:57.429 [INFO] ++++++++++ EntityUtils custom_serializers: {}
2025-05-15 10:23:02.015 [INFO] Setting up test environment...
2025-05-15 10:23:02.018 [INFO] Removing .\.pytest_cache
2025-05-15 10:23:02.067 [INFO] Test files in this session: {'c:\\Users\\Phil\\Desktop\\Projects\\shared-libs\\python\\errors\\tests\\test_error.py'}
2025-05-15 10:23:02.069 [INFO] No Docker Compose files found for any test files. Continuing without Docker setup.
2025-05-15 10:23:02.073 [INFO] Tearing down test environment...
2025-05-15 10:23:57.715 [INFO] ++++++++++ Creating EntityUtils
2025-05-15 10:23:57.717 [INFO] ++++++++++ EntityUtils custom_serializers: {}
2025-05-15 10:23:57.725 [INFO] ++++++++++ Creating EntityUtils
2025-05-15 10:23:57.726 [INFO] ++++++++++ EntityUtils custom_serializers: {}
2025-05-15 10:23:57.730 [INFO] ++++++++++ Creating EntityUtils
2025-05-15 10:23:57.730 [INFO] ++++++++++ EntityUtils custom_serializers: {}
2025-05-15 10:24:12.662 [INFO] ++++++++++ Creating EntityUtils
2025-05-15 10:24:12.664 [INFO] ++++++++++ EntityUtils custom_serializers: {}
2025-05-15 10:24:12.675 [INFO] ++++++++++ Creating EntityUtils
2025-05-15 10:24:12.676 [INFO] ++++++++++ EntityUtils custom_serializers: {}
2025-05-15 10:24:12.680 [INFO] ++++++++++ Creating EntityUtils
2025-05-15 10:24:12.680 [INFO] ++++++++++ EntityUtils custom_serializers: {}
2025-05-15 10:24:17.872 [INFO] Setting up test environment...
2025-05-15 10:24:17.874 [INFO] Removing .\.pytest_cache
2025-05-15 10:24:17.912 [INFO] Test files in this session: {'c:\\Users\\Phil\\Desktop\\Projects\\shared-libs\\python\\errors\\tests\\test_error.py'}
2025-05-15 10:24:17.917 [INFO] No Docker Compose files found for any test files. Continuing without Docker setup.
2025-05-15 10:24:17.922 [ERROR] Error:
An error happened in test_error.pay_stripe_error: Stripe Failure
Call chain: pay_stripe_error -> main_stripe_error -> server_process_request_stripe_error
Consequences: Could not process payment with Stripe -> App failed -> Web service failed
Action: Investigate stripe error -> Investigate App issue -> Investigate web service issue
Official message: Your payment could not be processed. You have not been charged
Location: pay_stripe_error c:\Users\Phil\Desktop\Projects\shared-libs\python\errors\tests\test_error.py line 111
2025-05-15 10:24:17.925 [ERROR] Error:
An error happened in Postgres.connect: Connection refused
Call chain: Database.connect -> Postgres.reconnect -> do -> pay_processing_error -> main_processing_error -> server_process_request_processing_error
Consequences: Could not pay -> App failed
Action: Refund the client -> Investigate
Official message: Internal Error. Please try again later
Location: connect c:\Users\Phil\Desktop\Projects\shared-libs\python\errors\tests\test_error.py line 87
2025-05-15 10:24:18.064 [INFO] Tearing down test environment...
2025-05-15 10:26:40.356 [INFO] ++++++++++ Creating EntityUtils
2025-05-15 10:26:40.359 [INFO] ++++++++++ EntityUtils custom_serializers: {}
2025-05-15 10:26:40.371 [INFO] ++++++++++ Creating EntityUtils
2025-05-15 10:26:40.373 [INFO] ++++++++++ EntityUtils custom_serializers: {}
2025-05-15 10:26:40.379 [INFO] ++++++++++ Creating EntityUtils
2025-05-15 10:26:40.380 [INFO] ++++++++++ EntityUtils custom_serializers: {}
2025-05-15 10:26:44.462 [INFO] Setting up test environment...
2025-05-15 10:26:44.465 [INFO] Removing .\.pytest_cache
2025-05-15 10:26:44.509 [INFO] Test files in this session: {'c:\\Users\\Phil\\Desktop\\Projects\\shared-libs\\python\\errors\\tests\\test_error.py'}
2025-05-15 10:26:44.515 [INFO] No Docker Compose files found for any test files. Continuing without Docker setup.
2025-05-15 10:26:44.521 [INFO] Tearing down test environment...
2025-05-15 10:27:26.281 [INFO] ++++++++++ Creating EntityUtils
2025-05-15 10:27:26.284 [INFO] ++++++++++ EntityUtils custom_serializers: {}
2025-05-15 10:27:26.293 [INFO] ++++++++++ Creating EntityUtils
2025-05-15 10:27:26.294 [INFO] ++++++++++ EntityUtils custom_serializers: {}
2025-05-15 10:27:26.299 [INFO] ++++++++++ Creating EntityUtils
2025-05-15 10:27:26.301 [INFO] ++++++++++ EntityUtils custom_serializers: {}
2025-05-15 10:30:44.434 [INFO] ++++++++++ Creating EntityUtils
2025-05-15 10:30:44.437 [INFO] ++++++++++ EntityUtils custom_serializers: {}
2025-05-15 10:30:44.445 [INFO] ++++++++++ Creating EntityUtils
2025-05-15 10:30:44.446 [INFO] ++++++++++ EntityUtils custom_serializers: {}
2025-05-15 10:30:44.452 [INFO] ++++++++++ Creating EntityUtils
2025-05-15 10:30:44.453 [INFO] ++++++++++ EntityUtils custom_serializers: {}
2025-05-15 10:30:50.162 [INFO] Setting up test environment...
2025-05-15 10:30:50.165 [INFO] Removing .\.pytest_cache
2025-05-15 10:30:50.223 [INFO] Test files in this session: {'c:\\Users\\Phil\\Desktop\\Projects\\shared-libs\\python\\errors\\tests\\test_error.py'}
2025-05-15 10:30:50.226 [INFO] No Docker Compose files found for any test files. Continuing without Docker setup.
2025-05-15 10:30:50.249 [INFO] An error happened in test_error.test_error_encoding_with_nested_errors: base
Consequences: top level
Official message: Internal Error
Location: test_error.test_error_encoding_with_nested_errors in c:\Users\Phil\Desktop\Projects\shared-libs\python\errors\tests\test_error.py line 73
2025-05-15 10:30:50.261 [INFO] Tearing down test environment...
2025-05-15 10:32:32.629 [INFO] ++++++++++ Creating EntityUtils
2025-05-15 10:32:32.632 [INFO] ++++++++++ EntityUtils custom_serializers: {}
2025-05-15 10:32:32.648 [INFO] ++++++++++ Creating EntityUtils
2025-05-15 10:32:32.649 [INFO] ++++++++++ EntityUtils custom_serializers: {}
2025-05-15 10:32:32.663 [INFO] ++++++++++ Creating EntityUtils
2025-05-15 10:32:32.664 [INFO] ++++++++++ EntityUtils custom_serializers: {}
2025-05-15 10:32:36.574 [INFO] Setting up test environment...
2025-05-15 10:32:36.576 [INFO] Removing .\.pytest_cache
2025-05-15 10:32:36.635 [INFO] Test files in this session: {'c:\\Users\\Phil\\Desktop\\Projects\\shared-libs\\python\\errors\\tests\\test_error.py'}
2025-05-15 10:32:36.641 [INFO] No Docker Compose files found for any test files. Continuing without Docker setup.
2025-05-15 10:32:36.663 [INFO] An error happened in test_error.test_error_encoding_with_nested_errors: base
Consequences: top level
Official message: Internal Error
Location: test_error.test_error_encoding_with_nested_errors in c:\Users\Phil\Desktop\Projects\shared-libs\python\errors\tests\test_error.py line 73
2025-05-15 10:32:36.678 [INFO] Tearing down test environment...
2025-05-15 11:55:13.219 [INFO] ++++++++++ Creating EntityUtils
2025-05-15 11:55:13.221 [INFO] ++++++++++ EntityUtils custom_serializers: {}
2025-05-15 11:55:13.254 [INFO] ++++++++++ Creating EntityUtils
2025-05-15 11:55:13.254 [INFO] ++++++++++ EntityUtils custom_serializers: {}
2025-05-15 11:55:13.260 [INFO] ++++++++++ Creating EntityUtils
2025-05-15 11:55:13.261 [INFO] ++++++++++ EntityUtils custom_serializers: {}
2025-05-15 12:00:13.849 [INFO] ++++++++++ Creating EntityUtils
2025-05-15 12:00:13.852 [INFO] ++++++++++ EntityUtils custom_serializers: {}
2025-05-15 12:00:13.860 [INFO] ++++++++++ Creating EntityUtils
2025-05-15 12:00:13.861 [INFO] ++++++++++ EntityUtils custom_serializers: {}
2025-05-15 12:00:13.867 [INFO] ++++++++++ Creating EntityUtils
2025-05-15 12:00:13.868 [INFO] ++++++++++ EntityUtils custom_serializers: {}
2025-05-15 14:20:08.373 [INFO] [INFO] TempMixin - __init__ -  ++++++++++ Creating EntityUtils | component=TempMixin subcomponent=__init__
2025-05-15 14:20:09.135 [INFO] [INFO] TempMixin - __init__ -  ++++++++++ EntityUtils custom_serializers: {} | component=TempMixin subcomponent=__init__
2025-05-15 14:20:09.146 [INFO] [INFO] TempMixin - __init__ -  ++++++++++ Creating EntityUtils | component=TempMixin subcomponent=__init__
2025-05-15 14:20:09.147 [INFO] [INFO] TempMixin - __init__ -  ++++++++++ EntityUtils custom_serializers: {} | component=TempMixin subcomponent=__init__
2025-05-15 14:20:09.152 [INFO] [INFO] TempMixin - __init__ -  ++++++++++ Creating EntityUtils | component=TempMixin subcomponent=__init__
2025-05-15 14:20:09.154 [INFO] [INFO] TempMixin - __init__ -  ++++++++++ EntityUtils custom_serializers: {} | component=TempMixin subcomponent=__init__
2025-05-15 14:20:16.210 [INFO] [INFO] conftest - setup_test_environment -  Setting up test environment... | component=conftest subcomponent=setup_test_environment
2025-05-15 14:20:16.785 [INFO] [INFO] conftest - delete_pytest_cache -  Removing .\.pytest_cache | component=conftest subcomponent=delete_pytest_cache
2025-05-15 14:20:16.853 [INFO] [INFO] conftest - setup_test_environment -  Test files in this session: {'c:\\Users\\Phil\\Desktop\\Projects\\shared-libs\\python\\log\\tests\\test_log.py', 'c:\\Users\\Phil\\Desktop\\Projects\\shared-libs\\python\\log\\tests\\test_log_with_redis.py', 'c:\\Users\\Phil\\Desktop\\Projects\\shared-libs\\python\\log\\tests\\test_opensearch.py'} | component=conftest subcomponent=setup_test_environment
2025-05-15 14:20:16.854 [INFO] [INFO] conftest - run_command -  Running command: docker info | component=conftest subcomponent=run_command
2025-05-15 14:20:18.709 [INFO] [INFO] conftest - run_command -  Command output: Client:
 Version:    28.0.4
 Context:    desktop-linux
 Debug Mode: false
 Plugins:
  ai: Docker AI Agent - Ask Gordon (Docker Inc.)
    Version:  v1.1.3
    Path:     C:\Program Files\Docker\cli-plugins\docker-ai.exe
  buildx: Docker Buildx (Docker Inc.)
    Version:  v0.22.0-desktop.1
    Path:     C:\Program Files\Docker\cli-plugins\docker-buildx.exe
  cloud: Docker Cloud (Docker Inc.)
    Version:  0.2.20
    Path:     C:\Program Files\Docker\cli-plugins\docker-cloud.exe
  compose: Docker Compose (Docker Inc.)
    Version:  v2.34.0-desktop.1
    Path:     C:\Program Files\Docker\cli-plugins\docker-compose.exe
  debug: Get a shell into any image or container (Docker Inc.)
    Version:  0.0.38
    Path:     C:\Program Files\Docker\cli-plugins\docker-debug.exe
  desktop: Docker Desktop commands (Beta) (Docker Inc.)
    Version:  v0.1.6
    Path:     C:\Program Files\Docker\cli-plugins\docker-desktop.exe
  dev: Docker Dev Environments (Docker Inc.)
    Version:  v0.1.2
    Path:     C:\Program Files\Docker\cli-plugins\docker-dev.exe
  extension: Manages Docker extensions (Docker Inc.)
    Version:  v0.2.27
    Path:     C:\Program Files\Docker\cli-plugins\docker-extension.exe
  init: Creates Docker-related starter files for your project (Docker Inc.)
    Version:  v1.4.0
    Path:     C:\Program Files\Docker\cli-plugins\docker-init.exe
  sbom: View the packaged-based Software Bill Of Materials (SBOM) for an image (Anchore Inc.)
    Version:  0.6.0
    Path:     C:\Program Files\Docker\cli-plugins\docker-sbom.exe
  scout: Docker Scout (Docker Inc.)
    Version:  v1.17.0
    Path:     C:\Program Files\Docker\cli-plugins\docker-scout.exe

Server:
 Containers: 4
  Running: 4
  Paused: 0
  Stopped: 0
 Images: 9
 Server Version: 28.0.4
 Storage Driver: overlayfs
  driver-type: io.containerd.snapshotter.v1
 Logging Driver: json-file
 Cgroup Driver: cgroupfs
 Cgroup Version: 1
 Plugins:
  Volume: local
  Network: bridge host ipvlan macvlan null overlay
  Log: awslogs fluentd gcplogs gelf journald json-file local splunk syslog
 CDI spec directories:
  /etc/cdi
  /var/run/cdi
 Swarm: inactive
 Runtimes: io.containerd.runc.v2 nvidia runc
 Default Runtime: runc
 Init Binary: docker-init
 containerd version: 753481ec61c7c8955a23d6ff7bc8e4daed455734
 runc version: v1.2.5-0-g59923ef
 init version: de40ad0
 Security Options:
  seccomp
   Profile: unconfined
 Kernel Version: 5.15.167.4-microsoft-standard-WSL2
 Operating System: Docker Desktop
 OSType: linux
 Architecture: x86_64
 CPUs: 4
 Total Memory: 7.649GiB
 Name: docker-desktop
 ID: bd414c6b-a391-41c8-9560-cbfc52f7f58d
 Docker Root Dir: /var/lib/docker
 Debug Mode: false
 HTTP Proxy: http.docker.internal:3128
 HTTPS Proxy: http.docker.internal:3128
 No Proxy: hubproxy.docker.internal
 Labels:
  com.docker.desktop.address=npipe://\\.\pipe\docker_cli
 Experimental: false
 Insecure Registries:
  hubproxy.docker.internal:5555
  ::1/128
  127.0.0.0/8
 Live Restore Enabled: false

 | component=conftest subcomponent=run_command
2025-05-15 14:20:18.711 [INFO] [INFO] conftest - run_command -  Command error: WARNING: No blkio throttle.read_bps_device support
WARNING: No blkio throttle.write_bps_device support
WARNING: No blkio throttle.read_iops_device support
WARNING: No blkio throttle.write_iops_device support
WARNING: DOCKER_INSECURE_NO_IPTABLES_RAW is set
WARNING: daemon is not using the default seccomp profile
 | component=conftest subcomponent=run_command
2025-05-15 14:20:18.712 [INFO] [INFO] conftest - setup_test_environment -  Found Docker Compose file for c:\Users\Phil\Desktop\Projects\shared-libs\python\log\tests\test_log.py: c:\Users\Phil\Desktop\Projects\shared-libs\python\log\tests\docker-compose.yml | component=conftest subcomponent=setup_test_environment
2025-05-15 14:20:18.733 [INFO] [INFO] conftest - setup_test_environment -  Detected the following services in c:\Users\Phil\Desktop\Projects\shared-libs\python\log\tests\docker-compose.yml: | component=conftest subcomponent=setup_test_environment
2025-05-15 14:20:18.734 [INFO] [INFO] conftest - setup_test_environment -    - redis: {}:localhost (container port: 6382) | component=conftest subcomponent=setup_test_environment
2025-05-15 14:20:18.735 [INFO] [INFO] conftest - setup_test_environment -    - generic: {}:localhost (container port: 9200) | component=conftest subcomponent=setup_test_environment
2025-05-15 14:20:18.736 [INFO] [INFO] conftest - setup_test_environment -    - generic: {}:localhost (container port: 9600) | component=conftest subcomponent=setup_test_environment
2025-05-15 14:20:18.736 [INFO] [INFO] conftest - run_command -  Running command: docker-compose -f c:\Users\Phil\Desktop\Projects\shared-libs\python\log\tests\docker-compose.yml -p test-log up -d | component=conftest subcomponent=run_command
2025-05-15 14:20:19.178 [INFO] [INFO] conftest - run_command -  Command error:  Container test-log-redis-1  Running
 Container test-opensearch  Running
 | component=conftest subcomponent=run_command
2025-05-15 14:20:19.181 [INFO] [INFO] services - wait_for_service -  Waiting for redis to be ready at localhost:6382... | component=services subcomponent=wait_for_service
2025-05-15 14:20:19.189 [INFO] [INFO] services - wait_for_service -  TCP connection to localhost:6382 successful | component=services subcomponent=wait_for_service
2025-05-15 14:20:19.227 [INFO] [INFO] services - wait_for_service -  redis at localhost:6382 is ready! | component=services subcomponent=wait_for_service
2025-05-15 14:20:19.228 [INFO] [INFO] services - wait_for_service -  Waiting for generic to be ready at localhost:9200... | component=services subcomponent=wait_for_service
2025-05-15 14:20:19.231 [INFO] [INFO] services - wait_for_service -  TCP connection to localhost:9200 successful | component=services subcomponent=wait_for_service
2025-05-15 14:20:19.232 [INFO] [INFO] services - wait_for_service -  generic at localhost:9200 is ready (TCP connection successful)! | component=services subcomponent=wait_for_service
2025-05-15 14:20:19.233 [INFO] [INFO] services - wait_for_service -  Waiting for generic to be ready at localhost:9600... | component=services subcomponent=wait_for_service
2025-05-15 14:20:19.235 [INFO] [INFO] services - wait_for_service -  TCP connection to localhost:9600 successful | component=services subcomponent=wait_for_service
2025-05-15 14:20:19.236 [INFO] [INFO] services - wait_for_service -  generic at localhost:9600 is ready (TCP connection successful)! | component=services subcomponent=wait_for_service
2025-05-15 14:20:19.954 [INFO] [INFO] test_log_with_redis - test_logger_with_redis -  Simple test message | component=test_log_with_redis subcomponent=test_logger_with_redis
2025-05-15 14:20:22.297 [INFO] [INFO] conftest - setup_test_environment -  Tearing down test environment... | component=conftest subcomponent=setup_test_environment
2025-05-15 14:20:22.299 [INFO] [INFO] conftest - run_command -  Running command:  | component=conftest subcomponent=run_command
2025-05-15 14:23:16.921 [INFO] [INFO] TempMixin - __init__ -  ++++++++++ Creating EntityUtils | component=TempMixin subcomponent=__init__
2025-05-15 14:23:17.500 [INFO] [INFO] TempMixin - __init__ -  ++++++++++ EntityUtils custom_serializers: {} | component=TempMixin subcomponent=__init__
2025-05-15 14:23:17.506 [INFO] [INFO] TempMixin - __init__ -  ++++++++++ Creating EntityUtils | component=TempMixin subcomponent=__init__
2025-05-15 14:23:17.507 [INFO] [INFO] TempMixin - __init__ -  ++++++++++ EntityUtils custom_serializers: {} | component=TempMixin subcomponent=__init__
2025-05-15 14:23:17.511 [INFO] [INFO] TempMixin - __init__ -  ++++++++++ Creating EntityUtils | component=TempMixin subcomponent=__init__
2025-05-15 14:23:17.515 [INFO] [INFO] TempMixin - __init__ -  ++++++++++ EntityUtils custom_serializers: {} | component=TempMixin subcomponent=__init__
2025-05-15 14:23:25.991 [INFO] [INFO] TempMixin - __init__ -  ++++++++++ Creating EntityUtils | component=TempMixin subcomponent=__init__
2025-05-15 14:23:26.456 [INFO] [INFO] TempMixin - __init__ -  ++++++++++ EntityUtils custom_serializers: {} | component=TempMixin subcomponent=__init__
2025-05-15 14:23:26.463 [INFO] [INFO] TempMixin - __init__ -  ++++++++++ Creating EntityUtils | component=TempMixin subcomponent=__init__
2025-05-15 14:23:26.464 [INFO] [INFO] TempMixin - __init__ -  ++++++++++ EntityUtils custom_serializers: {} | component=TempMixin subcomponent=__init__
2025-05-15 14:23:26.467 [INFO] [INFO] TempMixin - __init__ -  ++++++++++ Creating EntityUtils | component=TempMixin subcomponent=__init__
2025-05-15 14:23:26.473 [INFO] [INFO] TempMixin - __init__ -  ++++++++++ EntityUtils custom_serializers: {} | component=TempMixin subcomponent=__init__
2025-05-15 14:29:33.396 [INFO] [INFO] TempMixin - __init__ -  ++++++++++ Creating EntityUtils | component=TempMixin subcomponent=__init__
2025-05-15 14:29:33.848 [INFO] [INFO] TempMixin - __init__ -  ++++++++++ EntityUtils custom_serializers: {} | component=TempMixin subcomponent=__init__
2025-05-15 14:29:33.856 [INFO] [INFO] TempMixin - __init__ -  ++++++++++ Creating EntityUtils | component=TempMixin subcomponent=__init__
2025-05-15 14:29:33.857 [INFO] [INFO] TempMixin - __init__ -  ++++++++++ EntityUtils custom_serializers: {} | component=TempMixin subcomponent=__init__
2025-05-15 14:29:33.861 [INFO] [INFO] TempMixin - __init__ -  ++++++++++ Creating EntityUtils | component=TempMixin subcomponent=__init__
2025-05-15 14:29:33.864 [INFO] [INFO] TempMixin - __init__ -  ++++++++++ EntityUtils custom_serializers: {} | component=TempMixin subcomponent=__init__
2025-05-15 14:31:32.359 [INFO] [INFO] conftest - setup_test_environment -  Setting up test environment... | component=conftest subcomponent=setup_test_environment
2025-05-15 14:31:32.992 [INFO] [INFO] conftest - delete_pytest_cache -  Removing .\.pytest_cache | component=conftest subcomponent=delete_pytest_cache
2025-05-15 14:31:33.033 [INFO] [INFO] conftest - setup_test_environment -  Test files in this session: {'c:\\Users\\Phil\\Desktop\\Projects\\shared-libs\\python\\log\\tests\\test_log.py', 'c:\\Users\\Phil\\Desktop\\Projects\\shared-libs\\python\\log\\tests\\test_log_with_redis.py', 'c:\\Users\\Phil\\Desktop\\Projects\\shared-libs\\python\\log\\tests\\test_opensearch.py'} | component=conftest subcomponent=setup_test_environment
2025-05-15 14:31:33.038 [INFO] [INFO] conftest - run_command -  Running command: docker info | component=conftest subcomponent=run_command
2025-05-15 14:31:33.542 [INFO] [INFO] conftest - run_command -  Command output: Client:
 Version:    28.0.4
 Context:    desktop-linux
 Debug Mode: false
 Plugins:
  ai: Docker AI Agent - Ask Gordon (Docker Inc.)
    Version:  v1.1.3
    Path:     C:\Program Files\Docker\cli-plugins\docker-ai.exe
  buildx: Docker Buildx (Docker Inc.)
    Version:  v0.22.0-desktop.1
    Path:     C:\Program Files\Docker\cli-plugins\docker-buildx.exe
  cloud: Docker Cloud (Docker Inc.)
    Version:  0.2.20
    Path:     C:\Program Files\Docker\cli-plugins\docker-cloud.exe
  compose: Docker Compose (Docker Inc.)
    Version:  v2.34.0-desktop.1
    Path:     C:\Program Files\Docker\cli-plugins\docker-compose.exe
  debug: Get a shell into any image or container (Docker Inc.)
    Version:  0.0.38
    Path:     C:\Program Files\Docker\cli-plugins\docker-debug.exe
  desktop: Docker Desktop commands (Beta) (Docker Inc.)
    Version:  v0.1.6
    Path:     C:\Program Files\Docker\cli-plugins\docker-desktop.exe
  dev: Docker Dev Environments (Docker Inc.)
    Version:  v0.1.2
    Path:     C:\Program Files\Docker\cli-plugins\docker-dev.exe
  extension: Manages Docker extensions (Docker Inc.)
    Version:  v0.2.27
    Path:     C:\Program Files\Docker\cli-plugins\docker-extension.exe
  init: Creates Docker-related starter files for your project (Docker Inc.)
    Version:  v1.4.0
    Path:     C:\Program Files\Docker\cli-plugins\docker-init.exe
  sbom: View the packaged-based Software Bill Of Materials (SBOM) for an image (Anchore Inc.)
    Version:  0.6.0
    Path:     C:\Program Files\Docker\cli-plugins\docker-sbom.exe
  scout: Docker Scout (Docker Inc.)
    Version:  v1.17.0
    Path:     C:\Program Files\Docker\cli-plugins\docker-scout.exe

Server:
 Containers: 4
  Running: 4
  Paused: 0
  Stopped: 0
 Images: 9
 Server Version: 28.0.4
 Storage Driver: overlayfs
  driver-type: io.containerd.snapshotter.v1
 Logging Driver: json-file
 Cgroup Driver: cgroupfs
 Cgroup Version: 1
 Plugins:
  Volume: local
  Network: bridge host ipvlan macvlan null overlay
  Log: awslogs fluentd gcplogs gelf journald json-file local splunk syslog
 CDI spec directories:
  /etc/cdi
  /var/run/cdi
 Swarm: inactive
 Runtimes: nvidia runc io.containerd.runc.v2
 Default Runtime: runc
 Init Binary: docker-init
 containerd version: 753481ec61c7c8955a23d6ff7bc8e4daed455734
 runc version: v1.2.5-0-g59923ef
 init version: de40ad0
 Security Options:
  seccomp
   Profile: unconfined
 Kernel Version: 5.15.167.4-microsoft-standard-WSL2
 Operating System: Docker Desktop
 OSType: linux
 Architecture: x86_64
 CPUs: 4
 Total Memory: 7.649GiB
 Name: docker-desktop
 ID: bd414c6b-a391-41c8-9560-cbfc52f7f58d
 Docker Root Dir: /var/lib/docker
 Debug Mode: false
 HTTP Proxy: http.docker.internal:3128
 HTTPS Proxy: http.docker.internal:3128
 No Proxy: hubproxy.docker.internal
 Labels:
  com.docker.desktop.address=npipe://\\.\pipe\docker_cli
 Experimental: false
 Insecure Registries:
  hubproxy.docker.internal:5555
  ::1/128
  127.0.0.0/8
 Live Restore Enabled: false

 | component=conftest subcomponent=run_command
2025-05-15 14:31:33.543 [INFO] [INFO] conftest - run_command -  Command error: WARNING: No blkio throttle.read_bps_device support
WARNING: No blkio throttle.write_bps_device support
WARNING: No blkio throttle.read_iops_device support
WARNING: No blkio throttle.write_iops_device support
WARNING: DOCKER_INSECURE_NO_IPTABLES_RAW is set
WARNING: daemon is not using the default seccomp profile
 | component=conftest subcomponent=run_command
2025-05-15 14:31:33.545 [INFO] [INFO] conftest - setup_test_environment -  Found Docker Compose file for c:\Users\Phil\Desktop\Projects\shared-libs\python\log\tests\test_log.py: c:\Users\Phil\Desktop\Projects\shared-libs\python\log\tests\docker-compose.yml | component=conftest subcomponent=setup_test_environment
2025-05-15 14:31:33.549 [INFO] [INFO] conftest - setup_test_environment -  Detected the following services in c:\Users\Phil\Desktop\Projects\shared-libs\python\log\tests\docker-compose.yml: | component=conftest subcomponent=setup_test_environment
2025-05-15 14:31:33.550 [INFO] [INFO] conftest - setup_test_environment -    - redis: {}:localhost (container port: 6382) | component=conftest subcomponent=setup_test_environment
2025-05-15 14:31:33.551 [INFO] [INFO] conftest - setup_test_environment -    - generic: {}:localhost (container port: 9200) | component=conftest subcomponent=setup_test_environment
2025-05-15 14:31:33.551 [INFO] [INFO] conftest - setup_test_environment -    - generic: {}:localhost (container port: 9600) | component=conftest subcomponent=setup_test_environment
2025-05-15 14:31:33.552 [INFO] [INFO] conftest - run_command -  Running command: docker-compose -f c:\Users\Phil\Desktop\Projects\shared-libs\python\log\tests\docker-compose.yml -p test-log up -d | component=conftest subcomponent=run_command
2025-05-15 14:31:33.941 [INFO] [INFO] conftest - run_command -  Command error:  Container test-log-redis-1  Running
 Container test-opensearch  Running
 | component=conftest subcomponent=run_command
2025-05-15 14:31:33.943 [INFO] [INFO] services - wait_for_service -  Waiting for redis to be ready at localhost:6382... | component=services subcomponent=wait_for_service
2025-05-15 14:31:33.949 [INFO] [INFO] services - wait_for_service -  TCP connection to localhost:6382 successful | component=services subcomponent=wait_for_service
2025-05-15 14:31:33.965 [INFO] [INFO] services - wait_for_service -  redis at localhost:6382 is ready! | component=services subcomponent=wait_for_service
2025-05-15 14:31:33.967 [INFO] [INFO] services - wait_for_service -  Waiting for generic to be ready at localhost:9200... | component=services subcomponent=wait_for_service
2025-05-15 14:31:33.969 [INFO] [INFO] services - wait_for_service -  TCP connection to localhost:9200 successful | component=services subcomponent=wait_for_service
2025-05-15 14:31:33.970 [INFO] [INFO] services - wait_for_service -  generic at localhost:9200 is ready (TCP connection successful)! | component=services subcomponent=wait_for_service
2025-05-15 14:31:33.971 [INFO] [INFO] services - wait_for_service -  Waiting for generic to be ready at localhost:9600... | component=services subcomponent=wait_for_service
2025-05-15 14:31:33.973 [INFO] [INFO] services - wait_for_service -  TCP connection to localhost:9600 successful | component=services subcomponent=wait_for_service
2025-05-15 14:31:33.974 [INFO] [INFO] services - wait_for_service -  generic at localhost:9600 is ready (TCP connection successful)! | component=services subcomponent=wait_for_service
2025-05-15 14:31:34.253 [INFO] [INFO] test_log_with_redis - test_logger_with_redis -  Simple test message | component=test_log_with_redis subcomponent=test_logger_with_redis
2025-05-15 14:31:35.625 [INFO] [INFO] conftest - setup_test_environment -  Tearing down test environment... | component=conftest subcomponent=setup_test_environment
2025-05-15 14:31:35.628 [INFO] [INFO] conftest - run_command -  Running command:  | component=conftest subcomponent=run_command
2025-05-15 14:31:41.333 [INFO] [INFO] conftest - setup_test_environment -  Setting up test environment... | component=conftest subcomponent=setup_test_environment
2025-05-15 14:31:41.974 [INFO] [INFO] conftest - delete_pytest_cache -  Removing .\.pytest_cache | component=conftest subcomponent=delete_pytest_cache
2025-05-15 14:31:42.042 [INFO] [INFO] conftest - setup_test_environment -  Test files in this session: {'c:\\Users\\Phil\\Desktop\\Projects\\shared-libs\\python\\errors\\tests\\test_error.py'} | component=conftest subcomponent=setup_test_environment
2025-05-15 14:31:42.046 [INFO] [INFO] conftest - setup_test_environment -  No Docker Compose files found for any test files. Continuing without Docker setup. | component=conftest subcomponent=setup_test_environment
2025-05-15 14:31:42.128 [INFO] [INFO] test_error - test_error_encoding_with_nested_errors -  An error happened in test_error.test_error_encoding_with_nested_errors: base
Consequences: top level
Official message: Internal Error
Location: test_error.test_error_encoding_with_nested_errors in c:\Users\Phil\Desktop\Projects\shared-libs\python\errors\tests\test_error.py line 73 | component=test_error subcomponent=test_error_encoding_with_nested_errors
2025-05-15 14:31:42.159 [INFO] [INFO] conftest - setup_test_environment -  Tearing down test environment... | component=conftest subcomponent=setup_test_environment
2025-05-15 14:31:58.618 [INFO] [INFO] conftest - setup_test_environment -  Setting up test environment... | component=conftest subcomponent=setup_test_environment
2025-05-15 14:31:59.204 [INFO] [INFO] conftest - delete_pytest_cache -  Removing .\.pytest_cache | component=conftest subcomponent=delete_pytest_cache
2025-05-15 14:31:59.238 [INFO] [INFO] conftest - setup_test_environment -  Test files in this session: {'c:\\Users\\Phil\\Desktop\\Projects\\shared-libs\\python\\queue\\tests\\test_queue_system.py'} | component=conftest subcomponent=setup_test_environment
2025-05-15 14:31:59.240 [INFO] [INFO] conftest - run_command -  Running command: docker info | component=conftest subcomponent=run_command
2025-05-15 14:31:59.849 [INFO] [INFO] conftest - run_command -  Command output: Client:
 Version:    28.0.4
 Context:    desktop-linux
 Debug Mode: false
 Plugins:
  ai: Docker AI Agent - Ask Gordon (Docker Inc.)
    Version:  v1.1.3
    Path:     C:\Program Files\Docker\cli-plugins\docker-ai.exe
  buildx: Docker Buildx (Docker Inc.)
    Version:  v0.22.0-desktop.1
    Path:     C:\Program Files\Docker\cli-plugins\docker-buildx.exe
  cloud: Docker Cloud (Docker Inc.)
    Version:  0.2.20
    Path:     C:\Program Files\Docker\cli-plugins\docker-cloud.exe
  compose: Docker Compose (Docker Inc.)
    Version:  v2.34.0-desktop.1
    Path:     C:\Program Files\Docker\cli-plugins\docker-compose.exe
  debug: Get a shell into any image or container (Docker Inc.)
    Version:  0.0.38
    Path:     C:\Program Files\Docker\cli-plugins\docker-debug.exe
  desktop: Docker Desktop commands (Beta) (Docker Inc.)
    Version:  v0.1.6
    Path:     C:\Program Files\Docker\cli-plugins\docker-desktop.exe
  dev: Docker Dev Environments (Docker Inc.)
    Version:  v0.1.2
    Path:     C:\Program Files\Docker\cli-plugins\docker-dev.exe
  extension: Manages Docker extensions (Docker Inc.)
    Version:  v0.2.27
    Path:     C:\Program Files\Docker\cli-plugins\docker-extension.exe
  init: Creates Docker-related starter files for your project (Docker Inc.)
    Version:  v1.4.0
    Path:     C:\Program Files\Docker\cli-plugins\docker-init.exe
  sbom: View the packaged-based Software Bill Of Materials (SBOM) for an image (Anchore Inc.)
    Version:  0.6.0
    Path:     C:\Program Files\Docker\cli-plugins\docker-sbom.exe
  scout: Docker Scout (Docker Inc.)
    Version:  v1.17.0
    Path:     C:\Program Files\Docker\cli-plugins\docker-scout.exe

Server:
 Containers: 4
  Running: 4
  Paused: 0
  Stopped: 0
 Images: 9
 Server Version: 28.0.4
 Storage Driver: overlayfs
  driver-type: io.containerd.snapshotter.v1
 Logging Driver: json-file
 Cgroup Driver: cgroupfs
 Cgroup Version: 1
 Plugins:
  Volume: local
  Network: bridge host ipvlan macvlan null overlay
  Log: awslogs fluentd gcplogs gelf journald json-file local splunk syslog
 CDI spec directories:
  /etc/cdi
  /var/run/cdi
 Swarm: inactive
 Runtimes: io.containerd.runc.v2 nvidia runc
 Default Runtime: runc
 Init Binary: docker-init
 containerd version: 753481ec61c7c8955a23d6ff7bc8e4daed455734
 runc version: v1.2.5-0-g59923ef
 init version: de40ad0
 Security Options:
  seccomp
   Profile: unconfined
 Kernel Version: 5.15.167.4-microsoft-standard-WSL2
 Operating System: Docker Desktop
 OSType: linux
 Architecture: x86_64
 CPUs: 4
 Total Memory: 7.649GiB
 Name: docker-desktop
 ID: bd414c6b-a391-41c8-9560-cbfc52f7f58d
 Docker Root Dir: /var/lib/docker
 Debug Mode: false
 HTTP Proxy: http.docker.internal:3128
 HTTPS Proxy: http.docker.internal:3128
 No Proxy: hubproxy.docker.internal
 Labels:
  com.docker.desktop.address=npipe://\\.\pipe\docker_cli
 Experimental: false
 Insecure Registries:
  hubproxy.docker.internal:5555
  ::1/128
  127.0.0.0/8
 Live Restore Enabled: false

 | component=conftest subcomponent=run_command
2025-05-15 14:31:59.850 [INFO] [INFO] conftest - run_command -  Command error: WARNING: No blkio throttle.read_bps_device support
WARNING: No blkio throttle.write_bps_device support
WARNING: No blkio throttle.read_iops_device support
WARNING: No blkio throttle.write_iops_device support
WARNING: DOCKER_INSECURE_NO_IPTABLES_RAW is set
WARNING: daemon is not using the default seccomp profile
 | component=conftest subcomponent=run_command
2025-05-15 14:31:59.852 [INFO] [INFO] conftest - setup_test_environment -  Found Docker Compose file for c:\Users\Phil\Desktop\Projects\shared-libs\python\queue\tests\test_queue_system.py: c:\Users\Phil\Desktop\Projects\shared-libs\python\queue\tests\docker-compose.yml | component=conftest subcomponent=setup_test_environment
2025-05-15 14:31:59.872 [INFO] [INFO] conftest - setup_test_environment -  Detected the following services in c:\Users\Phil\Desktop\Projects\shared-libs\python\queue\tests\docker-compose.yml: | component=conftest subcomponent=setup_test_environment
2025-05-15 14:31:59.873 [INFO] [INFO] conftest - setup_test_environment -    - redis: {}:localhost (container port: 6379) | component=conftest subcomponent=setup_test_environment
2025-05-15 14:31:59.874 [INFO] [INFO] conftest - run_command -  Running command: docker-compose -f c:\Users\Phil\Desktop\Projects\shared-libs\python\queue\tests\docker-compose.yml -p test-queue up -d | component=conftest subcomponent=run_command
2025-05-15 14:32:02.643 [INFO] [INFO] conftest - run_command -  Command error: time="2025-05-15T14:32:00+01:00" level=warning msg="c:\\Users\\Phil\\Desktop\\Projects\\shared-libs\\python\\queue\\tests\\docker-compose.yml: the attribute `version` is obsolete, it will be ignored, please remove it to avoid potential confusion"
 Network test-queue_default  Creating
 Network test-queue_default  Created
 Container test-queue-redis-1  Creating
 Container test-queue-redis-1  Created
 Container test-queue-redis-1  Starting
 Container test-queue-redis-1  Started
 | component=conftest subcomponent=run_command
2025-05-15 14:32:02.645 [INFO] [INFO] services - wait_for_service -  Waiting for redis to be ready at localhost:6379... | component=services subcomponent=wait_for_service
2025-05-15 14:32:02.653 [INFO] [INFO] services - wait_for_service -  TCP connection to localhost:6379 successful | component=services subcomponent=wait_for_service
2025-05-15 14:32:02.672 [INFO] [INFO] services - wait_for_service -  redis connection attempt failed: Connection closed by server. | component=services subcomponent=wait_for_service
2025-05-15 14:32:03.675 [INFO] [INFO] services - wait_for_service -  TCP connection to localhost:6379 successful | component=services subcomponent=wait_for_service
2025-05-15 14:32:03.701 [INFO] [INFO] services - wait_for_service -  redis at localhost:6379 is ready! | component=services subcomponent=wait_for_service
2025-05-15 14:32:04.318 [INFO] [INFO] conftest - setup_test_environment -  Tearing down test environment... | component=conftest subcomponent=setup_test_environment
2025-05-15 14:32:04.321 [INFO] [INFO] conftest - run_command -  Running command:  | component=conftest subcomponent=run_command
2025-05-15 14:33:43.780 [INFO] [INFO] TempMixin - __init__ -  ++++++++++ Creating EntityUtils | component=TempMixin subcomponent=__init__
2025-05-15 14:33:44.333 [INFO] [INFO] TempMixin - __init__ -  ++++++++++ EntityUtils custom_serializers: {} | component=TempMixin subcomponent=__init__
2025-05-15 14:33:44.340 [INFO] [INFO] TempMixin - __init__ -  ++++++++++ Creating EntityUtils | component=TempMixin subcomponent=__init__
2025-05-15 14:33:44.341 [INFO] [INFO] TempMixin - __init__ -  ++++++++++ EntityUtils custom_serializers: {} | component=TempMixin subcomponent=__init__
2025-05-15 14:33:44.345 [INFO] [INFO] TempMixin - __init__ -  ++++++++++ Creating EntityUtils | component=TempMixin subcomponent=__init__
2025-05-15 14:33:44.346 [INFO] [INFO] TempMixin - __init__ -  ++++++++++ EntityUtils custom_serializers: {} | component=TempMixin subcomponent=__init__
2025-05-15 14:33:50.266 [INFO] [INFO] conftest - setup_test_environment -  Setting up test environment... | component=conftest subcomponent=setup_test_environment
2025-05-15 14:33:50.826 [INFO] [INFO] conftest - delete_pytest_cache -  Removing .\.pytest_cache | component=conftest subcomponent=delete_pytest_cache
2025-05-15 14:33:50.859 [INFO] [INFO] conftest - setup_test_environment -  Test files in this session: {'c:\\Users\\Phil\\Desktop\\Projects\\shared-libs\\python\\queue\\tests\\test_queue_system.py'} | component=conftest subcomponent=setup_test_environment
2025-05-15 14:33:50.861 [INFO] [INFO] conftest - run_command -  Running command: docker info | component=conftest subcomponent=run_command
2025-05-15 14:33:51.372 [INFO] [INFO] conftest - run_command -  Command output: Client:
 Version:    28.0.4
 Context:    desktop-linux
 Debug Mode: false
 Plugins:
  ai: Docker AI Agent - Ask Gordon (Docker Inc.)
    Version:  v1.1.3
    Path:     C:\Program Files\Docker\cli-plugins\docker-ai.exe
  buildx: Docker Buildx (Docker Inc.)
    Version:  v0.22.0-desktop.1
    Path:     C:\Program Files\Docker\cli-plugins\docker-buildx.exe
  cloud: Docker Cloud (Docker Inc.)
    Version:  0.2.20
    Path:     C:\Program Files\Docker\cli-plugins\docker-cloud.exe
  compose: Docker Compose (Docker Inc.)
    Version:  v2.34.0-desktop.1
    Path:     C:\Program Files\Docker\cli-plugins\docker-compose.exe
  debug: Get a shell into any image or container (Docker Inc.)
    Version:  0.0.38
    Path:     C:\Program Files\Docker\cli-plugins\docker-debug.exe
  desktop: Docker Desktop commands (Beta) (Docker Inc.)
    Version:  v0.1.6
    Path:     C:\Program Files\Docker\cli-plugins\docker-desktop.exe
  dev: Docker Dev Environments (Docker Inc.)
    Version:  v0.1.2
    Path:     C:\Program Files\Docker\cli-plugins\docker-dev.exe
  extension: Manages Docker extensions (Docker Inc.)
    Version:  v0.2.27
    Path:     C:\Program Files\Docker\cli-plugins\docker-extension.exe
  init: Creates Docker-related starter files for your project (Docker Inc.)
    Version:  v1.4.0
    Path:     C:\Program Files\Docker\cli-plugins\docker-init.exe
  sbom: View the packaged-based Software Bill Of Materials (SBOM) for an image (Anchore Inc.)
    Version:  0.6.0
    Path:     C:\Program Files\Docker\cli-plugins\docker-sbom.exe
  scout: Docker Scout (Docker Inc.)
    Version:  v1.17.0
    Path:     C:\Program Files\Docker\cli-plugins\docker-scout.exe

Server:
 Containers: 5
  Running: 5
  Paused: 0
  Stopped: 0
 Images: 9
 Server Version: 28.0.4
 Storage Driver: overlayfs
  driver-type: io.containerd.snapshotter.v1
 Logging Driver: json-file
 Cgroup Driver: cgroupfs
 Cgroup Version: 1
 Plugins:
  Volume: local
  Network: bridge host ipvlan macvlan null overlay
  Log: awslogs fluentd gcplogs gelf journald json-file local splunk syslog
 CDI spec directories:
  /etc/cdi
  /var/run/cdi
 Swarm: inactive
 Runtimes: io.containerd.runc.v2 nvidia runc
 Default Runtime: runc
 Init Binary: docker-init
 containerd version: 753481ec61c7c8955a23d6ff7bc8e4daed455734
 runc version: v1.2.5-0-g59923ef
 init version: de40ad0
 Security Options:
  seccomp
   Profile: unconfined
 Kernel Version: 5.15.167.4-microsoft-standard-WSL2
 Operating System: Docker Desktop
 OSType: linux
 Architecture: x86_64
 CPUs: 4
 Total Memory: 7.649GiB
 Name: docker-desktop
 ID: bd414c6b-a391-41c8-9560-cbfc52f7f58d
 Docker Root Dir: /var/lib/docker
 Debug Mode: false
 HTTP Proxy: http.docker.internal:3128
 HTTPS Proxy: http.docker.internal:3128
 No Proxy: hubproxy.docker.internal
 Labels:
  com.docker.desktop.address=npipe://\\.\pipe\docker_cli
 Experimental: false
 Insecure Registries:
  hubproxy.docker.internal:5555
  ::1/128
  127.0.0.0/8
 Live Restore Enabled: false

 | component=conftest subcomponent=run_command
2025-05-15 14:33:51.373 [INFO] [INFO] conftest - run_command -  Command error: WARNING: No blkio throttle.read_bps_device support
WARNING: No blkio throttle.write_bps_device support
WARNING: No blkio throttle.read_iops_device support
WARNING: No blkio throttle.write_iops_device support
WARNING: DOCKER_INSECURE_NO_IPTABLES_RAW is set
WARNING: daemon is not using the default seccomp profile
 | component=conftest subcomponent=run_command
2025-05-15 14:33:51.374 [INFO] [INFO] conftest - setup_test_environment -  Found Docker Compose file for c:\Users\Phil\Desktop\Projects\shared-libs\python\queue\tests\test_queue_system.py: c:\Users\Phil\Desktop\Projects\shared-libs\python\queue\tests\docker-compose.yml | component=conftest subcomponent=setup_test_environment
2025-05-15 14:33:51.378 [INFO] [INFO] conftest - setup_test_environment -  Detected the following services in c:\Users\Phil\Desktop\Projects\shared-libs\python\queue\tests\docker-compose.yml: | component=conftest subcomponent=setup_test_environment
2025-05-15 14:33:51.380 [INFO] [INFO] conftest - setup_test_environment -    - redis: {}:localhost (container port: 6379) | component=conftest subcomponent=setup_test_environment
2025-05-15 14:33:51.381 [INFO] [INFO] conftest - run_command -  Running command: docker-compose -f c:\Users\Phil\Desktop\Projects\shared-libs\python\queue\tests\docker-compose.yml -p test-queue up -d | component=conftest subcomponent=run_command
2025-05-15 14:33:51.715 [INFO] [INFO] conftest - run_command -  Command error: time="2025-05-15T14:33:51+01:00" level=warning msg="c:\\Users\\Phil\\Desktop\\Projects\\shared-libs\\python\\queue\\tests\\docker-compose.yml: the attribute `version` is obsolete, it will be ignored, please remove it to avoid potential confusion"
 Container test-queue-redis-1  Running
 | component=conftest subcomponent=run_command
2025-05-15 14:33:51.716 [INFO] [INFO] services - wait_for_service -  Waiting for redis to be ready at localhost:6379... | component=services subcomponent=wait_for_service
2025-05-15 14:33:51.725 [INFO] [INFO] services - wait_for_service -  TCP connection to localhost:6379 successful | component=services subcomponent=wait_for_service
2025-05-15 14:33:51.736 [INFO] [INFO] services - wait_for_service -  redis at localhost:6379 is ready! | component=services subcomponent=wait_for_service
2025-05-15 14:33:57.285 [INFO] [INFO] conftest - setup_test_environment -  Tearing down test environment... | component=conftest subcomponent=setup_test_environment
2025-05-15 14:33:57.288 [INFO] [INFO] conftest - run_command -  Running command:  | component=conftest subcomponent=run_command
